----SAD----
mult3x3.txt  Max gates: inf
  Graph:     1x35    Lback: 35
  Function set: id, and, or, xor, not, nand, nor, nxor
  Mutations: 2   Gnerations:15000000   Population:5
  Runs cnt:  30
  Max fit:   384
Results
  Best chromosome:  {6,6,1,35,2,1,35}(5,2,1)(4,1,1)(7,1,0)(6,7,2)(5,1,5)(0,4,5)(1,3,5)(11,12,1)(7,6,5)(5,0,5)(0,3,1)(16,4,6)(4,2,1)(13,14,1)(12,3,4)(2,3,1)(12,20,2)(8,3,4)(16,9,5)(21,15,7)(25,7,5)(10,18,7)(19,26,3)(7,14,5)(28,24,7)(22,8,4)(29,25,7)(19,24,6)(14,16,5)(34,26,5)(4,29,1)(33,35,3)(30,9,4)(2,3,4)(8,3,5)(33,37,30,32,27,6)
    Fitness:  -10
    Used nodes: 25
    Functionality: 100.0%
        |   0    1    2    3    4    5    6    7  
    ----+-----------------------------------------
      0 |   0    0    0    0    0    0    0    0  
      1 |   0    0    0    0    0    0    0    0  
      2 |   0    0    0    0    0    0    0    0  
      3 |   0    0    0    0    0    0    0    0  
      4 |   0    0    0    0    0    0    0    0  
      5 |   0    0    0    0    0    0    0    0  
      6 |   0    0    0    0    0    0    0    0  
      7 |   0    0    0    0    0    0    0    0  
  Average values of 2 similar solutions:
    Found in gen:  8822431.0 generation
  Used nodes:    1.6666666666666667
  Functionality: 6.666666666666667 %
  Min best fitness:      -10
  Average fitness:       6.233333333333333
  Average elapsed time:  74.43333333333334 s 


mult3x3.txt  Max gates: 24
  Graph:     1x35    Lback: 35
  Function set: id, and, or, xor, not, nand, nor, nxor
  Mutations: 2   Gnerations:15000000   Population:5
  Runs cnt:  30
  Max fit:   384
Results
  Best chromosome:  {6,6,1,35,2,1,35}(2,5,1)(2,3,5)(1,4,5)(1,5,1)(0,4,5)(1,3,5)(4,2,5)(5,0,5)(1,0,4)(13,7,7)(8,6,2)(12,9,7)(12,1,7)(6,16,7)(15,16,3)(0,3,1)(11,11,1)(10,11,1)(15,8,6)(21,24,3)(15,4,6)(19,21,1)(23,27,7)(22,16,0)(7,12,6)(28,23,6)(24,28,3)(27,18,5)(33,25,1)(31,7,4)(5,19,6)(2,20,3)(29,21,0)(32,27,5)(25,8,1)(31,34,32,20,17,6)
    Fitness:  8
    Used nodes: 24
    Functionality: 99.10714285714286%
        |   0    1    2    3    4    5    6    7  
    ----+-----------------------------------------
      0 |   0    0    0    0    0    0    0    0  
      1 |   0    0    0    0    0    0    0    0  
      2 |   0    0    0    0    0    0    0    0  
      3 |   0    0    0   -8    0    0    0    0  
      4 |   0    0    0    0    0    0    0    0  
      5 |   0    0    0    0    0    0    0    0  
      6 |   0    0    0    0    0    0    0    0  
      7 |   0    0    0    0    0    0    0    0  
  Average values of 2 similar solutions:
    Found in gen:  11129628.5 generation
  Used nodes:    1.6
  Functionality: 6.607142857142858 %
  Min best fitness:      8
  Average fitness:       68.0
  Average elapsed time:  67.63333333333334 s 


mult3x3.txt  Max gates: 23
  Graph:     1x35    Lback: 35
  Function set: id, and, or, xor, not, nand, nor, nxor
  Mutations: 2   Gnerations:15000000   Population:5
  Runs cnt:  30
  Max fit:   384
Results
  Best chromosome:  {6,6,1,35,2,1,35}(4,1,5)(1,5,0)(2,5,1)(2,4,5)(8,6,2)(1,5,5)(0,1,3)(3,0,1)(11,9,3)(5,0,1)(2,3,1)(11,13,0)(16,15,7)(14,18,5)(6,19,5)(10,18,3)(20,21,5)(13,19,5)(23,22,1)(4,3,3)(8,24,6)(25,12,5)(4,16,4)(27,26,7)(10,19,6)(4,7,6)(10,24,3)(20,13,1)(3,23,7)(13,29,4)(9,10,4)(0,22,7)(28,3,0)(27,32,3)(1,2,3)(33,32,29,21,14,8)
    Fitness:  8
    Used nodes: 23
    Functionality: 99.10714285714286%
        |   0    1    2    3    4    5    6    7  
    ----+-----------------------------------------
      0 |   0    0    0    0    0    0    0    0  
      1 |   0    0    0    0    0    0    0    0  
      2 |   0    0    0    0    0    0    0    0  
      3 |   0    0    0    0    0    0    0    0  
      4 |   0    0    0    0    0    0    0    0  
      5 |   0    0    0    0    0    0    0    0  
      6 |   0    0    0    0    0    0    8    0  
      7 |   0    0    0    0    0    0    0    0  
  Used nodes:    0.7666666666666667
  Functionality: 3.303571428571429 %
  Min best fitness:      8
  Average fitness:       71.3
  Average elapsed time:  65.7 s 


mult3x3.txt  Max gates: 22
  Graph:     1x35    Lback: 35
  Function set: id, and, or, xor, not, nand, nor, nxor
  Mutations: 2   Gnerations:15000000   Population:5
  Runs cnt:  30
  Max fit:   384
Results
  Best chromosome:  {6,6,1,35,2,1,35}(1,3,1)(5,1,1)(0,5,5)(0,4,1)(2,3,1)(8,10,7)(2,5,1)(2,4,1)(3,0,5)(13,7,3)(1,4,1)(16,16,7)(16,12,6)(9,16,7)(9,6,2)(17,14,0)(16,4,4)(11,16,5)(16,18,7)(18,14,6)(18,11,7)(20,25,1)(14,23,1)(27,28,7)(23,25,3)(29,4,0)(20,30,7)(2,26,6)(12,26,3)(8,14,7)(33,25,5)(1,31,1)(20,28,1)(17,20,2)(14,9,3)(27,29,32,34,15,12)
    Fitness:  24
    Used nodes: 22
    Functionality: 97.32142857142857%
        |   0    1    2    3    4    5    6    7  
    ----+-----------------------------------------
      0 |   0    0    0    0    0    0    0    0  
      1 |   0    0    0    0    0    0    0    0  
      2 |   0    0    0    0    0    0    0    0  
      3 |   0    0    0   -8    0    0    0    0  
      4 |   0    0    0    0    0    0    0    0  
      5 |   0    0    0    0    0    0    0    0  
      6 |   0    0    0    0    0    0    0    0  
      7 |   0    0    0    0    0    0    0  -16  
  Used nodes:    0.7333333333333333
  Functionality: 3.244047619047619 %
  Min best fitness:      24
  Average fitness:       93.6
  Average elapsed time:  63.6 s 


mult3x3.txt  Max gates: 21
  Graph:     1x35    Lback: 35
  Function set: id, and, or, xor, not, nand, nor, nxor
  Mutations: 2   Gnerations:15000000   Population:5
  Runs cnt:  30
  Max fit:   384
Results
  Best chromosome:  {6,6,1,35,2,1,35}(3,2,5)(4,1,1)(5,0,1)(2,4,5)(3,0,1)(5,1,5)(8,6,7)(8,7,6)(5,2,1)(12,7,3)(9,11,3)(15,13,6)(12,2,6)(12,16,2)(15,19,3)(11,14,2)(20,17,1)(1,3,1)(4,0,1)(23,24,7)(20,16,7)(22,10,3)(1,26,2)(25,17,7)(10,20,1)(23,19,5)(2,0,0)(2,5,7)(14,28,4)(30,16,2)(8,8,0)(7,8,6)(1,10,5)(34,37,5)(9,27,6)(30,27,29,15,16,14)
    Fitness:  40
    Used nodes: 21
    Functionality: 96.42857142857143%
        |   0    1    2    3    4    5    6    7  
    ----+-----------------------------------------
      0 |   0    0    0    0    0    0    0    0  
      1 |   0    0    0    0    0    0    0    0  
      2 |   0    0    0    0    0    0    0    0  
      3 |   0    0    0   -4    0    0    0   -4  
      4 |   0    0    0    0    0    0    0    0  
      5 |   0    0    0    0    0    0    0    0  
      6 |   0    0    0    0    0    0   16    0  
      7 |   0    0    0   -4    0    0    0    4  
  Used nodes:    0.7
  Functionality: 3.2142857142857144 %
  Min best fitness:      40
  Average fitness:       110.8
  Average elapsed time:  62.36666666666667 s 


mult3x3.txt  Max gates: 20
  Graph:     1x35    Lback: 35
  Function set: id, and, or, xor, not, nand, nor, nxor
  Mutations: 2   Gnerations:15000000   Population:5
  Runs cnt:  30
  Max fit:   384
Results
  Best chromosome:  {6,6,1,35,2,1,35}(1,4,1)(0,3,1)(2,3,1)(5,2,1)(5,0,1)(3,1,1)(5,8,5)(10,8,3)(13,6,6)(13,9,7)(4,0,1)(2,4,1)(6,9,2)(3,16,3)(7,18,1)(11,16,2)(7,4,3)(13,6,5)(21,20,3)(1,5,5)(24,23,7)(15,18,7)(17,25,7)(22,6,1)(7,23,7)(3,0,0)(17,8,7)(8,5,5)(1,15,5)(2,14,5)(17,7,6)(14,23,4)(27,24,5)(15,38,1)(8,18,4)(20,30,26,27,28,9)
    Fitness:  88
    Used nodes: 20
    Functionality: 90.17857142857143%
        |   0    1    2    3    4    5    6    7  
    ----+-----------------------------------------
      0 |   0    0    0    0    0    0    0    0  
      1 |   0    0    0    0    0    0    0    0  
      2 |   0    0    0    0    0    0    0    0  
      3 |   0    0    0   -8    0    0    0    0  
      4 |   0    0    0    0    0    0    0    0  
      5 |   0    0    0    0    0   32    0   16  
      6 |   0    0    0    0    0    0   16    0  
      7 |   0    0    0    0    0   16    0    0  
  Used nodes:    0.6666666666666666
  Functionality: 3.005952380952381 %
  Min best fitness:      88
  Average fitness:       142.13333333333333
  Average elapsed time:  62.3 s 


mult3x3.txt  Max gates: 19
  Graph:     1x35    Lback: 35
  Function set: id, and, or, xor, not, nand, nor, nxor
  Mutations: 2   Gnerations:15000000   Population:5
  Runs cnt:  30
  Max fit:   384
Results
  Best chromosome:  {6,6,1,35,2,1,35}(4,2,5)(2,3,5)(0,3,5)(0,5,1)(1,4,5)(0,4,5)(10,7,7)(9,12,7)(2,5,1)(1,3,5)(15,11,7)(16,12,6)(5,17,5)(5,11,1)(10,18,1)(13,1,5)(13,20,6)(22,10,4)(0,14,3)(6,18,5)(20,21,5)(20,8,6)(10,17,0)(20,15,4)(16,22,7)(30,25,1)(22,8,7)(22,21,7)(11,19,6)(15,15,7)(34,31,6)(13,32,2)(16,18,3)(13,30,1)(29,10,3)(27,32,30,13,25,14)
    Fitness:  72
    Used nodes: 19
    Functionality: 94.19642857142857%
        |   0    1    2    3    4    5    6    7  
    ----+-----------------------------------------
      0 |   0    0    0    0    0    0    0    0  
      1 |   0    0    0    0    0    0    0    0  
      2 |   0   -2    0   -2    0   -2    0    0  
      3 |   0   -2    0   -2    0    0    0   -2  
      4 |   0    0    0    0    0    0    0    0  
      5 |   0    0    0    0    0   -8    0    0  
      6 |   0   -2    0    0    0   -2   16   -2  
      7 |   0   -2    0   -2    0    0    0    6  
  Used nodes:    0.6333333333333333
  Functionality: 3.139880952380952 %
  Min best fitness:      72
  Average fitness:       152.0
  Average elapsed time:  58.93333333333333 s 


mult3x3.txt  Max gates: 18
  Graph:     1x35    Lback: 35
  Function set: id, and, or, xor, not, nand, nor, nxor
  Mutations: 2   Gnerations:15000000   Population:5
  Runs cnt:  30
  Max fit:   384
Results
  Best chromosome:  {6,6,1,35,2,1,35}(5,2,1)(6,3,3)(3,1,1)(4,0,1)(0,0,7)(1,3,7)(6,0,6)(0,5,1)(1,4,1)(5,11,2)(3,2,1)(0,3,5)(8,9,3)(16,11,3)(18,6,1)(20,14,7)(2,8,6)(13,16,3)(21,6,6)(14,23,1)(17,25,3)(6,14,0)(15,20,3)(23,24,3)(21,17,6)(28,16,4)(30,26,6)(25,18,3)(14,22,2)(0,6,5)(0,25,2)(10,31,6)(9,25,5)(36,15,0)(10,26,3)(30,32,33,29,24,6)
    Fitness:  88
    Used nodes: 18
    Functionality: 91.07142857142857%
        |   0    1    2    3    4    5    6    7  
    ----+-----------------------------------------
      0 |   0    0    0    0    0    0    0    0  
      1 |   0    0   -2   -2    0    0   -2   -2  
      2 |   0   -2    2    0    0   -2    2    0  
      3 |   0   -2    0   -8    0   -2    0    0  
      4 |   0    0    0    0    0    0    0    0  
      5 |   0    0   -2   -2    0   -8   -2    6  
      6 |   0   -2    2    0    0   -2    2    0  
      7 |   0   -2    0    0    0    6    0  -16  
  Used nodes:    0.6
  Functionality: 3.0357142857142856 %
  Min best fitness:      88
  Average fitness:       163.46666666666667
  Average elapsed time:  56.333333333333336 s 


mult3x3.txt  Max gates: 17
  Graph:     1x35    Lback: 35
  Function set: id, and, or, xor, not, nand, nor, nxor
  Mutations: 2   Gnerations:15000000   Population:5
  Runs cnt:  30
  Max fit:   384
Results
  Best chromosome:  {6,6,1,35,2,1,35}(0,4,1)(4,1,5)(2,4,1)(3,1,5)(2,3,1)(5,0,1)(0,3,5)(4,3,3)(0,9,0)(13,1,0)(1,3,4)(6,9,3)(2,0,5)(7,11,3)(19,9,2)(10,11,6)(19,10,7)(22,21,2)(5,2,1)(19,10,6)(0,6,0)(17,23,3)(27,0,7)(7,23,1)(8,29,1)(12,23,3)(23,22,1)(3,18,7)(29,12,6)(9,17,3)(20,8,7)(3,23,6)(35,31,5)(36,35,0)(32,0,2)(34,31,27,22,8,24)
    Fitness:  120
    Used nodes: 17
    Functionality: 92.41071428571429%
        |   0    1    2    3    4    5    6    7  
    ----+-----------------------------------------
      0 |   0    0    0    0    0    0    0    0  
      1 |   0    0    0    0    0    0    0    0  
      2 |   0   -2    0   -2    0   -2    0   -2  
      3 |   0   -2    0   -2    0   -2    0   -2  
      4 |   0    0    0    0    0    0    0    0  
      5 |   0    0    0    0    0   16    0    0  
      6 |   0   -2    0   -2    0   -2   16   -2  
      7 |   0   -2    0   -2    0   -2    0    6  
  Used nodes:    0.5666666666666667
  Functionality: 3.0803571428571432 %
  Min best fitness:      120
  Average fitness:       181.53333333333333
  Average elapsed time:  55.63333333333333 s 


mult3x3.txt  Max gates: 16
  Graph:     1x35    Lback: 35
  Function set: id, and, or, xor, not, nand, nor, nxor
  Mutations: 2   Gnerations:15000000   Population:5
  Runs cnt:  30
  Max fit:   384
Results
  Best chromosome:  {6,6,1,35,2,1,35}(2,3,1)(2,3,3)(1,4,1)(0,5,5)(0,3,1)(5,2,1)(6,9,3)(4,0,5)(8,13,3)(0,12,4)(8,12,7)(7,12,3)(6,16,2)(4,1,2)(10,8,7)(19,10,5)(3,7,3)(6,5,6)(18,19,1)(24,12,1)(24,20,0)(10,8,2)(20,25,6)(21,28,6)(25,23,7)(23,10,5)(25,21,7)(19,8,4)(6,1,6)(16,12,3)(23,8,4)(33,36,1)(19,8,1)(32,15,7)(8,28,5)(29,28,32,16,24,11)
    Fitness:  166
    Used nodes: 16
    Functionality: 84.15178571428572%
        |   0    1    2    3    4    5    6    7  
    ----+-----------------------------------------
      0 |   0    0    0    0    0    0    0    0  
      1 |   0    0   -2   -2    0    0    0    0  
      2 |   0   -2   10    8   -8  -10    2    0  
      3 |   0   -2    8    6   -6   -8    0   -2  
      4 |   0    0   -8   -6    0    0    0    2  
      5 |   0    0  -10   -8    0   -8    0    0  
      6 |   0    0    2   -2    0    0    2   -2  
      7 |   0    0    0   -4    2    0    0  -10  
  Used nodes:    0.5333333333333333
  Functionality: 2.805059523809524 %
  Min best fitness:      166
  Average fitness:       214.53333333333333
  Average elapsed time:  53.7 s 


mult3x3.txt  Max gates: 15
  Graph:     1x35    Lback: 35
  Function set: id, and, or, xor, not, nand, nor, nxor
  Mutations: 2   Gnerations:15000000   Population:5
  Runs cnt:  30
  Max fit:   384
Results
  Best chromosome:  {6,6,1,35,2,1,35}(0,5,5)(2,4,3)(4,1,1)(0,3,1)(3,2,1)(6,10,3)(5,2,1)(1,3,5)(6,10,5)(11,8,7)(8,8,4)(15,11,6)(9,17,3)(8,13,4)(8,12,2)(2,9,5)(4,0,1)(4,11,3)(20,9,1)(22,13,3)(5,24,4)(6,18,0)(19,20,5)(2,17,0)(20,27,3)(23,16,6)(15,6,0)(9,13,2)(25,17,7)(11,12,6)(5,29,5)(6,21,3)(14,36,6)(6,3,1)(24,17,0)(24,18,34,15,20,12)
    Fitness:  168
    Used nodes: 15
    Functionality: 85.26785714285714%
        |   0    1    2    3    4    5    6    7  
    ----+-----------------------------------------
      0 |   0    0    0    0    0    0    0    0  
      1 |   0    2   -2    0    0    2   -2    0  
      2 |   0   -2    2    0    0   -2    2    0  
      3 |   0    0    0   -2    0    0    0   -2  
      4 |   0    0    0    0    0    0    0    0  
      5 |   0    2   -2    0    0   26   -2   24  
      6 |   0   -2    2    0    0   -2   18    0  
      7 |   0    0    0   -2    0   24    0    6  
  Used nodes:    0.5
  Functionality: 2.8422619047619047 %
  Min best fitness:      168
  Average fitness:       226.76666666666668
  Average elapsed time:  51.03333333333333 s 


mult3x3.txt  Max gates: 14
  Graph:     1x35    Lback: 35
  Function set: id, and, or, xor, not, nand, nor, nxor
  Mutations: 2   Gnerations:15000000   Population:5
  Runs cnt:  30
  Max fit:   384
Results
  Best chromosome:  {6,6,1,35,2,1,35}(1,3,1)(3,0,1)(4,1,1)(3,6,0)(0,4,1)(5,0,1)(6,10,7)(2,3,1)(5,2,1)(11,13,3)(9,15,1)(15,8,5)(7,17,0)(5,5,1)(7,17,7)(14,8,2)(11,12,4)(7,7,7)(6,12,4)(4,14,5)(6,7,0)(18,11,2)(21,7,1)(26,7,3)(12,17,3)(8,23,5)(10,23,3)(20,17,6)(3,19,1)(20,22,1)(0,15,7)(0,1,3)(0,26,0)(1,1,4)(30,17,5)(28,20,30,15,21,14)
    Fitness:  200
    Used nodes: 14
    Functionality: 82.14285714285714%
        |   0    1    2    3    4    5    6    7  
    ----+-----------------------------------------
      0 |   0    0    0    0    0    0    0    0  
      1 |   0    2   -2    0    0    2   -2    0  
      2 |   0   -2   -2   -4    0   -2   -2   -4  
      3 |   0    0   -4   -6    0    0    4    2  
      4 |   0    0    0    0    0    0    0    0  
      5 |   0    2   -2    0    0   26   -2   24  
      6 |   0   -2   -2    4    0   -2   14    4  
      7 |   0    0   -4    2    0   24    4    2  
  Used nodes:    0.4666666666666667
  Functionality: 2.738095238095238 %
  Min best fitness:      200
  Average fitness:       250.9
  Average elapsed time:  48.93333333333333 s 


mult3x3.txt  Max gates: 13
  Graph:     1x35    Lback: 35
  Function set: id, and, or, xor, not, nand, nor, nxor
  Mutations: 2   Gnerations:15000000   Population:5
  Runs cnt:  30
  Max fit:   384
Results
  Best chromosome:  {6,6,1,35,2,1,35}(4,1,5)(3,0,5)(2,5,1)(1,3,5)(4,0,1)(0,2,6)(9,10,7)(3,4,2)(8,12,1)(5,0,1)(0,14,6)(6,14,7)(17,14,0)(6,7,7)(9,2,4)(17,2,0)(7,4,1)(17,19,6)(14,8,6)(11,5,5)(1,0,7)(18,1,6)(1,7,7)(7,23,6)(9,20,5)(17,15,3)(8,16,1)(8,7,0)(11,19,0)(29,30,7)(24,18,1)(3,30,0)(25,32,0)(17,6,3)(37,29,4)(29,23,12,31,17,8)
    Fitness:  220
    Used nodes: 13
    Functionality: 84.375%
        |   0    1    2    3    4    5    6    7  
    ----+-----------------------------------------
      0 |   0    0    0    0    0    0    0    0  
      1 |   0    0   -2   -2   -4   -4   -6   -6  
      2 |   0   -2    2    0    0   -2    2    0  
      3 |   0   -2    0   -2   -4    0   -4    4  
      4 |   0    0    0    0    0    0    0    0  
      5 |   0    0   -2   -4   -4   -4   -6    8  
      6 |   0   -2    2   -8    0   -2    2   -8  
      7 |   0   -2    0    8   -4    8   -4  -14  
  Used nodes:    0.43333333333333335
  Functionality: 2.8125 %
  Min best fitness:      220
  Average fitness:       268.3
  Average elapsed time:  47.2 s 


mult3x3.txt  Max gates: 12
  Graph:     1x35    Lback: 35
  Function set: id, and, or, xor, not, nand, nor, nxor
  Mutations: 2   Gnerations:15000000   Population:5
  Runs cnt:  30
  Max fit:   384
Results
  Best chromosome:  {6,6,1,35,2,1,35}(4,0,1)(3,0,5)(0,6,3)(1,3,1)(5,9,5)(4,1,5)(2,5,1)(0,5,5)(12,13,5)(11,0,6)(9,6,3)(1,16,6)(16,16,6)(2,0,7)(13,9,1)(20,10,5)(6,21,2)(16,12,5)(0,16,2)(16,7,4)(22,22,3)(22,23,2)(11,10,0)(23,11,3)(29,7,6)(30,7,7)(14,26,2)(24,21,1)(29,13,7)(18,15,4)(24,5,3)(32,10,0)(28,27,2)(12,5,5)(12,16,4)(31,30,16,34,29,12)
    Fitness:  252
    Used nodes: 12
    Functionality: 83.48214285714286%
        |   0    1    2    3    4    5    6    7  
    ----+-----------------------------------------
      0 |   0    0    0    0    0    0    0    0  
      1 |   0    0   -2   -2   -4   -4   -6   -6  
      2 |   0   -2    2    0    0   -2    2    0  
      3 |   0   -2    0   -2   -4    0   -4  -12  
      4 |   0    0    0    0    0    0    0    0  
      5 |   0    0   -2   -4   -4   -4   -6    8  
      6 |   0   -2    2   -8    0   -2    2   -8  
      7 |   0   -2    0   -8   -4    8   -4  -14  
  Used nodes:    0.4
  Functionality: 2.7827380952380953 %
  Min best fitness:      252
  Average fitness:       294.2
  Average elapsed time:  46.2 s 


mult3x3.txt  Max gates: 11
  Graph:     1x35    Lback: 35
  Function set: id, and, or, xor, not, nand, nor, nxor
  Mutations: 2   Gnerations:15000000   Population:5
  Runs cnt:  30
  Max fit:   384
Results
  Best chromosome:  {6,6,1,35,2,1,35}(2,5,1)(2,4,1)(6,2,7)(3,0,1)(3,8,3)(1,3,1)(1,7,1)(8,1,0)(6,9,5)(3,13,2)(4,0,5)(11,16,7)(9,11,1)(15,16,0)(11,17,2)(16,1,5)(15,8,5)(17,14,1)(19,21,7)(8,7,3)(9,16,4)(11,10,6)(15,12,2)(20,23,3)(29,9,3)(29,8,0)(24,1,2)(14,18,2)(11,24,0)(32,8,6)(10,5,5)(23,5,7)(18,19,4)(31,5,6)(5,1,7)(29,30,23,23,7,6)
    Fitness:  264
    Used nodes: 11
    Functionality: 81.69642857142857%
        |   0    1    2    3    4    5    6    7  
    ----+-----------------------------------------
      0 |   0    0    0    0    0    0    0    0  
      1 |   0    0    0    0   -4   -4   -4   -4  
      2 |   0   -2   -4   -6    4    2    0   -2  
      3 |   0   -2   -4   -6    0   -2   -4   -6  
      4 |   0   -4    4    0    0   -4    4    0  
      5 |   0   -4    4    0   -4   -8    0    0  
      6 |   0   -6    0   -6    4   -2   -4  -10  
      7 |   0   -6    0   -6    0   -2   -8  -14  
  Used nodes:    0.36666666666666664
  Functionality: 2.7232142857142856 %
  Min best fitness:      264
  Average fitness:       320.8
  Average elapsed time:  44.1 s 


mult3x3.txt  Max gates: 10
  Graph:     1x35    Lback: 35
  Function set: id, and, or, xor, not, nand, nor, nxor
  Mutations: 2   Gnerations:15000000   Population:5
  Runs cnt:  30
  Max fit:   384
Results
  Best chromosome:  {6,6,1,35,2,1,35}(4,5,2)(5,4,1)(3,1,5)(0,4,1)(8,9,7)(0,1,5)(1,10,4)(3,0,5)(9,0,5)(3,7,4)(5,0,6)(14,12,5)(2,5,1)(4,1,1)(9,15,6)(14,10,2)(6,15,6)(7,17,6)(22,21,6)(18,10,1)(13,0,7)(25,19,3)(9,23,4)(11,10,6)(27,13,6)(4,5,7)(30,13,6)(27,11,6)(26,32,2)(19,20,2)(24,32,7)(36,20,4)(24,1,1)(7,2,3)(0,24,1)(32,30,10,19,27,18)
    Fitness:  292
    Used nodes: 10
    Functionality: 80.80357142857143%
        |   0    1    2    3    4    5    6    7  
    ----+-----------------------------------------
      0 |   0    0    0    0    0    0    0    0  
      1 |   0    0   -2   -2   -4   -4   -6   -6  
      2 |   0   -2    2    0    0   -2    2    0  
      3 |   0   -2    0   -2   -4   -4   -4   -8  
      4 |   0   -4    0   -4    0   -4    0   -4  
      5 |   0   -4   -2   -4   -4   -8   -6    8  
      6 |   0   -6    2   -4    0   -6    2   -4  
      7 |   0   -6    0   -8   -4    8   -4  -10  
  Used nodes:    0.3333333333333333
  Functionality: 2.693452380952381 %
  Min best fitness:      292
  Average fitness:       341.8
  Average elapsed time:  41.7 s 


mult3x3.txt  Max gates: 9
  Graph:     1x35    Lback: 35
  Function set: id, and, or, xor, not, nand, nor, nxor
  Mutations: 2   Gnerations:15000000   Population:5
  Runs cnt:  30
  Max fit:   384
Results
  Best chromosome:  {6,6,1,35,2,1,35}(5,2,1)(5,1,1)(1,3,5)(6,4,2)(0,9,5)(2,8,3)(5,0,2)(8,4,5)(8,10,6)(13,14,0)(0,15,5)(3,12,3)(3,0,5)(5,16,4)(8,18,1)(16,12,6)(18,14,7)(17,20,7)(15,6,2)(8,21,4)(7,11,1)(8,10,3)(14,8,7)(7,16,0)(4,12,2)(12,14,4)(31,2,2)(27,8,3)(31,26,2)(11,8,3)(0,26,1)(6,6,1)(36,30,7)(34,19,3)(25,23,2)(14,22,27,27,7,6)
    Fitness:  328
    Used nodes: 9
    Functionality: 80.80357142857143%
        |   0    1    2    3    4    5    6    7  
    ----+-----------------------------------------
      0 |   0    0    0    0    0    0    0    0  
      1 |   0    0   -2   -2   -4   -4   -6   -6  
      2 |   0    0   -4   -4    4    4    0    0  
      3 |   0    0   -6   -6    0    0   -6   -6  
      4 |   0   -4    4    0    0   -4    4    0  
      5 |   0    8    2   -2   -4    4   -2   -6  
      6 |   0   -4    0   -4    4    0   -4   -8  
      7 |   0    8   -2   -6    0    0  -10  -14  
  Average values of 2 similar solutions:
    Found in gen:  5442727.5 generation
  Used nodes:    0.6
  Functionality: 5.0 %
  Min best fitness:      328
  Average fitness:       366.1333333333333
  Average elapsed time:  40.3 s 


mult3x3.txt  Max gates: 8
  Graph:     1x35    Lback: 35
  Function set: id, and, or, xor, not, nand, nor, nxor
  Mutations: 2   Gnerations:15000000   Population:5
  Runs cnt:  30
  Max fit:   384
Results
  Best chromosome:  {6,6,1,35,2,1,35}(2,5,1)(3,0,5)(4,0,1)(8,7,0)(1,6,2)(2,4,7)(10,3,1)(8,12,1)(7,3,7)(3,12,2)(9,1,2)(9,0,4)(7,13,6)(11,8,1)(1,6,0)(11,19,4)(4,0,7)(12,8,3)(21,11,0)(6,15,2)(20,11,2)(20,0,7)(8,16,7)(17,6,3)(16,8,7)(25,26,4)(0,23,2)(26,7,5)(3,17,4)(5,1,5)(31,20,4)(27,13,6)(17,30,7)(25,18,6)(16,16,6)(13,18,23,23,13,6)
    Fitness:  342
    Used nodes: 8
    Functionality: 79.24107142857143%
        |   0    1    2    3    4    5    6    7  
    ----+-----------------------------------------
      0 |   0    0    0    0    0    0    0    0  
      1 |   0    0   -2   -2   -4    8   -6    6  
      2 |   0   -2   -4   -6    4    2    0   -2  
      3 |   0   -2   -6   -8    0   -2   -6   -8  
      4 |   0   -4    4    0    0   -4    4    0  
      5 |   0   -4    2   -2   -4    4   -2    0  
      6 |   0   -6    0   -6    4   -2   -2   -8  
      7 |   0   -6   -2   -8    0   -6   -8  -14  
  Used nodes:    0.26666666666666666
  Functionality: 2.641369047619048 %
  Min best fitness:      342
  Average fitness:       386.53333333333336
  Average elapsed time:  38.766666666666666 s 


mult3x3.txt  Max gates: 7
  Graph:     1x35    Lback: 35
  Function set: id, and, or, xor, not, nand, nor, nxor
  Mutations: 2   Gnerations:15000000   Population:5
  Runs cnt:  30
  Max fit:   384
Results
  Best chromosome:  {6,6,1,35,2,1,35}(0,3,5)(1,4,1)(4,1,0)(2,3,2)(5,2,1)(6,1,6)(7,10,6)(4,7,3)(9,5,1)(4,10,4)(5,3,4)(3,4,1)(10,7,2)(18,6,7)(15,8,0)(6,18,6)(2,7,7)(9,6,6)(14,22,1)(15,6,7)(22,1,4)(6,19,6)(3,23,0)(14,0,5)(1,28,4)(22,29,7)(23,18,5)(4,29,5)(1,29,5)(20,6,4)(25,34,5)(35,36,7)(37,17,1)(4,5,6)(25,24,2)(27,21,21,19,18,10)
    Fitness:  384
    Used nodes: 7
    Functionality: 68.30357142857143%
        |   0    1    2    3    4    5    6    7  
    ----+-----------------------------------------
      0 |   0    0    0    0    0    0    0    0  
      1 |   0    6   -2    4   -4    2   -6    0  
      2 |   0   -2    2    0   -8  -10   -6   -8  
      3 |   0    4    0   -2  -12   -8  -12  -14  
      4 |   0   -4   -8  -12   12    8    4    0  
      5 |   0    2  -10   -8    8   10   -2    0  
      6 |   0   -6   -6  -12    4   -2   -2   -8  
      7 |   0    0   -8  -14    0    0   -8  -14  
  Average values of 2 similar solutions:
    Found in gen:  5062158.5 generation
  Used nodes:    0.4666666666666667
  Functionality: 4.553571428571429 %
  Min best fitness:      384
  Average fitness:       411.43333333333334
  Average elapsed time:  37.5 s 


mult3x3.txt  Max gates: 6
  Graph:     1x35    Lback: 35
  Function set: id, and, or, xor, not, nand, nor, nxor
  Mutations: 2   Gnerations:15000000   Population:5
  Runs cnt:  30
  Max fit:   384
Results
  Best chromosome:  {6,6,1,35,2,1,35}(4,1,4)(5,1,2)(0,7,2)(1,4,1)(3,0,1)(7,8,0)(4,2,2)(11,8,6)(12,10,4)(11,8,1)(2,5,1)(7,9,3)(6,2,4)(9,16,2)(17,10,3)(11,7,3)(19,4,2)(3,15,6)(0,23,5)(10,19,1)(15,17,4)(18,5,6)(10,25,3)(2,20,4)(8,15,2)(5,3,0)(22,31,6)(24,22,6)(12,32,3)(7,17,1)(13,25,3)(22,2,7)(8,1,6)(25,27,2)(7,18,7)(25,28,28,19,19,16)
    Fitness:  416
    Used nodes: 6
    Functionality: 68.75%
        |   0    1    2    3    4    5    6    7  
    ----+-----------------------------------------
      0 |   0    0    0    0    0    0    0    0  
      1 |   0    6   -2    4   -4    2   -6    0  
      2 |   0   -2    2    0   -8  -10   -6   -8  
      3 |   0    4    0   -2  -12   -8  -12  -14  
      4 |   0   -4   -8  -12    8    4    0   -4  
      5 |   0    2  -10   -8    4   14   -6    4  
      6 |   0   -6   -6  -12    0   -6    2   -4  
      7 |   0    0   -8  -14   -4    4   -4  -10  
  Average values of 2 similar solutions:
    Found in gen:  13699305.5 generation
  Used nodes:    0.4
  Functionality: 4.918154761904762 %
  Min best fitness:      416
  Average fitness:       442.2
  Average elapsed time:  35.43333333333333 s 


mult3x3.txt  Max gates: 5
  Graph:     1x35    Lback: 35
  Function set: id, and, or, xor, not, nand, nor, nxor
  Mutations: 2   Gnerations:15000000   Population:5
  Runs cnt:  30
  Max fit:   384
Results
  Best chromosome:  {6,6,1,35,2,1,35}(4,0,1)(4,6,2)(3,1,1)(0,0,4)(7,3,0)(3,3,0)(11,11,3)(7,6,2)(7,11,4)(14,4,7)(3,15,6)(6,8,1)(6,9,0)(16,12,5)(8,6,3)(13,9,0)(8,12,2)(7,4,7)(14,16,2)(4,11,0)(4,19,7)(7,3,6)(22,3,6)(5,11,4)(4,25,1)(13,18,4)(20,4,1)(29,27,0)(3,0,1)(24,33,2)(22,11,6)(11,1,1)(8,22,0)(26,25,1)(23,8,6)(17,34,20,20,5,5)
    Fitness:  448
    Used nodes: 5
    Functionality: 81.47321428571428%
        |   0    1    2    3    4    5    6    7  
    ----+-----------------------------------------
      0 |   0    3    0    3    0    3    0    3  
      1 |   0    2   -2    0   -4   -2   -6   -4  
      2 |   0    1   -4   -3    4    5    0    1  
      3 |   0    0   -6   -6    0    0   -6   -6  
      4 |   0   -1    4    3    0   -1    4    3  
      5 |   0   -2    2    0   -4   -6   -2   -4  
      6 |   0   -3    0   -3    4    1   12    9  
      7 |   0   -4   -2   -6    0   -4    6    2  
  Average values of 6 similar solutions:
    Found in gen:  1809646.3333333333 generation
  Used nodes:    1.0
  Functionality: 15.959821428571427 %
  Min best fitness:      448
  Average fitness:       471.6
  Average elapsed time:  33.5 s 


mult3x3.txt  Max gates: 4
  Graph:     1x35    Lback: 35
  Function set: id, and, or, xor, not, nand, nor, nxor
  Mutations: 2   Gnerations:15000000   Population:5
  Runs cnt:  30
  Max fit:   384
Results
  Best chromosome:  {6,6,1,35,2,1,35}(3,0,1)(4,0,1)(0,7,2)(5,0,5)(3,9,7)(5,0,4)(4,0,1)(0,8,4)(11,3,1)(4,9,7)(1,10,0)(13,2,2)(1,4,1)(18,6,1)(9,15,2)(17,6,2)(5,21,7)(6,22,5)(12,0,6)(4,22,0)(8,15,0)(1,8,5)(3,5,7)(6,3,0)(7,24,6)(24,12,3)(7,11,3)(26,23,4)(8,32,6)(11,27,5)(4,28,4)(2,23,3)(9,12,7)(20,28,1)(11,37,6)(19,6,7,18,1,2)
    Fitness:  496
    Used nodes: 4
    Functionality: 65.40178571428572%
        |   0    1    2    3    4    5    6    7  
    ----+-----------------------------------------
      0 |   0    0    0    0    0    0    0    0  
      1 |   1    0   -1   -2   -3   -4   -5   -6  
      2 |   2    0    2    0   -6   -8   -6   -8  
      3 |   3    0    1   -2   -9  -12  -11  -14  
      4 |   0   -4    0   -4    0   -4    0   -4  
      5 |   1   -4   -1   -6   -3   -8   -5  -10  
      6 |   2   -4    2   -4   -6  -12   26   20  
      7 |   3   -4    1   -6   -9  -16   21   14  
  Average values of 27 similar solutions:
    Found in gen:  1775464.3703703703 generation
  Used nodes:    3.6
  Functionality: 58.4375 %
  Min best fitness:      496
  Average fitness:       501.8666666666667
  Average elapsed time:  31.933333333333334 s 


mult3x3.txt  Max gates: 3
  Graph:     1x35    Lback: 35
  Function set: id, and, or, xor, not, nand, nor, nxor
  Mutations: 2   Gnerations:15000000   Population:5
  Runs cnt:  30
  Max fit:   384
Results
  Best chromosome:  {6,6,1,35,2,1,35}(0,3,3)(2,1,1)(0,3,1)(0,5,3)(3,1,2)(1,4,1)(2,7,0)(10,3,3)(4,4,0)(13,12,0)(11,8,1)(9,6,3)(9,5,3)(3,5,5)(4,19,2)(15,1,6)(0,8,7)(4,1,7)(18,12,4)(18,0,4)(22,12,1)(9,12,3)(11,24,0)(26,9,2)(19,14,0)(23,11,0)(25,31,4)(20,13,6)(19,5,7)(16,22,2)(21,28,5)(8,7,7)(18,1,1)(2,33,3)(25,38,3)(16,8,8,11,4,5)
    Fitness:  528
    Used nodes: 3
    Functionality: 61.83035714285714%
        |   0    1    2    3    4    5    6    7  
    ----+-----------------------------------------
      0 |   0    1    2    3    0    1    2    3  
      1 |   0    0    0    0   -4   -4   -4   -4  
      2 |   0   -1    2    1   -8   -9   -6   -7  
      3 |   0   -2    0   -2  -12  -14  -12  -14  
      4 |   0   -3   -6   -9    8    5    2   -1  
      5 |   0   -4   -8  -12    4    0   -4   -8  
      6 |   0   -5   -6  -11    0   -5   26   21  
      7 |   0   -6   -8  -14   -4  -10   20   14  
  Average values of 28 similar solutions:
    Found in gen:  357292.0714285714 generation
  Used nodes:    2.8
  Functionality: 56.88244047619047 %
  Min best fitness:      528
  Average fitness:       538.4
  Average elapsed time:  30.433333333333334 s 


mult3x3.txt  Max gates: 2
  Graph:     1x35    Lback: 35
  Function set: id, and, or, xor, not, nand, nor, nxor
  Mutations: 2   Gnerations:15000000   Population:5
  Runs cnt:  30
  Max fit:   384
Results
  Best chromosome:  {6,6,1,35,2,1,35}(4,0,3)(5,1,0)(3,0,1)(2,8,0)(1,0,1)(10,4,3)(7,11,0)(12,1,6)(13,8,3)(1,8,1)(15,10,4)(4,8,7)(0,1,2)(8,11,7)(9,1,3)(3,14,6)(4,3,3)(21,10,4)(3,6,7)(18,13,6)(2,0,1)(23,13,5)(26,3,7)(23,26,6)(12,19,3)(16,27,6)(11,9,0)(13,16,2)(12,6,6)(2,17,4)(23,17,3)(24,24,5)(9,16,3)(18,28,5)(11,2,6)(15,8,15,0,1,5)
    Fitness:  608
    Used nodes: 2
    Functionality: 45.98214285714286%
        |   0    1    2    3    4    5    6    7  
    ----+-----------------------------------------
      0 |   0    1    0    1    0    1    0    1  
      1 |   0    0   -2   -2   -4   -4   -6   -6  
      2 |   2    1   -2   -3   -6   -7  -10  -11  
      3 |   2    0   -4   -6  -10  -12  -16  -18  
      4 |   4    1   -4   -7    4    1   -4   -7  
      5 |   4    0   -6  -10    0   -4  -10  -14  
      6 |   6    1   -6  -11   38   33   26   21  
      7 |   6    0   -8  -14   34   28   20   14  
  Average values of 21 similar solutions:
    Found in gen:  266875.09523809527 generation
  Used nodes:    1.4
  Functionality: 33.586309523809526 %
  Min best fitness:      608
  Average fitness:       627.2
  Average elapsed time:  28.633333333333333 s 


mult3x3.txt  Max gates: 1
  Graph:     1x35    Lback: 35
  Function set: id, and, or, xor, not, nand, nor, nxor
  Mutations: 2   Gnerations:15000000   Population:5
  Runs cnt:  30
  Max fit:   384
Results
  Best chromosome:  {6,6,1,35,2,1,35}(1,1,6)(0,6,1)(1,5,6)(4,7,1)(1,1,3)(7,4,5)(10,2,6)(2,9,7)(8,12,3)(8,14,7)(10,7,0)(4,15,1)(6,2,6)(8,14,5)(12,7,6)(7,20,2)(1,7,0)(21,15,5)(23,14,6)(6,24,5)(15,19,3)(26,21,3)(24,17,3)(22,27,1)(25,22,0)(15,30,3)(4,21,0)(14,30,5)(22,7,6)(8,14,6)(32,25,6)(14,20,1)(1,14,2)(6,14,1)(15,15,4)(10,10,10,0,5,5)
    Fitness:  784
    Used nodes: 1
    Functionality: 29.24107142857143%
        |   0    1    2    3    4    5    6    7  
    ----+-----------------------------------------
      0 |   0    3    0    3    0    3    0    3  
      1 |   0    2   -2    0   -4   -2   -6   -4  
      2 |   0    1   -4   -3   -8   -7  -12  -11  
      3 |   0    0   -6   -6  -12  -12  -18  -18  
      4 |   4    3   -4   -5  -12  -13  -20  -21  
      5 |   4    2   -6   -8  -16  -18  -26  -28  
      6 |   4    1   -8  -11  -20  -23  -32  -35  
      7 |   4    0  -10  -14  -24  -28  -38  -42  
  Average values of 30 similar solutions:
    Found in gen:  121506.56666666667 generation
  Used nodes:    1.0
  Functionality: 27.12053571428571 %
  Min best fitness:      784
  Average fitness:       784.0
  Average elapsed time:  27.0 s 


mult3x3.txt  Max gates: 0
  Graph:     1x35    Lback: 35
  Function set: id, and, or, xor, not, nand, nor, nxor
  Mutations: 2   Gnerations:15000000   Population:5
  Runs cnt:  30
  Max fit:   384
Results
  Best chromosome:  {6,6,1,35,2,1,35}(3,1,0)(2,2,1)(1,5,0)(6,3,4)(0,8,7)(2,7,2)(11,1,2)(5,5,0)(4,9,3)(14,3,1)(5,14,0)(14,1,4)(3,10,4)(12,2,7)(5,10,3)(3,1,6)(3,14,3)(20,14,3)(11,6,5)(19,16,2)(11,23,0)(2,11,2)(19,13,7)(0,2,1)(17,22,6)(5,27,1)(14,9,7)(6,30,7)(22,5,2)(23,8,3)(25,29,6)(2,30,1)(1,12,0)(34,32,6)(0,31,4)(3,0,3,2,2,5)
    Fitness:  1536
    Used nodes: 0
    Functionality: -40.40178571428572%
        |   0    1    2    3    4    5    6    7  
    ----+-----------------------------------------
      0 |   0    1    0    1   40   41   40   41  
      1 |   6    6    4    4   42   42   40   40  
      2 |   0   -1   -4   -5   32   31   28   27  
      3 |   6    4    0   -2   34   32   28   26  
      4 |  16   13    8    5   40   37   32   29  
      5 |  22   18   12    8   42   38   32   28  
      6 |  16   11    4   -1   32   27   20   15  
      7 |  22   16    8    2   34   28   20   14  
  Average values of 30 similar solutions:
    Found in gen:  604.1 generation
  Used nodes:    0.0
  Functionality: -48.72767857142857 %
  Min best fitness:      1536
  Average fitness:       1536.0
  Average elapsed time:  25.0 s 


