----SAD----
adder4x4.txt  Max gates: inf
  Graph:     1x30    Lback: 30
  Function set: id, and, or, xor, not, nand, nor, nxor
  Mutations: 2   Gnerations:5000000   Population:5
  Runs cnt:  30
  Max fit:   1280
Results
  Best chromosome:  {8,5,1,30,2,1,30}(6,2,6)(7,3,5)(4,0,7)(9,2,3)(6,11,7)(7,3,3)(9,12,5)(1,5,3)(14,8,3)(11,13,0)(16,1,7)(18,15,2)(17,11,4)(16,0,3)(19,21,7)(10,22,2)(2,18,2)(23,4,7)(20,11,3)(22,4,3)(15,16,3)(14,20,3)(14,26,4)(0,1,2)(17,5,5)(21,7,7)(5,3,6)(6,23,3)(29,15,2)(4,32,1)(25,27,28,12,13)
    Fitness:  -13
    Used nodes: 17
    Functionality: 100.0%
        |   0    1    2    3    4    5    6    7    8    9   10   11   12   13   14   15  
    ----+---------------------------------------------------------------------------------
      0 |   0    0    0    0    0    0    0    0    0    0    0    0    0    0    0    0  
      1 |   0    0    0    0    0    0    0    0    0    0    0    0    0    0    0    0  
      2 |   0    0    0    0    0    0    0    0    0    0    0    0    0    0    0    0  
      3 |   0    0    0    0    0    0    0    0    0    0    0    0    0    0    0    0  
      4 |   0    0    0    0    0    0    0    0    0    0    0    0    0    0    0    0  
      5 |   0    0    0    0    0    0    0    0    0    0    0    0    0    0    0    0  
      6 |   0    0    0    0    0    0    0    0    0    0    0    0    0    0    0    0  
      7 |   0    0    0    0    0    0    0    0    0    0    0    0    0    0    0    0  
      8 |   0    0    0    0    0    0    0    0    0    0    0    0    0    0    0    0  
      9 |   0    0    0    0    0    0    0    0    0    0    0    0    0    0    0    0  
     10 |   0    0    0    0    0    0    0    0    0    0    0    0    0    0    0    0  
     11 |   0    0    0    0    0    0    0    0    0    0    0    0    0    0    0    0  
     12 |   0    0    0    0    0    0    0    0    0    0    0    0    0    0    0    0  
     13 |   0    0    0    0    0    0    0    0    0    0    0    0    0    0    0    0  
     14 |   0    0    0    0    0    0    0    0    0    0    0    0    0    0    0    0  
     15 |   0    0    0    0    0    0    0    0    0    0    0    0    0    0    0    0  
  Average values of 21 similar solutions:
    Found in gen:  2092167.9523809524 generation
  Used nodes:    11.9
  Functionality: 70.0 %
  Min best fitness:      -13
  Average fitness:       2.466666666666667
  Average elapsed time:  33.13333333333333 s 


adder4x4.txt  Max gates: 16
  Graph:     1x30    Lback: 30
  Function set: id, and, or, xor, not, nand, nor, nxor
  Mutations: 2   Gnerations:5000000   Population:5
  Runs cnt:  30
  Max fit:   1280
Results
  Best chromosome:  {8,5,1,30,2,1,30}(5,1,7)(5,1,6)(6,8,0)(3,7,1)(11,6,3)(2,12,1)(0,4,3)(0,4,6)(15,13,1)(13,11,2)(8,17,6)(9,18,3)(14,19,7)(17,8,7)(19,8,7)(19,14,5)(10,11,5)(16,9,1)(23,15,3)(9,0,0)(7,3,3)(12,2,3)(22,11,0)(16,29,1)(11,16,3)(25,16,3)(22,24,6)(14,12,2)(11,13,3)(4,14,2)(26,20,21,29,28)
    Fitness:  192
    Used nodes: 16
    Functionality: 99.16666666666667%
        |   0    1    2    3    4    5    6    7    8    9   10   11   12   13   14   15  
    ----+---------------------------------------------------------------------------------
      0 |   0    0    0    0    0    0    0    0    0    0    0    0    0    0    0    0  
      1 |   0    4    0    0    0    4    0    0    0    4    0    0    0    4    0    0  
      2 |   0    0    0    0    0    0    0    0    0    0    0    0    0    0    0    0  
      3 |   0    0    0    0    0    0    0    0    0    0    0    0    0    0    0    0  
      4 |   0    0    0    0    0    0    0    0    0    0    0    0    0    0    0    0  
      5 |   0    4    0    0    0    4    0    0    0    4    0    0    0    4    0    0  
      6 |   0    0    0    0    0    0    0    0    0    0    0    0    0    0    0    0  
      7 |   0    0    0    0    0    0    0    0    0    0    0    0    0    0    0    0  
      8 |   0    0    0    0    0    0    0    0    0    0    0    0    0    0    0    0  
      9 |   0    4    0    0    0    4    0    0    0    4    0    0    0    4    0    0  
     10 |   0    0    0    0    0    0    0    0    0    0    0    0    0    0    0    0  
     11 |   0    0    0    0    0    0    0    0    0    0    0    0    0    0    0    0  
     12 |   0    0    0    0    0    0    0    0    0    0    0    0    0    0    0    0  
     13 |   0    4    0    0    0    4    0    0    0    4    0    0    0    4    0    0  
     14 |   0    0    0    0    0    0    0    0    0    0    0    0    0    0    0    0  
     15 |   0    0    0    0    0    0    0    0    0    0    0    0    0    0    0    0  
  Average values of 11 similar solutions:
    Found in gen:  2127790.5454545454 generation
  Used nodes:    5.866666666666666
  Functionality: 36.30555555555555 %
  Min best fitness:      192
  Average fitness:       342.4
  Average elapsed time:  29.6 s 


adder4x4.txt  Max gates: 15
  Graph:     1x30    Lback: 30
  Function set: id, and, or, xor, not, nand, nor, nxor
  Mutations: 2   Gnerations:5000000   Population:5
  Runs cnt:  30
  Max fit:   1280
Results
  Best chromosome:  {8,5,1,30,2,1,30}(5,1,7)(7,3,1)(9,6,2)(10,2,5)(4,0,3)(11,8,6)(9,4,4)(8,1,5)(12,15,3)(11,8,3)(10,2,3)(12,0,6)(13,16,7)(3,7,0)(4,15,4)(3,7,3)(20,12,1)(9,1,1)(22,4,4)(24,19,6)(23,27,6)(15,27,2)(3,18,1)(4,1,6)(25,1,1)(0,20,3)(11,11,4)(4,26,5)(0,30,1)(5,20,6)(27,20,17,18,23)
    Fitness:  256
    Used nodes: 15
    Functionality: 99.16666666666667%
        |   0    1    2    3    4    5    6    7    8    9   10   11   12   13   14   15  
    ----+---------------------------------------------------------------------------------
      0 |   0    0    0    0    0    0    0    0    0    0    0    0    0    0    0    0  
      1 |   0    0    0   -2    0    0    0   -2    0    0    0   -2    0    0    0   -2  
      2 |   0    0    0    0    0    0    0    0    0    0    0    0    0    0    0    0  
      3 |   0    0    0   -2    0    0    0   -2    0    0    0   -2    0    0    0   -2  
      4 |   0    0    0    0    0    0    0    0    0    0    0    0    0    0    0    0  
      5 |   0    0    0   -2    0    0    0   -2    0    0    0   -2    0    0    0   -2  
      6 |   0    0    0    0    0    0    0    0    0    0    0    0    0    0    0    0  
      7 |   0    0    0   -2    0    0    0   -2    0    0    0   -2    0    0    0   -2  
      8 |   0    0    0    0    0    0    0    0    0    0    0    0    0    0    0    0  
      9 |   0    0    0   -2    0    0    0   -2    0    0    0   -2    0    0    0   -2  
     10 |   0    0    0    0    0    0    0    0    0    0    0    0    0    0    0    0  
     11 |   0    0    0   -2    0    0    0   -2    0    0    0   -2    0    0    0   -2  
     12 |   0    0    0    0    0    0    0    0    0    0    0    0    0    0    0    0  
     13 |   0    0    0   -2    0    0    0   -2    0    0    0   -2    0    0    0   -2  
     14 |   0    0    0    0    0    0    0    0    0    0    0    0    0    0    0    0  
     15 |   0    0    0   -2    0    0    0   -2    0    0    0   -2    0    0    0   -2  
  Used nodes:    0.5
  Functionality: 3.305555555555556 %
  Min best fitness:      256
  Average fitness:       524.2666666666667
  Average elapsed time:  28.266666666666666 s 


adder4x4.txt  Max gates: 14
  Graph:     1x30    Lback: 30
  Function set: id, and, or, xor, not, nand, nor, nxor
  Mutations: 2   Gnerations:5000000   Population:5
  Runs cnt:  30
  Max fit:   1280
Results
  Best chromosome:  {8,5,1,30,2,1,30}(4,0,3)(1,5,7)(2,6,5)(9,10,3)(5,1,1)(11,1,6)(8,12,7)(9,7,1)(11,9,2)(14,16,3)(4,8,2)(8,17,5)(19,18,1)(6,2,7)(19,21,7)(7,21,2)(3,7,5)(16,9,7)(25,11,3)(8,20,2)(21,24,3)(22,25,3)(24,24,0)(0,28,2)(30,6,2)(28,32,4)(25,1,3)(4,7,5)(32,11,7)(24,3,2)(20,17,11,28,24)
    Fitness:  448
    Used nodes: 14
    Functionality: 97.5%
        |   0    1    2    3    4    5    6    7    8    9   10   11   12   13   14   15  
    ----+---------------------------------------------------------------------------------
      0 |   1    0    1    0    1    0    1    0    1    0    1    0    1    0    1    0  
      1 |   0    0    0   -4    0    0    0   -4    0    0    0   -4    0    0    0   -4  
      2 |   1    0    1    0    1    0    1    0    1    0    1    0    1    0    1    0  
      3 |   0   -4    0    0    0   -4    0    0    0   -4    0    0    0   -4    0    0  
      4 |   1    0    1    0    1    0    1    0    1    0    1    0    1    0    1    0  
      5 |   0    0    0   -4    0    0    0   -4    0    0    0   -4    0    0    0   -4  
      6 |   1    0    1    0    1    0    1    0    1    0    1    0    1    0    1    0  
      7 |   0   -4    0    0    0   -4    0    0    0   -4    0    0    0   -4    0    0  
      8 |   1    0    1    0    1    0    1    0    1    0    1    0    1    0    1    0  
      9 |   0    0    0   -4    0    0    0   -4    0    0    0   -4    0    0    0   -4  
     10 |   1    0    1    0    1    0    1    0    1    0    1    0    1    0    1    0  
     11 |   0   -4    0    0    0   -4    0    0    0   -4    0    0    0   -4    0    0  
     12 |   1    0    1    0    1    0    1    0    1    0    1    0    1    0    1    0  
     13 |   0    0    0   -4    0    0    0   -4    0    0    0   -4    0    0    0   -4  
     14 |   1    0    1    0    1    0    1    0    1    0    1    0    1    0    1    0  
     15 |   0   -4    0    0    0   -4    0    0    0   -4    0    0    0   -4    0    0  
  Average values of 6 similar solutions:
    Found in gen:  1010403.5 generation
  Used nodes:    2.8
  Functionality: 19.5 %
  Min best fitness:      448
  Average fitness:       675.7333333333333
  Average elapsed time:  26.866666666666667 s 


adder4x4.txt  Max gates: 13
  Graph:     1x30    Lback: 30
  Function set: id, and, or, xor, not, nand, nor, nxor
  Mutations: 2   Gnerations:5000000   Population:5
  Runs cnt:  30
  Max fit:   1280
Results
  Best chromosome:  {8,5,1,30,2,1,30}(0,4,3)(6,2,5)(3,7,5)(1,5,3)(0,8,6)(9,10,1)(11,13,7)(3,7,5)(5,5,5)(3,9,7)(11,13,5)(3,8,2)(18,8,7)(10,19,2)(1,5,6)(3,20,4)(20,22,7)(17,9,2)(19,21,2)(8,24,1)(2,21,7)(27,12,7)(1,7,0)(24,17,1)(19,7,7)(25,6,6)(23,23,0)(10,5,1)(0,21,5)(8,15,2)(29,24,14,13,10)
    Fitness:  416
    Used nodes: 13
    Functionality: 97.08333333333333%
        |   0    1    2    3    4    5    6    7    8    9   10   11   12   13   14   15  
    ----+---------------------------------------------------------------------------------
      0 |   3    2    1    0    3    2    1    0    3    2    1    0    3    2    1    0  
      1 |   2    2    0    0    2    2    0    0    2    2    0    0    2    2    0    0  
      2 |   1    0    1    0    1    0    1    0    1    0    1    0    1    0    1    0  
      3 |   0    0    0   -2    0    0    0   -2    0    0    0   -2    0    0    0   -2  
      4 |   3    2    1    0    3    2    1    0    3    2    1    0    3    2    1    0  
      5 |   2    2    0    0    2    2    0    0    2    2    0    0    2    2    0    0  
      6 |   1    0    1    0    1    0    1    0    1    0    1    0    1    0    1    0  
      7 |   0    0    0   -2    0    0    0   -2    0    0    0   -2    0    0    0   -2  
      8 |   3    2    1    0    3    2    1    0    3    2    1    0    3    2    1    0  
      9 |   2    2    0    0    2    2    0    0    2    2    0    0    2    2    0    0  
     10 |   1    0    1    0    1    0    1    0    1    0    1    0    1    0    1    0  
     11 |   0    0    0   -2    0    0    0   -2    0    0    0   -2    0    0    0   -2  
     12 |   3    2    1    0    3    2    1    0    3    2    1    0    3    2    1    0  
     13 |   2    2    0    0    2    2    0    0    2    2    0    0    2    2    0    0  
     14 |   1    0    1    0    1    0    1    0    1    0    1    0    1    0    1    0  
     15 |   0    0    0   -2    0    0    0   -2    0    0    0   -2    0    0    0   -2  
  Used nodes:    0.43333333333333335
  Functionality: 3.236111111111111 %
  Min best fitness:      416
  Average fitness:       771.2
  Average elapsed time:  25.8 s 


adder4x4.txt  Max gates: 12
  Graph:     1x30    Lback: 30
  Function set: id, and, or, xor, not, nand, nor, nxor
  Mutations: 2   Gnerations:5000000   Population:5
  Runs cnt:  30
  Max fit:   1280
Results
  Best chromosome:  {8,5,1,30,2,1,30}(5,1,6)(8,0,3)(2,6,5)(4,1,1)(5,1,3)(0,4,7)(10,12,5)(9,14,3)(10,12,7)(13,8,3)(10,9,4)(15,11,6)(15,4,3)(13,15,2)(14,5,6)(1,7,6)(3,7,3)(15,1,2)(11,17,4)(21,23,3)(17,26,0)(21,4,7)(18,28,7)(1,14,6)(28,23,3)(13,9,7)(19,8,6)(8,0,6)(9,6,7)(34,10,5)(29,20,16,10,24)
    Fitness:  576
    Used nodes: 12
    Functionality: 97.5%
        |   0    1    2    3    4    5    6    7    8    9   10   11   12   13   14   15  
    ----+---------------------------------------------------------------------------------
      0 |   2    2    0    0    2    2    0    0    2    2    0    0    2    2    0    0  
      1 |   2    0    0   -2    2    0    0   -2    2    0    0   -2    2    0    0   -2  
      2 |   0    0    0    0    0    0    0    0    0    0    0    0    0    0    0    0  
      3 |   0   -2    0   -2    0   -2    0   -2    0   -2    0   -2    0   -2    0   -2  
      4 |   2    2    0    0    2    2    0    0    2    2    0    0    2    2    0    0  
      5 |   2    0    0   -2    2    0    0   -2    2    0    0   -2    2    0    0   -2  
      6 |   0    0    0    0    0    0    0    0    0    0    0    0    0    0    0    0  
      7 |   0   -2    0   -2    0   -2    0   -2    0   -2    0   -2    0   -2    0   -2  
      8 |   2    2    0    0    2    2    0    0    2    2    0    0    2    2    0    0  
      9 |   2    0    0   -2    2    0    0   -2    2    0    0   -2    2    0    0   -2  
     10 |   0    0    0    0    0    0    0    0    0    0    0    0    0    0    0    0  
     11 |   0   -2    0   -2    0   -2    0   -2    0   -2    0   -2    0   -2    0   -2  
     12 |   2    2    0    0    2    2    0    0    2    2    0    0    2    2    0    0  
     13 |   2    0    0   -2    2    0    0   -2    2    0    0   -2    2    0    0   -2  
     14 |   0    0    0    0    0    0    0    0    0    0    0    0    0    0    0    0  
     15 |   0   -2    0   -2    0   -2    0   -2    0   -2    0   -2    0   -2    0   -2  
  Average values of 3 similar solutions:
    Found in gen:  1787161.3333333333 generation
  Used nodes:    1.2
  Functionality: 9.75 %
  Min best fitness:      576
  Average fitness:       963.7333333333333
  Average elapsed time:  25.166666666666668 s 


adder4x4.txt  Max gates: 11
  Graph:     1x30    Lback: 30
  Function set: id, and, or, xor, not, nand, nor, nxor
  Mutations: 2   Gnerations:5000000   Population:5
  Runs cnt:  30
  Max fit:   1280
Results
  Best chromosome:  {8,5,1,30,2,1,30}(4,0,7)(6,2,5)(1,5,3)(4,0,2)(7,11,6)(1,9,5)(9,10,5)(9,10,7)(3,4,2)(1,14,1)(8,17,7)(11,15,3)(3,7,3)(20,17,6)(8,17,2)(6,22,2)(0,14,0)(14,11,7)(14,23,2)(14,19,4)(22,11,7)(10,23,2)(6,11,7)(8,22,5)(2,10,2)(16,20,5)(23,16,6)(27,9,2)(5,34,6)(9,7,1)(28,18,15,9,20)
    Fitness:  832
    Used nodes: 11
    Functionality: 95.83333333333334%
        |   0    1    2    3    4    5    6    7    8    9   10   11   12   13   14   15  
    ----+---------------------------------------------------------------------------------
      0 |   2    2    0    0    2    2    0    0    2    2    0    0    2    2    0    0  
      1 |   2    0    0   -2    2    0    0   -2    2    0    0   -2    2    0    0   -2  
      2 |   0    0    0    0    0    0   -8   -8    0    0    0    0    0    0   -8   -8  
      3 |   0   -2    0   -2    0   -2   -8  -10    0   -2    0   -2    0   -2   -8  -10  
      4 |   2    2    0    0    2    2    0    0    2    2    0    0    2    2    0    0  
      5 |   2    0    0   -2    2    0    0   -2    2    0    0   -2    2    0    0   -2  
      6 |   0    0    0    0    0    0    0    0    0    0    0    0    0    0    0    0  
      7 |   0   -2    0   -2    0   -2    0   -2    0   -2    0   -2    0   -2    0   -2  
      8 |   2    2    0    0    2    2    0    0    2    2    0    0    2    2    0    0  
      9 |   2    0    0   -2    2    0    0   -2    2    0    0   -2    2    0    0   -2  
     10 |   0    0    0    0    0    0   -8   -8    0    0    0    0    0    0   -8   -8  
     11 |   0   -2    0   -2    0   -2   -8  -10    0   -2    0   -2    0   -2   -8  -10  
     12 |   2    2    0    0    2    2    0    0    2    2    0    0    2    2    0    0  
     13 |   2    0    0   -2    2    0    0   -2    2    0    0   -2    2    0    0   -2  
     14 |   0    0    0    0    0    0    0    0    0    0    0    0    0    0    0    0  
     15 |   0   -2    0   -2    0   -2    0   -2    0   -2    0   -2    0   -2    0   -2  
  Average values of 3 similar solutions:
    Found in gen:  3163600.3333333335 generation
  Used nodes:    1.1
  Functionality: 9.583333333333334 %
  Min best fitness:      832
  Average fitness:       1065.0666666666666
  Average elapsed time:  24.466666666666665 s 


adder4x4.txt  Max gates: 10
  Graph:     1x30    Lback: 30
  Function set: id, and, or, xor, not, nand, nor, nxor
  Mutations: 2   Gnerations:5000000   Population:5
  Runs cnt:  30
  Max fit:   1280
Results
  Best chromosome:  {8,5,1,30,2,1,30}(6,2,1)(8,1,2)(0,1,5)(9,5,5)(2,2,4)(9,4,7)(4,0,7)(7,3,3)(13,4,6)(9,5,3)(0,17,6)(1,4,5)(0,14,1)(11,14,2)(19,6,1)(11,0,1)(2,21,5)(21,4,6)(16,21,3)(21,20,7)(11,14,3)(23,25,4)(28,25,6)(5,29,6)(2,22,2)(2,23,7)(14,32,1)(2,5,5)(14,29,2)(14,21,2)(27,28,17,11,15)
    Fitness:  1008
    Used nodes: 10
    Functionality: 95.41666666666667%
        |   0    1    2    3    4    5    6    7    8    9   10   11   12   13   14   15  
    ----+---------------------------------------------------------------------------------
      0 |   2    2    0    0    2    2    0    0    2    2    0    0    2    2    0    0  
      1 |   2    0    0   -2    2    0    0   -2    2    0    0   -2    2    0    0   -2  
      2 |   0    0    2    2    0    0    0    0    0    0    2    2    0    0    0    0  
      3 |   0   -2    2    0    0   -2    0   -2    0   -2    2    0    0   -2    0   -2  
      4 |   2    2    0    0    0    0   -2   -2    2    2    0    0    0    0   -2   -2  
      5 |   2    0    0   -2    0   -2   -2   -4    2    0    0   -2    0   -2   -2   -4  
      6 |   0    0   -2   -2   -2   -2   -4   -4    0    0   -2   -2   -2   -2   -4   -4  
      7 |   0   -2   -2   -4   -2   -4   -4   -6    0   -2   -2   -4   -2   -4   -4   -6  
      8 |   2    2    0    0    2    2    0    0    2    2    0    0    2    2    0    0  
      9 |   2    0    0   -2    2    0    0   -2    2    0    0   -2    2    0    0   -2  
     10 |   0    0    2    2    0    0    0    0    0    0    2    2    0    0    0    0  
     11 |   0   -2    2    0    0   -2    0   -2    0   -2    2    0    0   -2    0   -2  
     12 |   2    2    0    0    0    0   -2   -2    2    2    0    0    0    0   -2   -2  
     13 |   2    0    0   -2    0   -2   -2   -4    2    0    0   -2    0   -2   -2   -4  
     14 |   0    0   -2   -2   -2   -2   -4   -4    0    0   -2   -2   -2   -2   -4   -4  
     15 |   0   -2   -2   -4   -2   -4   -4   -6    0   -2   -2   -4   -2   -4   -4   -6  
  Used nodes:    0.3333333333333333
  Functionality: 3.180555555555556 %
  Min best fitness:      1008
  Average fitness:       1290.4
  Average elapsed time:  23.1 s 


adder4x4.txt  Max gates: 9
  Graph:     1x30    Lback: 30
  Function set: id, and, or, xor, not, nand, nor, nxor
  Mutations: 2   Gnerations:4000000   Population:5
  Runs cnt:  30
  Max fit:   1280
Results
  Best chromosome:  {8,5,1,30,2,1,30}(2,6,1)(1,5,1)(9,8,6)(10,4,7)(1,10,7)(3,7,3)(4,2,7)(0,11,3)(0,11,1)(5,8,2)(10,11,6)(18,16,2)(7,6,7)(10,7,4)(16,4,4)(2,11,3)(23,18,7)(0,4,3)(12,7,4)(12,18,5)(9,7,3)(21,9,1)(2,10,7)(16,28,1)(10,17,4)(11,1,3)(23,32,4)(8,17,4)(35,30,1)(30,12,5)(19,15,10,10,13)
    Fitness:  1104
    Used nodes: 9
    Functionality: 93.33333333333333%
        |   0    1    2    3    4    5    6    7    8    9   10   11   12   13   14   15  
    ----+---------------------------------------------------------------------------------
      0 |   6    6    4    4    2    2    0    0    6    6    4    4    2    2    0    0  
      1 |   6    4    4    2    2    0    0   -2    6    4    4    2    2    0    0   -2  
      2 |   4    4    4    4    0    0    0    0    4    4    4    4    0    0    0    0  
      3 |   4    2    4    2    0   -2    0   -2    4    2    4    2    0   -2    0   -2  
      4 |   2    2    0    0    0    0   -2   -2    2    2    0    0    0    0   -2   -2  
      5 |   2    0    0   -2    0   -2   -2   -4    2    0    0   -2    0   -2   -2   -4  
      6 |   0    0    0    0   -2   -2   -4   -4    0    0    0    0   -2   -2   -4   -4  
      7 |   0   -2    0   -2   -2   -4   -4   -6    0   -2    0   -2   -2   -4   -4   -6  
      8 |   6    6    4    4    2    2    0    0    6    6    4    4    2    2    0    0  
      9 |   6    4    4    2    2    0    0   -2    6    4    4    2    2    0    0   -2  
     10 |   4    4    4    4    0    0    0    0    4    4    4    4    0    0    0    0  
     11 |   4    2    4    2    0   -2    0   -2    4    2    4    2    0   -2    0   -2  
     12 |   2    2    0    0    0    0   -2   -2    2    2    0    0    0    0   -2   -2  
     13 |   2    0    0   -2    0   -2   -2   -4    2    0    0   -2    0   -2   -2   -4  
     14 |   0    0    0    0   -2   -2   -4   -4    0    0    0    0   -2   -2   -4   -4  
     15 |   0   -2    0   -2   -2   -4   -4   -6    0   -2    0   -2   -2   -4   -4   -6  
  Used nodes:    0.3
  Functionality: 3.111111111111111 %
  Min best fitness:      1104
  Average fitness:       1373.6
  Average elapsed time:  17.9 s 


adder4x4.txt  Max gates: 8
  Graph:     1x30    Lback: 30
  Function set: id, and, or, xor, not, nand, nor, nxor
  Mutations: 2   Gnerations:4000000   Population:5
  Runs cnt:  30
  Max fit:   1280
Results
  Best chromosome:  {8,5,1,30,2,1,30}(6,1,2)(4,6,6)(8,5,5)(9,2,2)(4,0,3)(10,12,2)(12,10,5)(4,0,6)(10,12,7)(7,3,3)(11,14,5)(14,15,3)(15,6,2)(17,4,6)(8,12,7)(17,7,0)(23,4,1)(6,7,7)(23,23,2)(20,7,4)(8,4,1)(27,11,7)(17,24,1)(30,22,7)(14,29,1)(29,8,3)(18,15,3)(3,0,1)(30,6,2)(35,22,1)(19,16,10,16,17)
    Fitness:  1312
    Used nodes: 8
    Functionality: 93.4375%
        |   0    1    2    3    4    5    6    7    8    9   10   11   12   13   14   15  
    ----+---------------------------------------------------------------------------------
      0 |   4    4    2    2    0    0    4    4    6    6    4    4    2    2    2    2  
      1 |   4    2    2    0    0   -2    4    2    6    4    4    2    2    0    2    0  
      2 |   2    2    0    0   -2   -2    2    2    4    4    2    2    0    0    0    0  
      3 |   2    0    0   -2   -2   -4    2    0    4    2    2    0    0   -2    0   -2  
      4 |   0    0   -2   -2    2    2    0    0    2    2    0    0    0    0   -2   -2  
      5 |   0   -2   -2   -4    2    0    0   -2    2    0    0   -2    0   -2   -2   -4  
      6 |  -2   -2   -4   -4    0    0   -2   -2    0    0   -2   -2   -2   -2   -4   -4  
      7 |  -2   -4   -4   -6    0   -2   -2   -4    0   -2   -2   -4   -2   -4   -4   -6  
      8 |   6    6    4    4    2    2    2    2    4    4    2    2    0    0    4    4  
      9 |   6    4    4    2    2    0    2    0    4    2    2    0    0   -2    4    2  
     10 |   4    4    2    2    0    0    0    0    2    2    0    0   -2   -2    2    2  
     11 |   4    2    2    0    0   -2    0   -2    2    0    0   -2   -2   -4    2    0  
     12 |   2    2    0    0    0    0   -2   -2    0    0   -2   -2    2    2    0    0  
     13 |   2    0    0   -2    0   -2   -2   -4    0   -2   -2   -4    2    0    0   -2  
     14 |   0    0   -2   -2   -2   -2   -4   -4   -2   -2   -4   -4    0    0   -2   -2  
     15 |   0   -2   -2   -4   -2   -4   -4   -6   -2   -4   -4   -6    0   -2   -2   -4  
  Average values of 2 similar solutions:
    Found in gen:  3563419.5 generation
  Used nodes:    0.5333333333333333
  Functionality: 6.253472222222223 %
  Min best fitness:      1312
  Average fitness:       1580.8
  Average elapsed time:  17.1 s 


adder4x4.txt  Max gates: 7
  Graph:     1x30    Lback: 30
  Function set: id, and, or, xor, not, nand, nor, nxor
  Mutations: 2   Gnerations:4000000   Population:5
  Runs cnt:  30
  Max fit:   1280
Results
  Best chromosome:  {8,5,1,30,2,1,30}(4,0,7)(1,7,1)(1,5,5)(8,10,3)(8,11,6)(7,10,3)(9,2,3)(2,6,3)(5,14,3)(12,5,3)(14,8,3)(1,13,2)(0,8,1)(17,0,5)(20,12,3)(20,15,6)(16,23,6)(9,8,4)(19,8,6)(16,1,6)(14,8,3)(26,27,2)(20,4,3)(1,15,3)(5,13,5)(29,24,4)(30,24,3)(31,10,2)(17,18,3)(35,30,0)(22,11,10,15,6)
    Fitness:  1472
    Used nodes: 7
    Functionality: 93.75%
        |   0    1    2    3    4    5    6    7    8    9   10   11   12   13   14   15  
    ----+---------------------------------------------------------------------------------
      0 |   4    3    5    4    0   -1    1    0    4    3    5    4    0   -1    1    0  
      1 |   3    2    4    3   -1   -2    0   -1    3    2    4    3   -1   -2    0   -1  
      2 |   4    3    1    0    0   -1   -3   -4    4    3    1    0    0   -1   -3   -4  
      3 |   3    2    0   -1   -1   -2   -4   -5    3    2    0   -1   -1   -2   -4   -5  
      4 |   0   -1    1    0    0   -1    1    0    0   -1    1    0    0   -1    1    0  
      5 |  -1   -2    0   -1   -1   -2    0   -1   -1   -2    0   -1   -1   -2    0   -1  
      6 |   0   -1   -3   -4    0   -1   -3   -4    0   -1   -3   -4    0   -1   -3   -4  
      7 |  -1   -2   -4   -5   -1   -2   -4   -5   -1   -2   -4   -5   -1   -2   -4   -5  
      8 |   4    3    5    4    0   -1    1    0    4    3    5    4    0   -1    1    0  
      9 |   3    2    4    3   -1   -2    0   -1    3    2    4    3   -1   -2    0   -1  
     10 |   4    3    1    0    0   -1   -3   -4    4    3    1    0    0   -1   -3   -4  
     11 |   3    2    0   -1   -1   -2   -4   -5    3    2    0   -1   -1   -2   -4   -5  
     12 |   0   -1    1    0    0   -1    1    0    0   -1    1    0    0   -1    1    0  
     13 |  -1   -2    0   -1   -1   -2    0   -1   -1   -2    0   -1   -1   -2    0   -1  
     14 |   0   -1   -3   -4    0   -1   -3   -4    0   -1   -3   -4    0   -1   -3   -4  
     15 |  -1   -2   -4   -5   -1   -2   -4   -5   -1   -2   -4   -5   -1   -2   -4   -5  
  Used nodes:    0.23333333333333334
  Functionality: 3.125 %
  Min best fitness:      1472
  Average fitness:       1720.5333333333333
  Average elapsed time:  16.533333333333335 s 


adder4x4.txt  Max gates: 6
  Graph:     1x30    Lback: 30
  Function set: id, and, or, xor, not, nand, nor, nxor
  Mutations: 2   Gnerations:4000000   Population:5
  Runs cnt:  30
  Max fit:   1280
Results
  Best chromosome:  {8,5,1,30,2,1,30}(5,1,5)(8,4,7)(0,9,5)(0,1,3)(10,2,0)(0,9,3)(3,4,5)(4,14,5)(2,11,0)(4,7,1)(0,12,1)(1,4,5)(3,5,3)(14,11,3)(6,2,3)(0,7,7)(12,1,0)(21,10,7)(16,11,1)(20,12,5)(10,8,5)(6,5,5)(13,15,5)(20,30,3)(25,17,2)(24,30,2)(6,3,3)(17,32,7)(19,3,2)(4,28,0)(28,13,8,22,4)
    Fitness:  1728
    Used nodes: 6
    Functionality: 90.9375%
        |   0    1    2    3    4    5    6    7    8    9   10   11   12   13   14   15  
    ----+---------------------------------------------------------------------------------
      0 |   4    3    4    3    0   -1    0   -1    5    4    5    4    1    0    1    0  
      1 |   3    2    3    2   -1   -2   -1   -2    4    3    4    3    0   -1    0   -1  
      2 |   4    3    0   -1    0   -1   -4   -5    5    4    1    0    1    0   -3   -4  
      3 |   3    2   -1   -2   -1   -2   -5   -6    4    3    0   -1    0   -1   -4   -5  
      4 |   0   -1    0   -1   16   15   16   15    1    0    1    0    1    0    1    0  
      5 |  -1   -2   -1   -2   15   14   15   14    0   -1    0   -1    0   -1    0   -1  
      6 |   0   -1   -4   -5   16   15   12   11    1    0   -3   -4    1    0   -3   -4  
      7 |  -1   -2   -5   -6   15   14   11   10    0   -1   -4   -5    0   -1   -4   -5  
      8 |   4    3    4    3    0   -1    0   -1    5    4    5    4    1    0    1    0  
      9 |   3    2    3    2   -1   -2   -1   -2    4    3    4    3    0   -1    0   -1  
     10 |   4    3    0   -1    0   -1   -4   -5    5    4    1    0    1    0   -3   -4  
     11 |   3    2   -1   -2   -1   -2   -5   -6    4    3    0   -1    0   -1   -4   -5  
     12 |   0   -1    0   -1    0   -1    0   -1    1    0    1    0    1    0    1    0  
     13 |  -1   -2   -1   -2   -1   -2   -1   -2    0   -1    0   -1    0   -1    0   -1  
     14 |   0   -1   -4   -5    0   -1   -4   -5    1    0   -3   -4    1    0   -3   -4  
     15 |  -1   -2   -5   -6   -1   -2   -5   -6    0   -1   -4   -5    0   -1   -4   -5  
  Average values of 5 similar solutions:
    Found in gen:  1867453.2 generation
  Used nodes:    1.0
  Functionality: 15.058159722222221 %
  Min best fitness:      1728
  Average fitness:       1866.6666666666667
  Average elapsed time:  15.933333333333334 s 


adder4x4.txt  Max gates: 5
  Graph:     1x30    Lback: 30
  Function set: id, and, or, xor, not, nand, nor, nxor
  Mutations: 2   Gnerations:4000000   Population:5
  Runs cnt:  30
  Max fit:   1280
Results
  Best chromosome:  {8,5,1,30,2,1,30}(1,5,5)(8,2,4)(4,0,7)(8,10,3)(11,8,4)(11,8,5)(13,4,1)(13,2,3)(1,6,2)(14,6,0)(12,4,6)(14,11,2)(6,5,5)(15,15,2)(5,10,6)(11,8,7)(8,3,4)(7,15,7)(25,23,6)(8,8,0)(20,16,4)(11,14,4)(22,1,7)(28,15,6)(0,7,1)(25,23,5)(16,27,1)(4,13,4)(33,30,4)(14,29,0)(14,11,8,4,11)
    Fitness:  1856
    Used nodes: 5
    Functionality: 89.53125%
        |   0    1    2    3    4    5    6    7    8    9   10   11   12   13   14   15  
    ----+---------------------------------------------------------------------------------
      0 |   4    3    2    1    0   -1   -2   -3    7    6    5    4    3    2    1    0  
      1 |   3    2    1    0   -1   -2   -3   -4    6    5    4    3    2    1    0   -1  
      2 |   2    1    0   -1   -2   -3   -4   -5    5    4    3    2    1    0   -1   -2  
      3 |   1    0   -1   -2   -3   -4   -5   -6    4    3    2    1    0   -1   -2   -3  
      4 |   0   -1   -2   -3    1    0   -1   -2    3    2    1    0    2    1    0   -1  
      5 |  -1   -2   -3   -4    0   -1   -2   -3    2    1    0   -1    1    0   -1   -2  
      6 |  -2   -3   -4   -5   -1   -2   -3   -4    1    0   -1   -2    0   -1   -2   -3  
      7 |  -3   -4   -5   -6   -2   -3   -4   -5    0   -1   -2   -3   -1   -2   -3   -4  
      8 |   5    4    3    2    1    0   -1   -2    6    5    4    3    2    1    0   -1  
      9 |   4    3    2    1    0   -1   -2   -3    5    4    3    2    1    0   -1   -2  
     10 |   3    2    1    0   -1   -2   -3   -4    4    3    2    1    0   -1   -2   -3  
     11 |   2    1    0   -1   -2   -3   -4   -5    3    2    1    0   -1   -2   -3   -4  
     12 |   1    0   -1   -2  -16  -17  -18  -19    2    1    0   -1    3    2    1    0  
     13 |   0   -1   -2   -3  -17  -18  -19  -20    1    0   -1   -2    2    1    0   -1  
     14 |  -1   -2   -3   -4  -18  -19  -20  -21    0   -1   -2   -3    1    0   -1   -2  
     15 |  -2   -3   -4   -5  -19  -20  -21  -22   -1   -2   -3   -4    0   -1   -2   -3  
  Average values of 2 similar solutions:
    Found in gen:  2759377.5 generation
  Used nodes:    0.3333333333333333
  Functionality: 6.002604166666667 %
  Min best fitness:      1856
  Average fitness:       2012.8
  Average elapsed time:  15.233333333333333 s 


adder4x4.txt  Max gates: 4
  Graph:     1x30    Lback: 30
  Function set: id, and, or, xor, not, nand, nor, nxor
  Mutations: 2   Gnerations:2500000   Population:5
  Runs cnt:  30
  Max fit:   1280
Results
  Best chromosome:  {8,5,1,30,2,1,30}(1,6,6)(8,2,7)(3,9,5)(5,3,4)(2,6,3)(5,1,5)(0,0,7)(5,1,4)(0,13,7)(16,4,3)(13,11,0)(1,3,3)(18,5,4)(1,3,5)(14,2,3)(7,3,1)(15,16,0)(4,8,7)(6,6,2)(1,20,7)(1,27,7)(27,16,2)(25,23,7)(6,29,2)(8,28,4)(15,26,6)(13,7,6)(33,22,1)(13,32,3)(18,9,3)(4,17,13,12,16)
    Fitness:  2112
    Used nodes: 4
    Functionality: 81.875%
        |   0    1    2    3    4    5    6    7    8    9   10   11   12   13   14   15  
    ----+---------------------------------------------------------------------------------
      0 |   4    3    4    3    0   -1    0   -1   20   19   20   19   16   15   16   15  
      1 |   3    2    3    2   -1   -2   -1   -2   19   18   19   18   15   14   15   14  
      2 |   4    3    0   -1    0   -1   -4   -5   20   19   16   15   16   15   12   11  
      3 |   3    2   -1   -2   -1   -2   -5   -6   19   18   15   14   15   14   11   10  
      4 |   0   -1    0   -1    1    0    1    0   16   15   16   15    1    0    1    0  
      5 |  -1   -2   -1   -2    0   -1    0   -1   15   14   15   14    0   -1    0   -1  
      6 |   0   -1   -4   -5    1    0   -3   -4   16   15   12   11    1    0   -3   -4  
      7 |  -1   -2   -5   -6    0   -1   -4   -5   15   14   11   10    0   -1   -4   -5  
      8 |   5    4    5    4    1    0    1    0    5    4    5    4    1    0    1    0  
      9 |   4    3    4    3    0   -1    0   -1    4    3    4    3    0   -1    0   -1  
     10 |   5    4    1    0    1    0   -3   -4    5    4    1    0    1    0   -3   -4  
     11 |   4    3    0   -1    0   -1   -4   -5    4    3    0   -1    0   -1   -4   -5  
     12 |   1    0    1    0  -16  -17  -16  -17    1    0    1    0    0   -1    0   -1  
     13 |   0   -1    0   -1  -17  -18  -17  -18    0   -1    0   -1   -1   -2   -1   -2  
     14 |   1    0   -3   -4  -16  -17  -20  -21    1    0   -3   -4    0   -1   -4   -5  
     15 |   0   -1   -4   -5  -17  -18  -21  -22    0   -1   -4   -5   -1   -2   -5   -6  
  Average values of 10 similar solutions:
    Found in gen:  1018335.3 generation
  Used nodes:    1.3333333333333333
  Functionality: 27.61631944444445 %
  Min best fitness:      2112
  Average fitness:       2154.6666666666665
  Average elapsed time:  9.1 s 


adder4x4.txt  Max gates: 3
  Graph:     1x30    Lback: 30
  Function set: id, and, or, xor, not, nand, nor, nxor
  Mutations: 2   Gnerations:2500000   Population:5
  Runs cnt:  30
  Max fit:   1280
Results
  Best chromosome:  {8,5,1,30,2,1,30}(1,7,5)(0,0,7)(0,4,3)(7,8,5)(1,7,0)(1,5,5)(13,10,7)(13,13,3)(14,15,2)(13,0,0)(6,1,2)(1,11,1)(9,1,3)(14,8,2)(12,8,1)(18,8,3)(13,4,6)(2,9,2)(2,17,5)(9,8,0)(3,3,5)(13,20,5)(25,20,3)(13,26,3)(15,20,0)(18,9,7)(33,31,4)(29,1,2)(20,25,7)(35,30,7)(0,14,13,3,0)
    Fitness:  2240
    Used nodes: 3
    Functionality: 81.06770833333333%
        |   0    1    2    3    4    5    6    7    8    9   10   11   12   13   14   15  
    ----+---------------------------------------------------------------------------------
      0 |   4    3    2    1    0   -1   -2   -3    4    3    2    1    0   -1   -2   -3  
      1 |   5    4    3    2    1    0   -1   -2    5    4    3    2    1    0   -1   -2  
      2 |   2    1    0   -1   -2   -3   -4   -5    2    1    0   -1   -2   -3   -4   -5  
      3 |   3    2    1    0   -1   -2   -3   -4    3    2    1    0   -1   -2   -3   -4  
      4 |   0   -1   -2   -3    0   -1   -2   -3    0   -1   -2   -3  -16  -17  -18  -19  
      5 |   1    0   -1   -2    1    0   -1   -2    1    0   -1   -2  -15  -16  -17  -18  
      6 |  -2   -3   -4   -5   -2   -3   -4   -5   -2   -3   -4   -5  -18  -19  -20  -21  
      7 |  -1   -2   -3   -4   -1   -2   -3   -4   -1   -2   -3   -4  -17  -18  -19  -20  
      8 |  21   20   19   18   17   16   15   14    5    4    3    2    1    0   -1   -2  
      9 |  22   21   20   19   18   17   16   15    6    5    4    3    2    1    0   -1  
     10 |  19   18   17   16   15   14   13   12    3    2    1    0   -1   -2   -3   -4  
     11 |  20   19   18   17   16   15   14   13    4    3    2    1    0   -1   -2   -3  
     12 |  17   16   15   14    1    0   -1   -2    1    0   -1   -2    1    0   -1   -2  
     13 |  18   17   16   15    2    1    0   -1    2    1    0   -1    2    1    0   -1  
     14 |  15   14   13   12   -1   -2   -3   -4   -1   -2   -3   -4   -1   -2   -3   -4  
     15 |  16   15   14   13    0   -1   -2   -3    0   -1   -2   -3    0   -1   -2   -3  
  Average values of 2 similar solutions:
    Found in gen:  395551.0 generation
  Used nodes:    0.2
  Functionality: 5.434895833333333 %
  Min best fitness:      2240
  Average fitness:       2299.733333333333
  Average elapsed time:  8.7 s 


adder4x4.txt  Max gates: 2
  Graph:     1x30    Lback: 30
  Function set: id, and, or, xor, not, nand, nor, nxor
  Mutations: 2   Gnerations:2500000   Population:5
  Runs cnt:  30
  Max fit:   1280
Results
  Best chromosome:  {8,5,1,30,2,1,30}(0,4,2)(3,6,3)(2,2,0)(2,2,7)(3,8,1)(0,0,7)(8,4,0)(8,9,0)(2,1,6)(9,1,4)(5,4,7)(14,5,3)(14,15,5)(13,19,5)(6,8,0)(21,13,0)(11,22,3)(14,18,2)(12,23,5)(0,18,7)(18,17,6)(14,11,1)(9,22,5)(15,1,3)(21,24,3)(28,5,5)(8,1,2)(26,25,7)(8,26,6)(16,17,7)(4,27,0,27,5)
    Fitness:  2432
    Used nodes: 2
    Functionality: 81.14583333333334%
        |   0    1    2    3    4    5    6    7    8    9   10   11   12   13   14   15  
    ----+---------------------------------------------------------------------------------
      0 |   0   -1   -2   -3    7    6    5    4   18   17   16   15    5    4    3    2  
      1 |  -1   -2   -3   -4    6    5    4    3   17   16   15   14    4    3    2    1  
      2 |  -2   -3   -4   -5    5    4    3    2   16   15   14   13    3    2    1    0  
      3 |  -3   -4   -5   -6    4    3    2    1   15   14   13   12    2    1    0   -1  
      4 |  -4   -5   -6   -7    3    2    1    0   14   13   12   11    1    0   -1   -2  
      5 |  -5   -6   -7   -8    2    1    0   -1   13   12   11   10    0   -1   -2   -3  
      6 |  -6   -7   -8   -9    1    0   -1   -2   12   11   10    9   -1   -2   -3   -4  
      7 |  -7   -8   -9  -10    0   -1   -2   -3   11   10    9    8   -2   -3   -4   -5  
      8 |   6    5    4    3   -7   -8   -9  -10    4    3    2    1   11   10    9    8  
      9 |   5    4    3    2   -8   -9  -10  -11    3    2    1    0   10    9    8    7  
     10 |   4    3    2    1   -9  -10  -11  -12    2    1    0   -1    9    8    7    6  
     11 |   3    2    1    0  -10  -11  -12  -13    1    0   -1   -2    8    7    6    5  
     12 |   2    1    0   -1  -11  -12  -13  -14    0   -1   -2   -3    7    6    5    4  
     13 |   1    0   -1   -2  -12  -13  -14  -15   -1   -2   -3   -4    6    5    4    3  
     14 |   0   -1   -2   -3  -13  -14  -15  -16   -2   -3   -4   -5    5    4    3    2  
     15 |  -1   -2   -3   -4  -14  -15  -16  -17   -3   -4   -5   -6    4    3    2    1  
  Average values of 26 similar solutions:
    Found in gen:  251605.34615384616 generation
  Used nodes:    1.7333333333333334
  Functionality: 70.16753472222223 %
  Min best fitness:      2432
  Average fitness:       2461.866666666667
  Average elapsed time:  8.266666666666667 s 


adder4x4.txt  Max gates: 1
  Graph:     1x30    Lback: 30
  Function set: id, and, or, xor, not, nand, nor, nxor
  Mutations: 2   Gnerations:1000000   Population:5
  Runs cnt:  30
  Max fit:   1280
Results
  Best chromosome:  {8,5,1,30,2,1,30}(4,3,6)(5,7,1)(4,9,5)(7,8,7)(11,2,6)(11,8,7)(5,10,2)(7,7,6)(9,4,2)(3,10,5)(16,17,4)(6,14,5)(15,13,0)(10,20,4)(4,4,0)(5,22,6)(11,19,6)(17,12,3)(15,13,6)(25,21,7)(22,26,1)(5,1,3)(24,17,0)(1,11,0)(6,5,5)(26,26,1)(32,8,2)(24,5,5)(6,30,1)(0,8,1)(0,0,29,6,1)
    Fitness:  2816
    Used nodes: 1
    Functionality: 72.8125%
        |   0    1    2    3    4    5    6    7    8    9   10   11   12   13   14   15  
    ----+---------------------------------------------------------------------------------
      0 |   0   -1    0   -1    0   -1    0   -1   -8   -9   -8   -9   -8   -9   -8   -9  
      1 |  -1   -2   -1   -2   -1   -2   -1   -2   -9  -10   -9  -10   -9  -10   -9  -10  
      2 |  -2   -3   -2   -3   -2   -3   -2   -3  -10  -11  -10  -11  -10  -11  -10  -11  
      3 |  -3   -4   -3   -4   -3   -4   -3   -4  -11  -12  -11  -12  -11  -12  -11  -12  
      4 |   1    0    1    0   -7   -8   -7   -8   -7   -8   -7   -8  -15  -16  -15  -16  
      5 |   0   -1    0   -1   -8   -9   -8   -9   -8   -9   -8   -9  -16  -17  -16  -17  
      6 |  -1   -2   -1   -2   -9  -10   -9  -10   -9  -10   -9  -10  -17  -18  -17  -18  
      7 |  -2   -3   -2   -3  -10  -11  -10  -11  -10  -11  -10  -11  -18  -19  -18  -19  
      8 |  16   15   16   15   16   15   16   15    8    7    8    7    8    7    8    7  
      9 |  15   14   15   14   15   14   15   14    7    6    7    6    7    6    7    6  
     10 |  14   13   14   13   14   13   14   13    6    5    6    5    6    5    6    5  
     11 |  13   12   13   12   13   12   13   12    5    4    5    4    5    4    5    4  
     12 |  17   16   17   16    9    8    9    8    9    8    9    8    1    0    1    0  
     13 |  16   15   16   15    8    7    8    7    8    7    8    7    0   -1    0   -1  
     14 |  15   14   15   14    7    6    7    6    7    6    7    6   -1   -2   -1   -2  
     15 |  14   13   14   13    6    5    6    5    6    5    6    5   -2   -3   -2   -3  
  Average values of 30 similar solutions:
    Found in gen:  975.3333333333334 generation
  Used nodes:    1.0
  Functionality: 79.57465277777777 %
  Min best fitness:      2816
  Average fitness:       2816.0
  Average elapsed time:  3.1666666666666665 s 


adder4x4.txt  Max gates: 0
  Graph:     1x30    Lback: 30
  Function set: id, and, or, xor, not, nand, nor, nxor
  Mutations: 2   Gnerations:1000000   Population:5
  Runs cnt:  30
  Max fit:   1280
Results
  Best chromosome:  {8,5,1,30,2,1,30}(4,4,3)(6,6,4)(5,4,5)(8,4,5)(9,0,4)(9,0,1)(6,2,3)(3,8,7)(14,14,5)(0,6,4)(3,1,7)(16,14,2)(13,14,6)(13,20,7)(8,21,0)(21,22,4)(3,10,6)(23,24,3)(25,10,6)(15,26,7)(16,5,4)(20,15,7)(0,4,7)(8,4,0)(6,12,4)(13,19,3)(26,29,6)(20,20,0)(34,21,4)(27,32,4)(4,5,4,3,4)
    Fitness:  2944
    Used nodes: 0
    Functionality: 76.90104166666667%
        |   0    1    2    3    4    5    6    7    8    9   10   11   12   13   14   15  
    ----+---------------------------------------------------------------------------------
      0 |   0   -1   -2   -3    4    3    2    1   13   12   11   10   17   16   15   14  
      1 |   1    0   -1   -2    5    4    3    2   14   13   12   11   18   17   16   15  
      2 |  -2   -3   -4   -5    2    1    0   -1   11   10    9    8   15   14   13   12  
      3 |  -1   -2   -3   -4    3    2    1    0   12   11   10    9   16   15   14   13  
      4 |  -4   -5   -6   -7    0   -1   -2   -3    9    8    7    6   13   12   11   10  
      5 |  -3   -4   -5   -6    1    0   -1   -2   10    9    8    7   14   13   12   11  
      6 |  -6   -7   -8   -9   -2   -3   -4   -5    7    6    5    4   11   10    9    8  
      7 |  -5   -6   -7   -8   -1   -2   -3   -4    8    7    6    5   12   11   10    9  
      8 |  -8   -9  -10  -11   -4   -5   -6   -7    5    4    3    2    9    8    7    6  
      9 |  -7   -8   -9  -10   -3   -4   -5   -6    6    5    4    3   10    9    8    7  
     10 | -10  -11  -12  -13   -6   -7   -8   -9    3    2    1    0    7    6    5    4  
     11 |  -9  -10  -11  -12   -5   -6   -7   -8    4    3    2    1    8    7    6    5  
     12 | -12  -13  -14  -15   -8   -9  -10  -11    1    0   -1   -2    5    4    3    2  
     13 | -11  -12  -13  -14   -7   -8   -9  -10    2    1    0   -1    6    5    4    3  
     14 | -14  -15  -16  -17  -10  -11  -12  -13   -1   -2   -3   -4    3    2    1    0  
     15 | -13  -14  -15  -16   -9  -10  -11  -12    0   -1   -2   -3    4    3    2    1  
  Average values of 30 similar solutions:
    Found in gen:  239.1 generation
  Used nodes:    0.0
  Functionality: 77.9982638888889 %
  Min best fitness:      2944
  Average fitness:       2944.0
  Average elapsed time:  2.966666666666667 s 


