Training data:
   file:../data/w_mult_8x8.txt, items:32768, inputs:16, outputs:16
1
1
1
1
1
1
1
1
12
27
41
54
66
78
89
100
112
122
133
143
154
164
174
184
194
204
214
224
234
243
253
266
279
292
305
319
332
344
357
370
382
395
407
420
432
444
456
468
480
492
505
518
532
546
561
575
589
603
617
631
645
659
673
686
700
714
727
740
754
768
783
798
814
829
844
859
874
889
904
919
934
949
963
978
992
1007
1022
1038
1054
1071
1086
1102
1119
1134
1150
1166
1182
1197
1214
1228
1245
1260
1276
1293
1310
1326
1343
1360
1377
1394
1410
1427
1444
1460
1477
1493
1510
1526
1543
1561
1579
1596
1614
1631
1649
1667
1683
1702
1718
1735
1753
1770
1788
1805
1824
1843
1861
1879
1896
1916
1933
1952
1970
1987
2006
2023
2042
2060
2079
2099
2117
2137
2155
2174
2193
2211
2231
2248
2268
2286
2304
2325
2345
2364
2383
2403
2423
2442
2461
2481
2500
2519
2539
2557
2579
2598
2619
2639
2659
2679
2699
2720
2739
2759
2779
2799
2818
2840
2860
2881
2903
2922
2944
2964
2985
3005
3026
3046
3067
3087
3110
3130
3152
3174
3194
3216
3237
3258
3279
3300
3321
3344
3364
3388
3409
3430
3453
3475
3495
3518
3538
3561
3582
3604
3628
3650
3672
3695
3717
3739
3762
3783
3806
3828
3850
3874
3897
3919
3944
3965
3989
4011
4033
4056
4080
4101
4127
4149
4173
4196
4220
4243
4267
4289
4314
4336
4360
4383
4408
4431
4456
4480
4503
4527
4552
4574
4598
4623
4647
4673
4696
4721
4746
4768
4794
4819
4841
4867
4892
4916
4943
4966
4992
5017
5041
5067
5091
5115
5142
5167
5192
5217
5244
5268
5294
5319
5344
5369
5396
5421
5449
5472
5500
5526
5550
5577
5603
5627
5656
5681
5708
5734
5762
5786
5814
5840
5865
5891
5920
5945
5974
5999
6027
6053
6080
6107
6134
6160
6189
6216
6243
6270
6299
6324
6352
6380
6406
6435
6464
6489
6519
6546
6573
6602
6629
6657
6685
6715
6741
6771
6798
6827
6854
6883
6911
6942
6967
6999
7027
7055
7084
7113
7140
7170
7200
7229
7257
7289
7315
7346
7376
7402
7434
7463
7491
7523
7553
7581
7612
7641
7670
7700
7732
7759
7793
7821
7851
7881
7912
7941
7973
8002
8035
8064
8095
8125
8157
8186
8218
8249
8279
8312
8343
8371
8404
8436
8465
8499
8530
8561
8592
8626
8653
8688
8720
8750
8783
8816
8846
8880
8911
8942
8974
9009
9038
9073
9107
9136
9170
9202
9235
9269
9301
9333
9368
9399
9433
9464
9500
9531
9567
9598
9633
9666
9699
9732
9768
9798
9836
9868
9902
9935
9970
10002
10038
10074
10105
10141
10176
10208
10245
10281
10312
10350
10383
10418
10451
10490
10520
10560
10593
10628
10663
10700
10732
10771
10804
10842
10876
10913
10948
10984
11020
11056
11093
11128
11165
11202
11235
11273
11312
11345
11385
11420
11456
11492
11532
11565
11605
11643
11678
11714
11755
11788
11830
11865
11903
11941
11979
12014
12055
12091
12131
12167
12206
12243
12283
12319
12360
12399
12435
12475
12515
12550
12592
12632
12667
12709
12748
12786
12826
12867
12904
12945
12984
13022
13063
13104
13142
13186
13221
13264
13304
13342
13384
13427
13462
13508
13545
13587
13627
13670
13708
13752
13791
13833
13873
13917
13955
14001
14038
14082
14124
14165
14206
14253
14287
14336
14376
14417
14461
14504
14543
14590
14629
14676
14716
14760
14802
14848
14887
14934
14977
15020
15061
15109
15148
15196
15239
15283
15326
15372
15414
15463
15501
15550
15594
15637
15683
15731
15770
15820
15861
15909
15955
15999
16044
16092
16133
16184
16228
16272
16321
16366
16412
16461
16505
16552
16600
16643
16695
16740
16785
16834
16882
16927
16978
17021
17073
17118
17166
17215
17265
17308
17361
17405
17457
17505
17553
17601
17652
17697
17751
17799
17846
17899
17945
17997
18046
18095
18145
18197
18243
18300
18344
18397
18449
18497
18548
18602
18647
18705
18753
18804
18859
18905
18960
19013
19062
19115
19169
19217
19275
19323
19378
19429
19483
19536
19589
19642
19696
19748
19803
19858
19907
19968
20015
20074
20128
20178
20237
20291
20345
20401
20455
20509
20569
20619
20679
20730
20789
20846
20899
20959
21011
21071
21128
21182
21240
21299
21353
21413
21468
21526
21587
21641
21703
21756
21820
21876
21932
21995
22050
22113
22170
22229
22290
22348
22409
22468
22528
22589
22650
22708
22772
22829
22893
22953
23014
23079
23135
23202
23259
23324
23387
23446
23514
23571
23638
23700
23761
23830
23886
23956
24016
24081
24149
24207
24278
24337
24406
24471
24532
24604
24663
24734
24797
24864
24934
24993
25067
25129
25198
25267
25331
25403
25467
25537
25605
25673
25743
25810
25881
25949
26019
26086
26161
26227
26300
26370
26437
26515
26578
26656
26724
26796
26871
26939
27015
27085
27159
27232
27306
27376
27455
27526
27599
27679
27746
27827
27899
27975
28052
28126
28202
28281
28356
28431
28515
28583
28668
28742
28822
28897
28982
29055
29137
29218
29293
29378
29455
29537
29616
29702
29775
29865
29942
30026
30107
30194
30270
30360
30441
30525
30610
30697
30777
30865
30953
31035
31123
31210
31296
31381
31474
31558
31647
31734
31828
31911
32004
32093
32184
32273
32367
32455
32549
32640
32734
32826
32919
33014
33107
33202
33295
33394
33486
33586
33677
33779
33872
33975
34068
34171
34265
34370
34465
34568
34670
34768
34874
34972
35079
35178
35287
35386
35495
35598
35703
35813
35915
36027
36131
36243
36349
36459
36571
36679
36795
36902
37017
37130
37241
37360
37470
37590
37705
37820
37943
38054
38179
38295
38415
38540
38657
38781
38907
39027
39156
39279
39403
39537
39659
39789
39922
40048
40182
40316
40445
40581
40719
40851
40989
41130
41266
41405
41550
41690
41831
41979
42124
42269
42417
42570
42716
42867
43022
43178
43330
43486
43646
43809
43966
44128
44293
44462
44629
44796
44965
45139
45316
45492
45668
45848
46030
46214
46402
46591
46783
46975
47170
47368
47569
47772
47978
48189
48401
48616
48836
49057
49284
49513
49747
49985
50227
50473
50724
50978
51240
51509
51784
52063
52345
52642
52946
53250
53573
53903
54238
54594
54957
55333
55737
56147
56581
57043
57535
58060
58628
59257
59962
60788
61804
0
CGP parameters:
   l-back=333, rows=1, cols=333, functions=8
   popsize=1, mutgenes=1, generations=1
   evalunused=false, max_nodes=333
Evolutionary run:
   initial fitness=0, best fitness=18446744073709486080
Best fitness: 0/18446744073709486080
Best individual: {16,16, 333,1, 2,1,333}([16]15,7,2)([17]15,6,2)([18]15,5,2)([19]15,4,2)([20]15,3,2)([21]15,2,2)([22]15,1,2)([23]15,0,2)([24]14,7,2)([25]14,6,2)([26]14,5,2)([27]14,4,2)([28]14,3,2)([29]14,2,2)([30]14,1,2)([31]14,0,2)([32]13,7,2)([33]13,6,2)([34]13,5,2)([35]13,4,2)([36]13,3,2)([37]13,2,2)([38]13,1,2)([39]13,0,2)([40]12,7,2)([41]12,6,2)([42]12,5,2)([43]12,4,2)([44]12,3,2)([45]12,2,2)([46]12,1,2)([47]12,0,2)([48]11,7,2)([49]11,6,2)([50]11,5,2)([51]11,4,2)([52]11,3,2)([53]11,2,2)([54]11,1,2)([55]11,0,2)([56]10,7,2)([57]10,6,2)([58]10,5,2)([59]10,4,2)([60]10,3,2)([61]10,2,2)([62]10,1,2)([63]10,0,2)([64]9,7,2)([65]9,6,2)([66]9,5,2)([67]9,4,2)([68]9,3,2)([69]9,2,2)([70]9,1,2)([71]9,0,2)([72]8,7,2)([73]8,6,2)([74]8,5,2)([75]8,4,2)([76]8,3,2)([77]8,2,2)([78]8,1,2)([79]8,0,2)([80]17,24,4)([81]17,24,2)([82]18,25,4)([83]18,25,2)([84]82,32,4)([85]82,32,2)([86]85,83,3)([87]19,26,4)([88]19,26,2)([89]87,33,4)([90]87,33,2)([91]90,88,3)([92]20,27,4)([93]20,27,2)([94]92,34,4)([95]92,34,2)([96]95,93,3)([97]21,28,4)([98]21,28,2)([99]97,35,4)([100]97,35,2)([101]100,98,3)([102]22,29,4)([103]22,29,2)([104]102,36,4)([105]102,36,2)([106]105,103,3)([107]23,30,4)([108]23,30,2)([109]107,37,4)([110]107,37,2)([111]110,108,3)([112]31,38,4)([113]31,38,2)([114]41,48,4)([115]41,48,2)([116]42,49,4)([117]42,49,2)([118]116,56,4)([119]116,56,2)([120]119,117,3)([121]43,50,4)([122]43,50,2)([123]121,57,4)([124]121,57,2)([125]124,122,3)([126]44,51,4)([127]44,51,2)([128]126,58,4)([129]126,58,2)([130]129,127,3)([131]45,52,4)([132]45,52,2)([133]131,59,4)([134]131,59,2)([135]134,132,3)([136]46,53,4)([137]46,53,2)([138]136,60,4)([139]136,60,2)([140]139,137,3)([141]47,54,4)([142]47,54,2)([143]141,61,4)([144]141,61,2)([145]144,142,3)([146]55,62,4)([147]55,62,2)([148]81,84,4)([149]81,84,2)([150]86,89,4)([151]86,89,2)([152]150,40,4)([153]150,40,2)([154]153,151,3)([155]91,94,4)([156]91,94,2)([157]155,114,4)([158]155,114,2)([159]158,156,3)([160]96,99,4)([161]96,99,2)([162]160,118,4)([163]160,118,2)([164]163,161,3)([165]101,104,4)([166]101,104,2)([167]165,123,4)([168]165,123,2)([169]168,166,3)([170]106,109,4)([171]106,109,2)([172]170,128,4)([173]170,128,2)([174]173,171,3)([175]111,112,4)([176]111,112,2)([177]175,133,4)([178]175,133,2)([179]178,176,3)([180]113,39,4)([181]113,39,0)([182]180,138,4)([183]180,138,2)([184]183,181,3)([185]120,64,4)([186]120,64,2)([187]125,65,4)([188]125,65,2)([189]187,72,4)([190]187,72,2)([191]190,188,3)([192]130,66,4)([193]130,66,2)([194]192,73,4)([195]192,73,2)([196]195,193,3)([197]135,67,4)([198]135,67,2)([199]197,74,4)([200]197,74,2)([201]200,198,3)([202]140,68,4)([203]140,68,2)([204]202,75,4)([205]202,75,2)([206]205,203,3)([207]145,69,4)([208]145,69,2)([209]207,76,4)([210]207,76,2)([211]210,208,3)([212]147,70,4)([213]147,70,2)([214]212,77,4)([215]212,77,2)([216]215,213,3)([217]71,78,4)([218]71,78,2)([219]152,149,4)([220]152,149,2)([221]157,154,4)([222]157,154,2)([223]162,159,4)([224]162,159,2)([225]223,115,4)([226]223,115,2)([227]226,224,3)([228]167,164,4)([229]167,164,2)([230]228,185,4)([231]228,185,2)([232]231,229,3)([233]172,169,4)([234]172,169,2)([235]233,189,4)([236]233,189,2)([237]236,234,3)([238]177,174,4)([239]177,174,2)([240]238,194,4)([241]238,194,2)([242]241,239,3)([243]182,179,4)([244]182,179,2)([245]243,199,4)([246]243,199,2)([247]246,244,3)([248]143,184,4)([249]143,184,2)([250]248,204,4)([251]248,204,2)([252]251,249,3)([253]146,209,4)([254]146,209,2)([255]63,214,4)([256]63,214,2)([257]221,220,4)([258]221,220,2)([259]225,222,4)([260]225,222,2)([261]230,227,4)([262]230,227,2)([263]235,232,4)([264]235,232,2)([265]263,186,4)([266]263,186,2)([267]266,264,3)([268]240,237,4)([269]240,237,2)([270]268,191,4)([271]268,191,2)([272]271,269,3)([273]245,242,4)([274]245,242,2)([275]273,196,4)([276]273,196,2)([277]276,274,3)([278]250,247,4)([279]250,247,2)([280]278,201,4)([281]278,201,2)([282]281,279,3)([283]253,252,4)([284]253,252,2)([285]283,206,4)([286]283,206,2)([287]286,284,3)([288]255,254,4)([289]255,254,2)([290]288,211,4)([291]288,211,2)([292]291,289,3)([293]217,256,4)([294]217,256,2)([295]293,216,4)([296]293,216,2)([297]296,294,3)([298]79,218,4)([299]218,79,0)([300]259,258,4)([301]259,258,2)([302]261,260,4)([303]261,260,2)([304]302,301,4)([305]302,301,2)([306]305,303,3)([307]265,262,4)([308]265,262,2)([309]307,306,4)([310]307,306,2)([311]310,308,3)([312]270,267,4)([313]270,267,2)([314]312,311,4)([315]312,311,2)([316]315,313,3)([317]275,272,4)([318]275,272,2)([319]317,316,4)([320]317,316,2)([321]320,318,3)([322]280,277,4)([323]280,277,2)([324]322,321,4)([325]322,321,2)([326]325,323,3)([327]285,282,4)([328]285,282,2)([329]327,326,4)([330]327,326,2)([331]330,328,3)([332]290,287,4)([333]290,287,2)([334]332,331,4)([335]332,331,2)([336]335,333,3)([337]295,292,4)([338]295,292,2)([339]337,336,4)([340]337,336,2)([341]340,338,3)([342]298,297,4)([343]298,297,2)([344]342,341,4)([345]342,341,2)([346]345,343,3)([347]299,346,4)([348]0,0,0)(347,344,339,334,329,324,319,314,309,304,300,257,219,148,80,16)
Duration: 0.000000 Evaluations per sec: -nan
