----SHD----
mult3x3.txt  Max gates: inf
  Graph:     1x35    Lback: 35
  Function set: id, and, or, xor, not, nand, nor, nxor
  Mutations: 2   Gnerations:10000000   Population:5
  Runs cnt:  30
  Max fit:   384
Results
  Best chromosome:  {6,6,1,35,2,1,35}(2,4,5)(3,2,1)(0,5,5)(8,2,6)(8,7,7)(3,1,5)(4,0,1)(2,5,1)(4,1,5)(14,13,2)(14,10,7)(15,10,7)(0,3,1)(11,12,7)(16,15,1)(10,7,2)(21,20,7)(22,19,7)(23,22,6)(18,15,5)(24,14,7)(1,5,5)(26,18,1)(28,25,2)(24,25,7)(10,10,6)(27,6,3)(24,9,1)(6,8,5)(9,30,1)(32,17,4)(22,26,2)(28,3,6)(38,32,6)(33,10,0)(28,30,23,17,32,13)
    Fitness:  395
    Used nodes: 24
    Functionality: 100.0%
        |   0    1    2    3    4    5    6    7  
    ----+-----------------------------------------
      0 |   0    0    0    0    0    0    0    0  
      1 |   0    0    0    0    0    0    0    0  
      2 |   0    0    0    0    0    0    0    0  
      3 |   0    0    0    0    0    0    0    0  
      4 |   0    0    0    0    0    0    0    0  
      5 |   0    0    0    0    0    0    0    0  
      6 |   0    0    0    0    0    0    0    0  
      7 |   0    0    0    0    0    0    0    0  
  Used nodes:    0.8
  Functionality: 3.3333333333333335 %
  Min best fitness:      380
  Average fitness:       386.7
  Average elapsed time:  64.8 s 


mult3x3.txt  Max gates: 23
  Graph:     1x35    Lback: 35
  Function set: id, and, or, xor, not, nand, nor, nxor
  Mutations: 2   Gnerations:10000000   Population:5
  Runs cnt:  30
  Max fit:   384
Results
  Best chromosome:  {6,6,1,35,2,1,35}(1,4,5)(0,4,1)(0,5,1)(5,2,1)(3,4,2)(5,1,5)(4,2,5)(5,1,5)(3,1,5)(3,2,5)(14,7,7)(8,1,5)(8,15,7)(9,16,5)(6,9,6)(11,12,3)(6,19,3)(8,8,5)(21,21,5)(4,18,0)(22,18,5)(26,19,7)(23,19,0)(19,18,2)(0,3,1)(27,30,7)(22,30,1)(20,18,3)(27,16,7)(4,33,7)(8,6,6)(26,0,6)(29,13,6)(7,15,0)(21,37,4)(32,31,34,33,21,9)
    Fitness:  381
    Used nodes: 21
    Functionality: 96.42857142857143%
        |   0    1    2    3    4    5    6    7  
    ----+-----------------------------------------
      0 |   0    0    0    0    0    0    0    0  
      1 |   0    0    0    0    0    0    0    0  
      2 |   0    0    0    0    0    0    0    0  
      3 |   0    0    0   -8    0    0    0    0  
      4 |   0    0    0    0    0    0    0    0  
      5 |   0    0    0    0    0   -8    0    0  
      6 |   0    0    0    0    0    0   16    0  
      7 |   0    0    0    0    0    0    0    0  
  Average values of 2 similar solutions:
    Found in gen:  1953260.5 generation
  Used nodes:    1.4666666666666666
  Functionality: 6.428571428571429 %
  Min best fitness:      362
  Average fitness:       376.4
  Average elapsed time:  63.46666666666667 s 


mult3x3.txt  Max gates: 22
  Graph:     1x35    Lback: 35
  Function set: id, and, or, xor, not, nand, nor, nxor
  Mutations: 2   Gnerations:10000000   Population:5
  Runs cnt:  30
  Max fit:   384
Results
  Best chromosome:  {6,6,1,35,2,1,35}(5,1,1)(2,5,1)(1,4,1)(3,2,5)(8,7,2)(0,5,1)(0,3,1)(4,2,5)(6,10,2)(4,0,1)(12,10,1)(13,6,7)(9,10,3)(3,1,1)(11,18,3)(6,7,7)(21,10,3)(7,20,7)(1,4,6)(20,8,1)(12,25,6)(16,25,7)(19,15,2)(16,28,1)(11,22,4)(27,28,7)(26,29,7)(3,29,4)(16,26,4)(1,8,3)(24,15,2)(27,13,6)(31,29,3)(25,19,3)(6,38,7)(29,32,31,23,17,7)
    Fitness:  382
    Used nodes: 22
    Functionality: 97.32142857142857%
        |   0    1    2    3    4    5    6    7  
    ----+-----------------------------------------
      0 |   0    0    0    0    0    0    0    0  
      1 |   0    0    0    0    0    0    0    0  
      2 |   0    0    0    0    0    0    0    0  
      3 |   0    0    0   -8    0    0    0    0  
      4 |   0    0    0    0    0    0    0    0  
      5 |   0    0    0    0    0    0    0    0  
      6 |   0    0    0    0    0    0    0    0  
      7 |   0    0    0    0    0    0    0  -16  
  Used nodes:    0.7333333333333333
  Functionality: 3.244047619047619 %
  Min best fitness:      365
  Average fitness:       376.06666666666666
  Average elapsed time:  60.03333333333333 s 


mult3x3.txt  Max gates: 21
  Graph:     1x35    Lback: 35
  Function set: id, and, or, xor, not, nand, nor, nxor
  Mutations: 2   Gnerations:10000000   Population:5
  Runs cnt:  30
  Max fit:   384
Results
  Best chromosome:  {6,6,1,35,2,1,35}(2,3,5)(4,1,1)(2,4,1)(1,8,4)(0,3,5)(0,5,1)(2,5,1)(12,7,6)(13,10,6)(4,0,5)(1,3,1)(11,6,7)(5,1,5)(10,17,7)(2,1,3)(7,19,5)(14,21,3)(19,4,5)(0,2,5)(19,12,2)(13,12,2)(18,8,7)(15,16,7)(2,20,4)(28,22,7)(13,17,6)(22,10,3)(30,14,7)(17,26,7)(32,0,7)(14,31,3)(25,3,1)(15,22,4)(23,30,7)(30,29,1)(14,32,30,34,27,12)
    Fitness:  380
    Used nodes: 21
    Functionality: 95.53571428571429%
        |   0    1    2    3    4    5    6    7  
    ----+-----------------------------------------
      0 |   0    0    0    0    0    0    0    0  
      1 |   0    0    0    0    0    0    0    0  
      2 |   0    0    0    0    0    0    0    0  
      3 |   0    0    0   -8    0    0    0    0  
      4 |   0    0    0    0    0    0    0    0  
      5 |   0    0    0    0    0   16    0    0  
      6 |   0    0    0    0    0    0   16    0  
      7 |   0    0    0    0    0    0    0    0  
  Average values of 2 similar solutions:
    Found in gen:  5897053.5 generation
  Used nodes:    1.4
  Functionality: 6.339285714285714 %
  Min best fitness:      358
  Average fitness:       374.26666666666665
  Average elapsed time:  50.93333333333333 s 


mult3x3.txt  Max gates: 20
  Graph:     1x35    Lback: 35
  Function set: id, and, or, xor, not, nand, nor, nxor
  Mutations: 2   Gnerations:10000000   Population:5
  Runs cnt:  30
  Max fit:   384
Results
  Best chromosome:  {6,6,1,35,2,1,35}(3,0,4)(4,1,5)(2,3,1)(4,0,1)(1,3,1)(0,5,5)(4,2,5)(8,4,4)(7,8,7)(1,5,5)(11,14,3)(11,7,5)(17,16,5)(3,0,5)(2,5,1)(9,18,7)(20,15,3)(21,21,7)(9,10,1)(2,20,7)(12,15,3)(23,16,2)(19,18,3)(7,8,3)(19,6,7)(21,5,6)(26,12,2)(10,21,3)(16,32,3)(2,29,6)(34,22,5)(25,20,1)(32,28,4)(24,14,5)(38,29,5)(24,28,33,34,26,20)
    Fitness:  379
    Used nodes: 20
    Functionality: 88.39285714285714%
        |   0    1    2    3    4    5    6    7  
    ----+-----------------------------------------
      0 |   0    0    0    0    0    0    0    0  
      1 |   0    0    0    0    0    0    0    0  
      2 |   0    0    0    0    0    0    0    0  
      3 |   0    0    0   -8    0    0    0    0  
      4 |   0    0    0    0    0    0    0    0  
      5 |   0    0    0    0    0  -16    0  -32  
      6 |   0    0    0    0    0    0   16    0  
      7 |   0    0    0    0    0  -32    0    0  
  Used nodes:    0.6666666666666666
  Functionality: 2.946428571428571 %
  Min best fitness:      358
  Average fitness:       370.6333333333333
  Average elapsed time:  63.733333333333334 s 


mult3x3.txt  Max gates: 19
  Graph:     1x35    Lback: 35
  Function set: id, and, or, xor, not, nand, nor, nxor
  Mutations: 2   Gnerations:10000000   Population:5
  Runs cnt:  30
  Max fit:   384
Results
  Best chromosome:  {6,6,1,35,2,1,35}(5,0,5)(4,1,5)(2,5,1)(4,2,5)(5,1,5)(7,8,6)(4,0,1)(2,1,6)(12,4,7)(3,0,5)(3,2,5)(6,16,7)(12,13,6)(11,17,7)(7,17,2)(17,9,5)(1,4,2)(1,3,1)(20,15,3)(17,12,5)(12,20,3)(23,26,7)(4,27,4)(28,9,3)(2,22,5)(10,9,3)(8,11,7)(32,15,6)(29,18,6)(8,19,3)(1,0,3)(10,6,1)(22,25,4)(11,32,4)(13,20,3)(33,24,27,19,31,8)
    Fitness:  376
    Used nodes: 19
    Functionality: 89.28571428571429%
        |   0    1    2    3    4    5    6    7  
    ----+-----------------------------------------
      0 |   0    0    0    0    0    0    0    0  
      1 |   0    0    0    0    0    0    0    0  
      2 |   0    0    0    0    0    0    0    0  
      3 |   0    0    0   -8    0    0    0    0  
      4 |   0    0    0    0    0    0    0    0  
      5 |   0    0    0    0    0   24    0   24  
      6 |   0    0    0    0    0    0   16    0  
      7 |   0    0    0    0    0   24    0    0  
  Used nodes:    0.6333333333333333
  Functionality: 2.9761904761904763 %
  Min best fitness:      359
  Average fitness:       367.8333333333333
  Average elapsed time:  57.333333333333336 s 


mult3x3.txt  Max gates: 18
  Graph:     1x35    Lback: 35
  Function set: id, and, or, xor, not, nand, nor, nxor
  Mutations: 2   Gnerations:10000000   Population:5
  Runs cnt:  30
  Max fit:   384
Results
  Best chromosome:  {6,6,1,35,2,1,35}(5,0,6)(3,1,1)(6,1,7)(5,1,5)(4,0,1)(1,4,5)(5,2,1)(2,3,1)(4,2,5)(8,9,4)(12,11,2)(5,0,5)(13,16,7)(10,3,7)(17,9,4)(7,10,1)(18,17,7)(5,19,0)(9,10,5)(11,24,5)(7,14,5)(5,17,1)(24,26,3)(9,14,3)(17,16,6)(19,23,4)(3,0,1)(7,32,4)(32,16,1)(6,30,7)(32,7,7)(34,0,4)(16,7,2)(32,3,6)(24,6,4)(21,34,28,22,29,12)
    Fitness:  372
    Used nodes: 18
    Functionality: 89.28571428571429%
        |   0    1    2    3    4    5    6    7  
    ----+-----------------------------------------
      0 |   0    0    0    0    0    0    0    0  
      1 |   0    0    0    0    0    0    0    0  
      2 |   0    0    0    0    0    0    0    0  
      3 |   0    0    0   -8    0    0  -16  -16  
      4 |   0    0    0    0    0    0    0    0  
      5 |   0    0    0    0    0   -8    0   -8  
      6 |   0    0    0  -16    0    0    0    0  
      7 |   0    0    0  -16    0   -8    0    0  
  Average values of 3 similar solutions:
    Found in gen:  1306754.6666666667 generation
  Used nodes:    1.8
  Functionality: 9.107142857142858 %
  Min best fitness:      350
  Average fitness:       364.6333333333333
  Average elapsed time:  54.86666666666667 s 


mult3x3.txt  Max gates: 17
  Graph:     1x35    Lback: 35
  Function set: id, and, or, xor, not, nand, nor, nxor
  Mutations: 2   Gnerations:10000000   Population:5
  Runs cnt:  30
  Max fit:   384
Results
  Best chromosome:  {6,6,1,35,2,1,35}(1,5,1)(0,5,1)(3,0,5)(2,3,1)(1,4,5)(8,2,6)(1,3,1)(7,10,3)(7,12,0)(12,11,3)(2,4,1)(5,2,1)(4,0,5)(10,8,6)(19,7,7)(13,9,7)(4,4,0)(10,21,6)(13,23,2)(22,13,3)(18,23,7)(23,8,7)(6,16,3)(12,26,3)(8,19,2)(1,1,4)(5,4,7)(4,8,6)(33,2,5)(1,32,5)(0,30,7)(29,29,1)(15,0,5)(38,28,5)(1,7,6)(19,27,29,21,28,17)
    Fitness:  371
    Used nodes: 17
    Functionality: 93.75%
        |   0    1    2    3    4    5    6    7  
    ----+-----------------------------------------
      0 |   0    0    0    0    0    0    0    0  
      1 |   0    0    0    0    0    0    0    0  
      2 |   0    0    0    0    0    0    0    0  
      3 |   0    0    0   -4    0    0    0   -4  
      4 |   0    0    0    0    0    0    0    0  
      5 |   0    0    0    0    0   -8    0   -8  
      6 |   0    0    0    0    0    0   16    0  
      7 |   0    0    0   -4    0   -8    0    4  
  Used nodes:    0.5666666666666667
  Functionality: 3.125 %
  Min best fitness:      346
  Average fitness:       361.2
  Average elapsed time:  44.766666666666666 s 


mult3x3.txt  Max gates: 16
  Graph:     1x35    Lback: 35
  Function set: id, and, or, xor, not, nand, nor, nxor
  Mutations: 2   Gnerations:10000000   Population:5
  Runs cnt:  30
  Max fit:   384
Results
  Best chromosome:  {6,6,1,35,2,1,35}(2,5,1)(4,1,5)(7,6,6)(0,3,5)(2,3,1)(1,5,1)(4,2,5)(2,1,5)(12,11,7)(13,6,1)(10,8,4)(12,6,3)(1,4,0)(3,1,1)(5,0,1)(8,9,6)(0,4,5)(4,1,3)(19,22,7)(10,8,7)(8,17,5)(15,9,5)(4,3,4)(25,22,0)(28,12,0)(9,7,6)(22,30,1)(20,25,7)(3,4,2)(6,15,3)(31,4,5)(10,17,7)(37,4,1)(7,22,2)(16,22,4)(31,21,24,33,14,6)
    Fitness:  366
    Used nodes: 16
    Functionality: 91.07142857142857%
        |   0    1    2    3    4    5    6    7  
    ----+-----------------------------------------
      0 |   0    0    0    0    0    0    0    0  
      1 |   0    0    0    0    0    0    0    0  
      2 |   0    0    0    0    0    0    0    0  
      3 |   0    0    0   -8    0    0   -8   -8  
      4 |   0    0    0    0    0    0    0    0  
      5 |   0    0    0    0    0   -8    0   -8  
      6 |   0    0    0   -8    0    0    0   -8  
      7 |   0    0    0   -8    0   -8   -8    0  
  Used nodes:    0.5333333333333333
  Functionality: 3.0357142857142856 %
  Min best fitness:      351
  Average fitness:       359.6
  Average elapsed time:  37.03333333333333 s 


mult3x3.txt  Max gates: 15
  Graph:     1x35    Lback: 35
  Function set: id, and, or, xor, not, nand, nor, nxor
  Mutations: 2   Gnerations:10000000   Population:5
  Runs cnt:  30
  Max fit:   384
Results
  Best chromosome:  {6,6,1,35,2,1,35}(2,4,1)(4,0,5)(1,3,5)(7,0,2)(1,5,5)(5,2,1)(4,1,5)(3,2,5)(3,12,5)(8,7,6)(14,11,5)(7,1,5)(7,8,3)(13,13,4)(9,2,1)(19,7,7)(0,5,1)(20,19,4)(21,18,6)(10,6,7)(7,8,7)(12,11,2)(3,0,1)(24,6,1)(22,13,7)(27,30,7)(27,0,2)(4,23,7)(21,21,2)(15,15,3)(17,27,3)(1,30,4)(35,37,3)(34,37,3)(14,27,0)(15,28,18,31,25,11)
    Fitness:  363
    Used nodes: 15
    Functionality: 89.28571428571429%
        |   0    1    2    3    4    5    6    7  
    ----+-----------------------------------------
      0 |   0    0    0    0    0    0    0    0  
      1 |   0    0    0    0    0    0    0    0  
      2 |   0    0    0    0    0    0    0    0  
      3 |   0    0    0   -8    0    0   -8   -8  
      4 |   0    0    0    0    0    0    0    0  
      5 |   0    0    0    0    0   -8    0   -8  
      6 |   0    0    0   -8    0    0   16    8  
      7 |   0    0    0   -8    0   -8    8    0  
  Used nodes:    0.5
  Functionality: 2.9761904761904763 %
  Min best fitness:      347
  Average fitness:       355.96666666666664
  Average elapsed time:  35.4 s 


mult3x3.txt  Max gates: 14
  Graph:     1x35    Lback: 35
  Function set: id, and, or, xor, not, nand, nor, nxor
  Mutations: 2   Gnerations:10000000   Population:5
  Runs cnt:  30
  Max fit:   384
Results
  Best chromosome:  {6,6,1,35,2,1,35}(3,3,5)(1,4,5)(0,3,5)(3,2,1)(1,5,5)(2,5,1)(4,2,5)(5,0,1)(7,11,6)(13,14,3)(10,12,3)(11,3,7)(14,8,6)(18,5,4)(19,0,2)(3,1,1)(20,20,0)(22,14,0)(9,15,3)(10,1,7)(8,7,6)(9,15,3)(12,18,7)(27,16,5)(22,18,0)(11,6,1)(10,9,7)(15,27,1)(1,31,1)(25,12,6)(32,11,3)(12,30,0)(35,23,5)(38,10,1)(29,31,1)(26,18,21,27,16,11)
    Fitness:  360
    Used nodes: 14
    Functionality: 80.35714285714286%
        |   0    1    2    3    4    5    6    7  
    ----+-----------------------------------------
      0 |   0    0    0    0    0    0    0    0  
      1 |   0    0    0    0    0    0    0    0  
      2 |   0    0    0    0    0    0    0    0  
      3 |   0    0    0   -8    0    0   -8   -8  
      4 |   0    0   -8   -8    0    0   -8   -8  
      5 |   0    0   -8   -8    0   -8   -8  -16  
      6 |   0    0   -8  -16    0    0    8    0  
      7 |   0    0   -8  -16    0   -8    0    8  
  Used nodes:    0.4666666666666667
  Functionality: 2.678571428571429 %
  Min best fitness:      336
  Average fitness:       353.1333333333333
  Average elapsed time:  1050.2333333333333 s 


mult3x3.txt  Max gates: 13
  Graph:     1x35    Lback: 35
  Function set: id, and, or, xor, not, nand, nor, nxor
  Mutations: 2   Gnerations:10000000   Population:5
  Runs cnt:  30
  Max fit:   384
Results
  Best chromosome:  {6,6,1,35,2,1,35}(5,2,1)(0,5,1)(3,0,1)(2,4,5)(3,8,6)(1,4,5)(3,0,3)(5,1,1)(12,8,0)(11,6,6)(3,2,5)(6,8,1)(7,16,3)(17,10,4)(19,17,2)(5,20,3)(18,15,7)(4,17,2)(5,7,0)(16,23,4)(10,8,1)(10,3,0)(10,0,1)(10,1,3)(0,4,1)(8,15,1)(13,9,7)(15,8,7)(18,11,2)(5,11,3)(5,27,6)(17,14,3)(11,5,4)(12,3,1)(26,6,7)(31,8,30,22,32,6)
    Fitness:  356
    Used nodes: 13
    Functionality: 73.21428571428572%
        |   0    1    2    3    4    5    6    7  
    ----+-----------------------------------------
      0 |   0    0    0    0    0    0    0    0  
      1 |   0    0    0    0    0    0    0    0  
      2 |   0    0    0    0   -8   -8   -8   -8  
      3 |   0    0    0   -8   -8   -8  -16  -16  
      4 |   0    0    0    0    0    0    0    0  
      5 |   0    0    0    0    0   -8    0   -8  
      6 |   0    0    0   -8   -8   -8   24   16  
      7 |   0    0    0   -8   -8  -16   16  -24  
  Used nodes:    0.43333333333333335
  Functionality: 2.4404761904761907 %
  Min best fitness:      337
  Average fitness:       349.53333333333336
  Average elapsed time:  31.2 s 


mult3x3.txt  Max gates: 12
  Graph:     1x35    Lback: 35
  Function set: id, and, or, xor, not, nand, nor, nxor
  Mutations: 2   Gnerations:10000000   Population:5
  Runs cnt:  30
  Max fit:   384
Results
  Best chromosome:  {6,6,1,35,2,1,35}(1,4,1)(3,0,1)(4,7,3)(0,5,5)(5,1,5)(4,6,6)(2,5,1)(11,9,7)(2,4,5)(5,6,6)(4,0,1)(11,9,4)(11,11,3)(6,9,3)(3,5,0)(14,10,3)(2,3,5)(11,20,6)(22,19,3)(6,23,7)(17,1,2)(13,4,0)(7,26,3)(6,7,1)(15,2,0)(22,20,4)(22,3,6)(12,31,2)(2,32,6)(19,29,0)(35,11,3)(1,12,3)(37,9,3)(27,1,6)(33,31,6)(29,7,16,24,21,12)
    Fitness:  353
    Used nodes: 12
    Functionality: 74.10714285714286%
        |   0    1    2    3    4    5    6    7  
    ----+-----------------------------------------
      0 |   0    0    0    0    0    0    0    0  
      1 |   0    0    0    0    0    0    0    0  
      2 |   0    0    0    0   -8   -8   -8   -8  
      3 |   0    0    0   -4   -8   -8  -16  -20  
      4 |   0    0    0    0    0    0    0    0  
      5 |   0    0    0    0    0   -8    0   -8  
      6 |   0    0    0   -8   -8   -8   24   16  
      7 |   0    0    0  -12   -8  -16   16   12  
  Used nodes:    0.4
  Functionality: 2.4702380952380953 %
  Min best fitness:      334
  Average fitness:       345.46666666666664
  Average elapsed time:  30.8 s 


mult3x3.txt  Max gates: 11
  Graph:     1x35    Lback: 35
  Function set: id, and, or, xor, not, nand, nor, nxor
  Mutations: 2   Gnerations:10000000   Population:5
  Runs cnt:  30
  Max fit:   384
Results
  Best chromosome:  {6,6,1,35,2,1,35}(3,5,3)(1,5,5)(3,0,1)(3,2,5)(0,5,5)(3,8,5)(4,1,1)(9,12,3)(2,4,5)(14,5,2)(8,1,6)(8,12,1)(11,16,7)(9,17,4)(8,15,7)(5,14,2)(21,19,0)(6,3,6)(18,21,3)(13,14,1)(13,25,3)(10,13,3)(2,5,1)(28,10,2)(17,24,1)(3,26,1)(21,8,6)(1,20,3)(14,7,3)(1,14,7)(1,2,6)(28,31,5)(21,14,6)(14,16,4)(8,4,5)(17,8,8,27,34,28)
    Fitness:  349
    Used nodes: 11
    Functionality: 68.75%
        |   0    1    2    3    4    5    6    7  
    ----+-----------------------------------------
      0 |   0    0    0    0    0    0    0    0  
      1 |   0    0    0    0    0    0    0    0  
      2 |   0    0    0    0   -8   -8   -8   -8  
      3 |   0    0    0   -4   -8   -8  -16  -20  
      4 |   0    0   -8   -8    8    8    0    0  
      5 |   0    0   -8   -8    8    0    0   -8  
      6 |   0    0   -8  -16    0    0   24   16  
      7 |   0    0   -8  -20    0   -8   16   12  
  Average values of 4 similar solutions:
    Found in gen:  1376099.0 generation
  Used nodes:    1.4666666666666666
  Functionality: 9.196428571428571 %
  Min best fitness:      333
  Average fitness:       342.8333333333333
  Average elapsed time:  29.266666666666666 s 


mult3x3.txt  Max gates: 10
  Graph:     1x35    Lback: 35
  Function set: id, and, or, xor, not, nand, nor, nxor
  Mutations: 2   Gnerations:10000000   Population:5
  Runs cnt:  30
  Max fit:   384
Results
  Best chromosome:  {6,6,1,35,2,1,35}(5,1,5)(5,1,5)(5,2,1)(0,5,5)(3,1,1)(2,4,5)(6,8,7)(1,11,5)(3,0,1)(7,10,2)(14,13,2)(14,15,2)(14,15,4)(0,8,6)(3,1,6)(8,2,2)(12,0,6)(20,0,0)(1,12,2)(12,24,4)(16,8,5)(14,10,1)(2,3,1)(9,28,7)(27,28,0)(6,16,7)(11,1,3)(6,14,4)(7,11,3)(25,19,1)(10,18,7)(4,0,4)(31,30,2)(10,23,7)(12,7,0)(27,14,10,29,34,8)
    Fitness:  343
    Used nodes: 10
    Functionality: 59.82142857142857%
        |   0    1    2    3    4    5    6    7  
    ----+-----------------------------------------
      0 |   0    0    0    0    0    0    0    0  
      1 |   0    0    0    0    0    0    0    0  
      2 |   0    0   -4   -4    0    0   -4   -4  
      3 |   0    0   -4   -8    0    0   -4   -8  
      4 |   0    0   -8   -8    0    0   -8   -8  
      5 |   0    0   -8   -8    0   -8   -8  -16  
      6 |   0    0  -12  -12   32   32   20   20  
      7 |   0    0  -12  -16   32   24   20    8  
  Average values of 11 similar solutions:
    Found in gen:  2240864.1818181816 generation
  Used nodes:    3.6666666666666665
  Functionality: 24.583333333333332 %
  Min best fitness:      325
  Average fitness:       337.46666666666664
  Average elapsed time:  27.533333333333335 s 


mult3x3.txt  Max gates: 9
  Graph:     1x35    Lback: 35
  Function set: id, and, or, xor, not, nand, nor, nxor
  Mutations: 2   Gnerations:10000000   Population:5
  Runs cnt:  30
  Max fit:   384
Results
  Best chromosome:  {6,6,1,35,2,1,35}(2,5,1)(4,0,5)(0,6,0)(3,0,1)(3,1,5)(2,4,5)(8,6,7)(4,12,3)(5,1,5)(14,11,3)(3,9,2)(3,10,1)(10,7,3)(16,14,3)(18,10,6)(11,4,6)(11,6,0)(21,0,5)(13,2,6)(22,11,7)(16,19,7)(11,18,4)(4,4,4)(10,7,1)(28,2,5)(25,21,1)(14,15,5)(2,21,5)(2,14,3)(17,23,2)(8,16,3)(3,31,2)(6,28,6)(23,1,6)(5,11,4)(20,9,18,18,15,6)
    Fitness:  339
    Used nodes: 9
    Functionality: 83.03571428571428%
        |   0    1    2    3    4    5    6    7  
    ----+-----------------------------------------
      0 |   0    0    0    0    0    0    0    0  
      1 |   0    0    0    0   -4   -4   -4   -4  
      2 |   0    0   -4   -4    4    4    0    0  
      3 |   0    0   -4   -8    0    0   -4   -8  
      4 |   0   -4    4    0    0   -4    4    0  
      5 |   0   -4    4    0   -4   -8    0   -4  
      6 |   0   -4    0   -4    4    0   12    8  
      7 |   0   -4    0   -8    0   -4    8    0  
  Average values of 6 similar solutions:
    Found in gen:  3643774.0 generation
  Used nodes:    1.8
  Functionality: 12.321428571428573 %
  Min best fitness:      323
  Average fitness:       332.43333333333334
  Average elapsed time:  26.366666666666667 s 


mult3x3.txt  Max gates: 8
  Graph:     1x35    Lback: 35
  Function set: id, and, or, xor, not, nand, nor, nxor
  Mutations: 2   Gnerations:10000000   Population:5
  Runs cnt:  30
  Max fit:   384
Results
  Best chromosome:  {6,6,1,35,2,1,35}(0,3,1)(3,0,1)(1,6,1)(8,8,4)(5,2,1)(5,1,1)(11,4,5)(7,2,7)(10,6,3)(10,3,4)(4,2,5)(3,1,1)(15,9,4)(12,4,3)(19,19,1)(8,7,6)(9,7,4)(13,13,0)(5,17,4)(11,16,7)(10,17,3)(19,0,4)(9,24,7)(15,23,7)(4,24,5)(9,11,4)(29,0,0)(7,23,0)(4,29,5)(7,15,2)(0,2,3)(15,8,6)(20,16,7)(34,15,5)(36,9,2)(8,6,17,14,25,10)
    Fitness:  333
    Used nodes: 8
    Functionality: 54.46428571428572%
        |   0    1    2    3    4    5    6    7  
    ----+-----------------------------------------
      0 |   0    0    0    0    0    0    0    0  
      1 |   0    4    0    4   -4    0   -4    0  
      2 |   0    0   -4   -4    0    0   -4   -4  
      3 |   0    4   -4   -4   -4    0   -8   -8  
      4 |   0   -4   -8  -12    4    0   -4   -8  
      5 |   0    0   -8   -8    0   -8   -8  -16  
      6 |   0   -4  -12  -16   36   32   24   20  
      7 |   0    0  -12  -16   32   24   20    8  
  Average values of 6 similar solutions:
    Found in gen:  1632263.8333333333 generation
  Used nodes:    1.6
  Functionality: 12.142857142857144 %
  Min best fitness:      321
  Average fitness:       327.76666666666665
  Average elapsed time:  25.066666666666666 s 


mult3x3.txt  Max gates: 7
  Graph:     1x35    Lback: 35
  Function set: id, and, or, xor, not, nand, nor, nxor
  Mutations: 2   Gnerations:10000000   Population:5
  Runs cnt:  30
  Max fit:   384
Results
  Best chromosome:  {6,6,1,35,2,1,35}(2,4,1)(6,5,7)(0,0,3)(5,1,1)(1,5,1)(2,5,1)(7,2,2)(4,3,6)(3,4,7)(3,0,1)(3,15,7)(16,15,2)(3,5,5)(1,18,6)(14,4,0)(9,0,4)(10,6,3)(12,12,5)(11,1,2)(9,3,1)(18,23,6)(7,22,1)(18,2,2)(15,11,3)(13,5,1)(30,12,5)(6,19,7)(5,13,1)(15,1,1)(5,22,7)(17,19,4)(10,18,2)(28,27,1)(12,12,0)(39,27,0)(34,15,34,29,22,11)
    Fitness:  329
    Used nodes: 7
    Functionality: 47.32142857142857%
        |   0    1    2    3    4    5    6    7  
    ----+-----------------------------------------
      0 |   0    0    0    0    0    0    0    0  
      1 |   0    4    0    4   -4    0   -4    0  
      2 |   0    0   -4   -4   -8   -8  -12  -12  
      3 |   0    4   -4   -4  -12   -8  -16  -16  
      4 |   0   -4   -8  -12    4    0   -4   -8  
      5 |   0    0   -8   -8    0   -8   -8  -16  
      6 |   0   -4  -12  -16   36   32   24   20  
      7 |   0    0  -12  -16   32   24   20    8  
  Average values of 8 similar solutions:
    Found in gen:  1397733.5 generation
  Used nodes:    1.8666666666666667
  Functionality: 14.791666666666663 %
  Min best fitness:      317
  Average fitness:       324.2
  Average elapsed time:  23.966666666666665 s 


mult3x3.txt  Max gates: 6
  Graph:     1x35    Lback: 35
  Function set: id, and, or, xor, not, nand, nor, nxor
  Mutations: 2   Gnerations:10000000   Population:5
  Runs cnt:  30
  Max fit:   384
Results
  Best chromosome:  {6,6,1,35,2,1,35}(3,0,1)(1,6,1)(2,4,5)(6,1,2)(7,6,3)(3,6,7)(3,0,1)(1,12,4)(1,10,0)(9,2,5)(5,1,1)(6,4,4)(8,15,2)(14,18,0)(5,2,2)(2,5,1)(4,17,1)(14,10,1)(14,6,3)(20,22,5)(10,8,0)(6,23,2)(3,26,6)(22,25,7)(2,22,1)(2,17,4)(21,1,3)(16,8,7)(7,11,1)(5,3,3)(23,9,6)(19,7,0)(7,13,5)(35,26,7)(33,32,0)(7,6,7,5,33,21)
    Fitness:  323
    Used nodes: 6
    Functionality: 49.10714285714286%
        |   0    1    2    3    4    5    6    7  
    ----+-----------------------------------------
      0 |   0    4    0    4    0    4    0    4  
      1 |   0    4    0    4   -4    0   -4    0  
      2 |   0    4   -4    0   -8   -4  -12   -8  
      3 |   0    4   -4   -4  -12   -8  -16  -16  
      4 |   0    0   -8   -8    0    0   -8   -8  
      5 |   0    0   -8   -8   -4   -4  -12  -12  
      6 |   0    0  -12  -12   32   32   20   20  
      7 |   0    0  -12  -16   28   28   16   12  
  Average values of 10 similar solutions:
    Found in gen:  2623958.3 generation
  Used nodes:    2.0
  Functionality: 15.23809523809524 %
  Min best fitness:      313
  Average fitness:       318.6333333333333
  Average elapsed time:  23.166666666666668 s 


mult3x3.txt  Max gates: 5
  Graph:     1x35    Lback: 35
  Function set: id, and, or, xor, not, nand, nor, nxor
  Mutations: 2   Gnerations:10000000   Population:5
  Runs cnt:  30
  Max fit:   384
Results
  Best chromosome:  {6,6,1,35,2,1,35}(5,1,1)(1,5,6)(2,5,1)(3,1,4)(7,2,7)(3,4,3)(4,2,1)(6,12,3)(4,3,2)(1,6,2)(8,3,2)(12,3,2)(0,3,1)(9,18,1)(3,8,4)(19,2,5)(16,7,5)(13,2,6)(20,6,5)(16,21,6)(1,24,6)(21,14,1)(9,12,6)(2,17,5)(2,17,6)(27,0,7)(21,1,2)(24,1,6)(24,15,7)(16,31,7)(17,11,2)(28,28,3)(21,22,2)(38,16,3)(34,38,5)(18,18,18,2,13,8)
    Fitness:  317
    Used nodes: 5
    Functionality: 24.10714285714286%
        |   0    1    2    3    4    5    6    7  
    ----+-----------------------------------------
      0 |   0    0    0    0    0    0    0    0  
      1 |   4    4    4    4    0    0    0    0  
      2 |   0    0   -4   -4   -8   -8  -12  -12  
      3 |   4    4    0   -4   -8   -8  -12  -16  
      4 |   0   -4   -8  -12   40   36   32   28  
      5 |   4    0   -4   -8   40   36   32   28  
      6 |   0   -4  -12  -16   32   28   20   16  
      7 |   4    0   -8  -16   32   28   20   12  
  Average values of 10 similar solutions:
    Found in gen:  1948344.7 generation
  Used nodes:    1.6666666666666667
  Functionality: 7.916666666666668 %
  Min best fitness:      311
  Average fitness:       313.8666666666667
  Average elapsed time:  21.933333333333334 s 


mult3x3.txt  Max gates: 4
  Graph:     1x35    Lback: 35
  Function set: id, and, or, xor, not, nand, nor, nxor
  Mutations: 2   Gnerations:10000000   Population:5
  Runs cnt:  30
  Max fit:   384
Results
  Best chromosome:  {6,6,1,35,2,1,35}(1,4,5)(0,0,5)(2,3,0)(5,1,1)(5,2,1)(5,9,3)(5,10,4)(1,7,4)(10,7,5)(0,14,4)(3,0,1)(10,3,5)(16,4,5)(9,8,5)(10,16,3)(3,15,2)(5,20,4)(8,0,2)(12,4,2)(14,2,3)(14,25,6)(0,7,6)(14,6,7)(13,3,6)(16,24,2)(27,11,6)(31,4,1)(0,17,0)(17,11,3)(26,31,4)(5,15,0)(15,14,7)(18,26,6)(14,5,4)(20,16,4)(16,16,16,20,9,10)
    Fitness:  307
    Used nodes: 4
    Functionality: 20.98214285714286%
        |   0    1    2    3    4    5    6    7  
    ----+-----------------------------------------
      0 |   0    0    0    0    0    0    0    0  
      1 |   0    4   -2    2   -4    0   -6   -2  
      2 |   0    0   -4   -4   -8   -8  -12  -12  
      3 |   0    4   -6   -2  -12   -8  -18  -14  
      4 |   0   -4   -8  -12   44   40   36   32  
      5 |   0    0  -10  -10   40   32   30   22  
      6 |   0   -4  -12  -16   36   32   24   20  
      7 |   0    0  -14  -14   32   24   18   10  
  Average values of 23 similar solutions:
    Found in gen:  1485270.0869565217 generation
  Used nodes:    3.066666666666667
  Functionality: 34.776785714285715 %
  Min best fitness:      303
  Average fitness:       306.3333333333333
  Average elapsed time:  20.566666666666666 s 


mult3x3.txt  Max gates: 3
  Graph:     1x35    Lback: 35
  Function set: id, and, or, xor, not, nand, nor, nxor
  Mutations: 2   Gnerations:10000000   Population:5
  Runs cnt:  30
  Max fit:   384
Results
  Best chromosome:  {6,6,1,35,2,1,35}(1,5,5)(4,6,3)(3,7,1)(0,4,0)(9,0,1)(1,5,1)(4,0,3)(5,2,1)(6,10,2)(4,12,4)(7,13,0)(8,16,5)(15,2,7)(5,10,7)(10,2,7)(8,2,5)(5,9,4)(9,4,3)(18,14,6)(10,7,5)(5,18,2)(4,5,4)(19,7,7)(20,7,3)(28,14,3)(28,21,4)(3,0,1)(20,18,4)(17,5,1)(6,31,3)(11,23,6)(26,18,0)(25,31,2)(18,8,1)(9,29,0)(32,32,32,3,11,13)
    Fitness:  301
    Used nodes: 3
    Functionality: 19.64285714285714%
        |   0    1    2    3    4    5    6    7  
    ----+-----------------------------------------
      0 |   0    0    0    0    4    4    4    4  
      1 |   0    0   -2   -2    0    0   -2   -2  
      2 |   0    0   -4   -4   -4   -4   -8   -8  
      3 |   0    0   -6   -6   -8   -8  -14  -14  
      4 |   0   -4   -8  -12   44   40   36   32  
      5 |   0   -4  -10  -14   40   36   30   26  
      6 |   0   -4  -12  -16   36   32   24   20  
      7 |   0   -4  -14  -18   32   28   18   14  
  Average values of 19 similar solutions:
    Found in gen:  2181740.3684210526 generation
  Used nodes:    1.9
  Functionality: 15.07440476190476 %
  Min best fitness:      283
  Average fitness:       299.46666666666664
  Average elapsed time:  19.6 s 


mult3x3.txt  Max gates: 2
  Graph:     1x35    Lback: 35
  Function set: id, and, or, xor, not, nand, nor, nxor
  Mutations: 2   Gnerations:10000000   Population:5
  Runs cnt:  30
  Max fit:   384
Results
  Best chromosome:  {6,6,1,35,2,1,35}(0,2,1)(1,0,2)(7,3,7)(6,3,5)(2,5,1)(9,10,0)(4,9,5)(6,8,1)(11,1,3)(0,10,2)(3,0,1)(12,6,2)(4,17,7)(6,11,1)(9,13,5)(4,14,1)(7,19,3)(18,15,2)(11,0,5)(16,21,7)(21,15,5)(1,19,4)(25,7,2)(1,9,6)(14,3,2)(16,30,0)(13,4,7)(18,6,0)(4,16,1)(6,9,4)(3,13,2)(18,14,4)(25,12,0)(32,1,5)(21,26,2)(16,16,16,2,5,10)
    Fitness:  293
    Used nodes: 2
    Functionality: 22.32142857142857%
        |   0    1    2    3    4    5    6    7  
    ----+-----------------------------------------
      0 |   0    2    0    2    0    2    0    2  
      1 |   4    6    2    4    0    2   -2    0  
      2 |   0    0   -4   -4   -8   -8  -12  -12  
      3 |   4    4   -2   -2   -8   -8  -14  -14  
      4 |   0   -2   -8  -10   40   38   32   30  
      5 |   4    2   -6   -8   40   38   30   28  
      6 |   0   -4  -12  -16   32   28   20   16  
      7 |   4    0  -10  -14   32   28   18   14  
  Average values of 25 similar solutions:
    Found in gen:  1192965.8 generation
  Used nodes:    1.6666666666666667
  Functionality: 18.154761904761905 %
  Min best fitness:      283
  Average fitness:       291.3333333333333
  Average elapsed time:  18.933333333333334 s 


mult3x3.txt  Max gates: 1
  Graph:     1x35    Lback: 35
  Function set: id, and, or, xor, not, nand, nor, nxor
  Mutations: 2   Gnerations:10000000   Population:5
  Runs cnt:  30
  Max fit:   384
Results
  Best chromosome:  {6,6,1,35,2,1,35}(1,3,5)(3,1,3)(7,1,4)(1,8,7)(0,3,1)(1,10,7)(4,1,0)(4,6,2)(13,8,2)(7,7,1)(6,5,5)(13,3,7)(11,16,1)(17,0,5)(6,17,6)(19,3,5)(2,15,7)(22,13,1)(5,20,1)(22,15,2)(11,13,2)(9,13,4)(21,0,1)(5,4,5)(22,6,2)(17,19,5)(27,22,7)(3,25,4)(25,6,4)(4,31,2)(27,1,4)(22,6,1)(31,29,3)(8,24,3)(34,28,3)(10,10,10,2,5,5)
    Fitness:  277
    Used nodes: 1
    Functionality: 22.098214285714292%
        |   0    1    2    3    4    5    6    7  
    ----+-----------------------------------------
      0 |   0    3    0    3    0    3    0    3  
      1 |   4    6    2    4    0    2   -2    0  
      2 |   0    1   -4   -3   -8   -7  -12  -11  
      3 |   4    4   -2   -2   -8   -8  -14  -14  
      4 |   0   -1   -8   -9   40   39   32   31  
      5 |   4    2   -6   -8   40   38   30   28  
      6 |   0   -3  -12  -15   32   29   20   17  
      7 |   4    0  -10  -14   32   28   18   14  
  Average values of 23 similar solutions:
    Found in gen:  193454.69565217392 generation
  Used nodes:    0.7666666666666667
  Functionality: 16.793154761904763 %
  Min best fitness:      271
  Average fitness:       275.6
  Average elapsed time:  18.0 s 


mult3x3.txt  Max gates: 0
  Graph:     1x35    Lback: 35
  Function set: id, and, or, xor, not, nand, nor, nxor
  Mutations: 2   Gnerations:10000000   Population:5
  Runs cnt:  30
  Max fit:   384
Results
  Best chromosome:  {6,6,1,35,2,1,35}(3,2,0)(5,6,3)(0,4,4)(0,0,1)(4,6,0)(10,7,0)(3,5,1)(2,4,1)(3,6,4)(13,2,7)(12,2,7)(15,1,4)(16,9,4)(6,6,2)(8,0,2)(6,13,3)(9,12,4)(7,6,5)(6,17,7)(23,2,0)(22,20,7)(2,3,2)(4,18,4)(7,27,1)(26,18,4)(29,6,5)(10,5,1)(5,16,3)(16,13,5)(8,22,1)(17,10,6)(19,6,4)(31,35,7)(15,19,4)(0,15,1)(3,3,3,3,5,2)
    Fitness:  245
    Used nodes: 0
    Functionality: -66.51785714285714%
        |   0    1    2    3    4    5    6    7  
    ----+-----------------------------------------
      0 |   0    2    0    2   60   62   60   62  
      1 |   1    2   -1    0   57   58   55   56  
      2 |   0    0   -4   -4   52   52   48   48  
      3 |   1    0   -5   -6   49   48   43   42  
      4 |   0   -2   -8  -10   44   42   36   34  
      5 |   1   -2   -9  -12   41   38   31   28  
      6 |   0   -4  -12  -16   36   32   24   20  
      7 |   1   -4  -13  -18   33   28   19   14  
  Average values of 30 similar solutions:
    Found in gen:  656.1333333333333 generation
  Used nodes:    0.0
  Functionality: -46.86755952380951 %
  Min best fitness:      245
  Average fitness:       245.0
  Average elapsed time:  16.4 s 


