----SHD----
adder4x4.txt  Max gates: inf
  Graph:     1x30    Lback: 30
  Function set: id, and, or, xor, not, nand, nor, nxor
  Mutations: 2   Gnerations:10000000   Population:5
  Runs cnt:  30
  Max fit:   1280
Results
  Best chromosome:  {8,5,1,30,2,1,30}(1,5,7)(3,7,5)(2,6,7)(5,1,1)(6,10,5)(12,8,7)(10,9,3)(4,0,3)(13,10,3)(10,14,6)(17,13,7)(5,14,1)(0,4,2)(18,8,6)(21,15,7)(7,3,3)(5,1,3)(11,22,7)(22,4,3)(15,25,5)(27,20,7)(9,20,1)(12,4,0)(25,24,5)(25,13,1)(10,14,3)(25,24,5)(1,30,2)(10,35,5)(30,7,4)(28,25,18,14,23)
    Fitness:  1293
    Used nodes: 17
    Functionality: 100.0%
        |   0    1    2    3    4    5    6    7    8    9   10   11   12   13   14   15  
    ----+---------------------------------------------------------------------------------
      0 |   0    0    0    0    0    0    0    0    0    0    0    0    0    0    0    0  
      1 |   0    0    0    0    0    0    0    0    0    0    0    0    0    0    0    0  
      2 |   0    0    0    0    0    0    0    0    0    0    0    0    0    0    0    0  
      3 |   0    0    0    0    0    0    0    0    0    0    0    0    0    0    0    0  
      4 |   0    0    0    0    0    0    0    0    0    0    0    0    0    0    0    0  
      5 |   0    0    0    0    0    0    0    0    0    0    0    0    0    0    0    0  
      6 |   0    0    0    0    0    0    0    0    0    0    0    0    0    0    0    0  
      7 |   0    0    0    0    0    0    0    0    0    0    0    0    0    0    0    0  
      8 |   0    0    0    0    0    0    0    0    0    0    0    0    0    0    0    0  
      9 |   0    0    0    0    0    0    0    0    0    0    0    0    0    0    0    0  
     10 |   0    0    0    0    0    0    0    0    0    0    0    0    0    0    0    0  
     11 |   0    0    0    0    0    0    0    0    0    0    0    0    0    0    0    0  
     12 |   0    0    0    0    0    0    0    0    0    0    0    0    0    0    0    0  
     13 |   0    0    0    0    0    0    0    0    0    0    0    0    0    0    0    0  
     14 |   0    0    0    0    0    0    0    0    0    0    0    0    0    0    0    0  
     15 |   0    0    0    0    0    0    0    0    0    0    0    0    0    0    0    0  
  Average values of 24 similar solutions:
    Found in gen:  3060955.2916666665 generation
  Used nodes:    13.6
  Functionality: 80.0 %
  Min best fitness:      1289
  Average fitness:       1292.5333333333333
  Average elapsed time:  87.3 s 


adder4x4.txt  Max gates: 16
  Graph:     1x30    Lback: 30
  Function set: id, and, or, xor, not, nand, nor, nxor
  Mutations: 2   Gnerations:10000000   Population:5
  Runs cnt:  30
  Max fit:   1280
Results
  Best chromosome:  {8,5,1,30,2,1,30}(3,7,1)(3,4,1)(2,8,7)(1,5,3)(2,8,2)(7,3,3)(0,4,7)(6,12,1)(11,15,3)(4,0,6)(5,16,7)(18,11,7)(18,11,5)(1,3,7)(12,11,6)(20,5,7)(14,23,6)(14,6,5)(23,1,7)(17,24,7)(23,14,7)(10,6,7)(22,23,6)(12,0,4)(25,16,6)(31,15,6)(31,10,2)(26,23,2)(31,28,7)(30,13,0)(27,28,16,29,13)
    Fitness:  1252
    Used nodes: 16
    Functionality: 99.16666666666667%
        |   0    1    2    3    4    5    6    7    8    9   10   11   12   13   14   15  
    ----+---------------------------------------------------------------------------------
      0 |   0    0    0    0    0    0    0    0    0    0    0    0    0    0    0    0  
      1 |   0    0    0    0    0    0    0    0    0    0    0    0    0    0    0    0  
      2 |   0    0    0    0    0    0    0    0    0    0    0    0    0    0    0    0  
      3 |   0   -4    0    0    0   -4    0    0    0   -4    0    0    0   -4    0    0  
      4 |   0    0    0    0    0    0    0    0    0    0    0    0    0    0    0    0  
      5 |   0    0    0    0    0    0    0    0    0    0    0    0    0    0    0    0  
      6 |   0    0    0    0    0    0    0    0    0    0    0    0    0    0    0    0  
      7 |   0   -4    0    0    0   -4    0    0    0   -4    0    0    0   -4    0    0  
      8 |   0    0    0    0    0    0    0    0    0    0    0    0    0    0    0    0  
      9 |   0    0    0    0    0    0    0    0    0    0    0    0    0    0    0    0  
     10 |   0    0    0    0    0    0    0    0    0    0    0    0    0    0    0    0  
     11 |   0   -4    0    0    0   -4    0    0    0   -4    0    0    0   -4    0    0  
     12 |   0    0    0    0    0    0    0    0    0    0    0    0    0    0    0    0  
     13 |   0    0    0    0    0    0    0    0    0    0    0    0    0    0    0    0  
     14 |   0    0    0    0    0    0    0    0    0    0    0    0    0    0    0    0  
     15 |   0   -4    0    0    0   -4    0    0    0   -4    0    0    0   -4    0    0  
  Average values of 13 similar solutions:
    Found in gen:  3624233.3846153845 generation
  Used nodes:    6.933333333333334
  Functionality: 42.63888888888889 %
  Min best fitness:      1216
  Average fitness:       1240.9333333333334
  Average elapsed time:  66.9 s 


adder4x4.txt  Max gates: 15
  Graph:     1x30    Lback: 30
  Function set: id, and, or, xor, not, nand, nor, nxor
  Mutations: 2   Gnerations:10000000   Population:5
  Runs cnt:  30
  Max fit:   1280
Results
  Best chromosome:  {8,5,1,30,2,1,30}(6,2,5)(7,3,5)(9,8,1)(10,1,3)(11,10,5)(11,5,7)(2,9,3)(5,11,2)(0,4,7)(12,15,7)(16,17,7)(17,18,0)(9,6,4)(17,16,2)(3,13,7)(10,20,6)(0,21,1)(22,1,2)(7,3,3)(23,8,0)(6,14,7)(10,19,2)(6,24,4)(19,8,2)(22,1,2)(19,6,1)(21,20,6)(2,2,7)(11,27,0)(31,21,3)(24,18,13,28,26)
    Fitness:  1226
    Used nodes: 15
    Functionality: 93.22916666666666%
        |   0    1    2    3    4    5    6    7    8    9   10   11   12   13   14   15  
    ----+---------------------------------------------------------------------------------
      0 |   0    0    0    0    0    0    0    0    0    0    0    0    0    0    0    0  
      1 |   0    4    0    0    0    4    0    0    0    4    0    0    0  -12    0  -16  
      2 |   0    0    0    0    0    0    0    0    0    0    0    0    0    0  -16  -16  
      3 |   0    0    0    0    0    0    0    0    0    0    0    0    0  -16  -16  -16  
      4 |   0    0    0    0    0    0    0    0    0    0    0    0  -16  -16  -16  -16  
      5 |   0    4    0    0    0    4    0    0    0  -12    0  -16  -16  -12  -16  -16  
      6 |   0    0    0    0    0    0    0    0    0    0  -16  -16  -16  -16  -16  -16  
      7 |   0    0    0    0    0    0    0    0    0  -16  -16  -16  -16  -16  -16  -16  
      8 |   0    0    0    0    0    0    0    0    0    0    0    0    0    0    0    0  
      9 |   0    4    0    0    0    4    0    0    0    4    0    0    0    4    0    0  
     10 |   0    0    0    0    0    0    0    0    0    0    0    0    0    0    0    0  
     11 |   0    0    0    0    0    0    0    0    0    0    0    0    0    0    0    0  
     12 |   0    0    0    0    0    0    0    0    0    0    0    0    0    0    0    0  
     13 |   0    4    0    0    0    4    0    0    0    4    0    0    0    4    0    0  
     14 |   0    0    0    0    0    0    0    0    0    0    0    0    0    0    0    0  
     15 |   0    0    0    0    0    0    0    0    0    0    0    0    0    0    0    0  
  Average values of 2 similar solutions:
    Found in gen:  1597004.5 generation
  Used nodes:    1.0
  Functionality: 6.215277777777777 %
  Min best fitness:      1172
  Average fitness:       1214.2
  Average elapsed time:  77.73333333333333 s 


adder4x4.txt  Max gates: 14
  Graph:     1x30    Lback: 30
  Function set: id, and, or, xor, not, nand, nor, nxor
  Mutations: 2   Gnerations:10000000   Population:5
  Runs cnt:  30
  Max fit:   1280
Results
  Best chromosome:  {8,5,1,30,2,1,30}(2,6,3)(1,6,0)(7,3,5)(4,10,3)(8,10,5)(12,2,5)(1,5,3)(14,13,5)(15,1,1)(16,4,2)(0,14,0)(0,17,1)(7,3,3)(14,13,7)(10,8,7)(1,21,2)(0,6,2)(4,16,7)(20,9,2)(19,6,0)(10,16,2)(25,0,7)(28,29,1)(9,26,3)(9,24,7)(1,9,3)(31,21,4)(15,29,2)(13,20,3)(36,29,5)(19,29,21,22,20)
    Fitness:  1201
    Used nodes: 14
    Functionality: 92.70833333333334%
        |   0    1    2    3    4    5    6    7    8    9   10   11   12   13   14   15  
    ----+---------------------------------------------------------------------------------
      0 |   0    0    0    0    0    0    0    0    0    0    0    0    0    0    0    0  
      1 |   0    0    0   -4    0    0    0   -4    0    0    0   -4    0    0    0   -4  
      2 |   0    0    0    0    0    0   -8   -8    0    0    0    0    0    0   -8   -8  
      3 |   0    0    0    0    0   -8   -8   -8    0    0    0    0    0   -8   -8   -8  
      4 |   0    0    0    0    0    0    0    0    0    0    0    0  -16  -16  -16  -16  
      5 |   0    0    0   -4    0    0    0   -4    0    0    0   -4  -16  -16  -16  -20  
      6 |   0    0    0    0    0    0    0    0    0    0  -16  -16  -16  -16  -16  -16  
      7 |   0    0    0    0    0    0    0    0    0  -16  -16  -16  -16  -16  -16  -16  
      8 |   0    0    0    0    0    0    0    0    0    0    0    0    0    0    0    0  
      9 |   0    0    0   -4    0    0    0   -4    0    0    0   -4    0    0    0   -4  
     10 |   0    0    0    0    0    0   -8   -8    0    0    0    0    0    0   -8   -8  
     11 |   0    0    0    0    0   -8   -8   -8    0    0    0    0    0   -8   -8   -8  
     12 |   0    0    0    0    0    0    0    0    0    0    0    0    0    0    0    0  
     13 |   0    0    0   -4    0    0    0   -4    0    0    0   -4    0    0    0   -4  
     14 |   0    0    0    0    0    0    0    0    0    0    0    0    0    0    0    0  
     15 |   0    0    0    0    0    0    0    0    0    0    0    0    0    0    0    0  
  Average values of 5 similar solutions:
    Found in gen:  1735019.4 generation
  Used nodes:    2.3333333333333335
  Functionality: 15.35416666666667 %
  Min best fitness:      1160
  Average fitness:       1190.2333333333333
  Average elapsed time:  55.733333333333334 s 


adder4x4.txt  Max gates: 13
  Graph:     1x30    Lback: 30
  Function set: id, and, or, xor, not, nand, nor, nxor
  Mutations: 2   Gnerations:10000000   Population:5
  Runs cnt:  30
  Max fit:   1280
Results
  Best chromosome:  {8,5,1,30,2,1,30}(0,1,7)(3,7,5)(3,7,3)(6,2,7)(6,11,5)(9,12,1)(11,9,3)(1,5,3)(15,11,4)(13,15,7)(12,16,7)(7,2,7)(16,4,4)(17,1,7)(3,9,5)(8,4,3)(16,19,7)(21,15,5)(23,25,3)(5,26,2)(7,8,1)(13,0,7)(9,5,0)(1,1,2)(29,14,2)(11,26,0)(26,18,7)(21,27,4)(10,13,5)(33,4,1)(4,26,17,14,10)
    Fitness:  1192
    Used nodes: 13
    Functionality: 86.14583333333333%
        |   0    1    2    3    4    5    6    7    8    9   10   11   12   13   14   15  
    ----+---------------------------------------------------------------------------------
      0 |   0    0    0    0    0    0    0    0   16   16   16   16   16   16   16   16  
      1 |   0    4    0    0    0    4    0    0   16   20   16   16   16    4   16    0  
      2 |   0    0    0    0    0    0    0    0   16   16   16   16   16   16    0    0  
      3 |   0    0    0    0    0    0    0    0   16   16   16   16   16    0    0    0  
      4 |   0    0    0    0    0    0    0    0   16   16   16   16    0    0    0    0  
      5 |   0    4    0    0    0    4    0    0   16    4   16    0    0    4    0    0  
      6 |   0    0    0    0    0    0    0    0   16   16    0    0    0    0    0    0  
      7 |   0    0    0    0    0    0    0    0   16    0    0    0    0    0    0    0  
      8 |   0    0    0    0    0    0    0    0    0    0    0    0    0    0    0    0  
      9 |   0    4    0    0    0  -12    0  -16    0    4    0    0    0    4    0    0  
     10 |   0    0    0    0    0    0  -16  -16    0    0    0    0    0    0    0    0  
     11 |   0    0    0    0    0  -16  -16  -16    0    0    0    0    0    0    0    0  
     12 |   0    0    0    0  -16  -16  -16  -16    0    0    0    0    0    0    0    0  
     13 |   0  -12    0  -16  -16  -12  -16  -16    0    4    0    0    0    4    0    0  
     14 |   0    0  -16  -16  -16  -16  -16  -16    0    0    0    0    0    0    0    0  
     15 |   0  -16  -16  -16  -16  -16  -16  -16    0    0    0    0    0    0    0    0  
  Used nodes:    0.43333333333333335
  Functionality: 2.8715277777777777 %
  Min best fitness:      1136
  Average fitness:       1167.3333333333333
  Average elapsed time:  57.93333333333333 s 


adder4x4.txt  Max gates: 12
  Graph:     1x30    Lback: 30
  Function set: id, and, or, xor, not, nand, nor, nxor
  Mutations: 2   Gnerations:10000000   Population:5
  Runs cnt:  30
  Max fit:   1280
Results
  Best chromosome:  {8,5,1,30,2,1,30}(7,3,1)(8,6,3)(5,1,1)(0,7,7)(2,6,1)(8,11,4)(1,5,3)(3,7,5)(5,0,1)(12,14,3)(0,4,7)(0,18,1)(17,6,2)(10,18,7)(10,19,2)(7,3,3)(9,2,3)(1,23,7)(23,6,7)(4,15,3)(10,18,7)(19,26,3)(13,12,2)(24,20,3)(18,21,1)(8,14,4)(31,3,1)(6,2,1)(35,19,6)(23,10,0)(22,21,17,24,23)
    Fitness:  1160
    Used nodes: 12
    Functionality: 91.875%
        |   0    1    2    3    4    5    6    7    8    9   10   11   12   13   14   15  
    ----+---------------------------------------------------------------------------------
      0 |   0    0    0    0    0    0    0    0    0    0    0    0    0    0    0    0  
      1 |   0    0    0   -4    0    0    0   -4    0    0    0   -4    0    0    0   -4  
      2 |   0    0    0    0    0    0   -8   -8    0    0    0    0    0    0   -8   -8  
      3 |   0   -4    0    0    0   -4   -8   -8    0   -4    0    0    0   -4   -8   -8  
      4 |   0    0    0    0   16   16   16   16    0    0    0    0    0    0    0    0  
      5 |   0    0    0   -4   16   16   16   12    0    0    0   -4    0    0    0   -4  
      6 |   0    0   -8   -8   16   16   16   16    0    0   -8   -8    0    0    0    0  
      7 |   0   -4   -8   -8   16   12   16   16    0   -4   -8   -8    0   -4    0    0  
      8 |   0    0    0    0    0    0    0    0    0    0    0    0    0    0    0    0  
      9 |   0    0    0   -4    0    0    0   -4    0    0    0   -4    0    0    0   -4  
     10 |   0    0    0    0    0    0   -8   -8    0    0    0    0    0    0   -8   -8  
     11 |   0   -4    0    0    0   -4   -8   -8    0   -4    0    0    0   -4   -8   -8  
     12 |   0    0    0    0    0    0    0    0    0    0    0    0    0    0    0    0  
     13 |   0    0    0   -4    0    0    0   -4    0    0    0   -4    0    0    0   -4  
     14 |   0    0   -8   -8    0    0    0    0    0    0   -8   -8    0    0    0    0  
     15 |   0   -4   -8   -8    0   -4    0    0    0   -4   -8   -8    0   -4    0    0  
  Average values of 13 similar solutions:
    Found in gen:  1931554.5384615385 generation
  Used nodes:    5.2
  Functionality: 39.270833333333336 %
  Min best fitness:      1116
  Average fitness:       1145.8
  Average elapsed time:  55.0 s 


adder4x4.txt  Max gates: 11
  Graph:     1x30    Lback: 30
  Function set: id, and, or, xor, not, nand, nor, nxor
  Mutations: 2   Gnerations:10000000   Population:5
  Runs cnt:  30
  Max fit:   1280
Results
  Best chromosome:  {8,5,1,30,2,1,30}(7,3,3)(8,1,5)(7,2,0)(2,1,4)(0,4,7)(7,8,0)(3,7,5)(10,3,1)(6,2,7)(2,14,3)(17,6,7)(17,16,6)(5,19,3)(19,0,5)(1,2,3)(4,20,2)(20,22,4)(2,12,6)(11,25,4)(22,20,3)(1,12,7)(13,12,6)(29,9,1)(16,24,6)(26,11,5)(20,3,6)(1,7,4)(5,34,7)(31,1,2)(4,5,1)(4,28,27,18,8)
    Fitness:  1152
    Used nodes: 11
    Functionality: 83.33333333333334%
        |   0    1    2    3    4    5    6    7    8    9   10   11   12   13   14   15  
    ----+---------------------------------------------------------------------------------
      0 |   0    0    0    0    0    0    0    0   16   16   16   16   16   16   16   16  
      1 |   0    0    0    0    0    0    0   -8   16   16   16   16   16   16   16    8  
      2 |   0    0    0    0    0    0   -8   -8   16   16   16   16   16   16    8    8  
      3 |   0    0    0    0    0   -8   -8   -8   16   16   16   16   16    8    8    8  
      4 |   8    8    8    8    0    0    0    0    8    8    8    8    0    0    0    0  
      5 |   8    8    8    0    0    0    0    0    8    8    8    0    0    0    0    0  
      6 |   8    8    0    0    0    0    0    0    8    8    0    0    0    0    0    0  
      7 |   8    0    0    0    0    0    0    0    8    0    0    0    0    0    0    0  
      8 |   0    0    0    0    0    0    0    0    0    0    0    0    0    0    0    0  
      9 |   0    0    0    0    0    0    0   -8    0    0    0    0    0    0    0   -8  
     10 |   0    0    0    0    0    0   -8   -8    0    0    0    0    0    0   -8   -8  
     11 |   0    0    0    0    0   -8   -8   -8    0    0    0    0    0   -8   -8   -8  
     12 |  -8   -8   -8   -8  -16  -16  -16  -16    8    8    8    8    0    0    0    0  
     13 |  -8   -8   -8  -16  -16  -16  -16  -16    8    8    8    0    0    0    0    0  
     14 |  -8   -8  -16  -16  -16  -16  -16  -16    8    8    0    0    0    0    0    0  
     15 |  -8  -16  -16  -16  -16  -16  -16  -16    8    0    0    0    0    0    0    0  
  Average values of 2 similar solutions:
    Found in gen:  4905291.0 generation
  Used nodes:    0.7333333333333333
  Functionality: 5.565972222222223 %
  Min best fitness:      1092
  Average fitness:       1122.4
  Average elapsed time:  61.3 s 


adder4x4.txt  Max gates: 10
  Graph:     1x30    Lback: 30
  Function set: id, and, or, xor, not, nand, nor, nxor
  Mutations: 2   Gnerations:10000000   Population:5
  Runs cnt:  30
  Max fit:   1280
Results
  Best chromosome:  {8,5,1,30,2,1,30}(0,3,6)(4,0,7)(7,3,3)(2,3,7)(7,3,5)(7,1,0)(9,6,0)(5,3,3)(6,2,1)(1,5,7)(17,5,1)(16,17,7)(6,14,2)(8,9,3)(12,2,7)(17,22,2)(22,6,3)(9,18,7)(17,25,0)(16,24,3)(4,22,1)(12,3,1)(4,5,0)(8,15,6)(17,14,2)(17,0,1)(25,30,7)(7,7,3)(7,15,6)(4,21,7)(0,25,19,24,10)
    Fitness:  1136
    Used nodes: 10
    Functionality: 83.95833333333333%
        |   0    1    2    3    4    5    6    7    8    9   10   11   12   13   14   15  
    ----+---------------------------------------------------------------------------------
      0 |   0    0    0    0    0    0    0    0    0    0    0    0    0    0    0    0  
      1 |   0    0    0   -4    0    0    0   -4    0    0    0   -4    0    0    0   -4  
      2 |   0    0    0    0    0    0   -8   -8    0    0    0    0    0    0   -8   -8  
      3 |   0   -4    0    0    0   -4   -8   -8    0   -4    0    0    0   -4   -8   -8  
      4 |   0    0    0    0    0    0    0    0    0    0    0    0  -16  -16  -16  -16  
      5 |   0    0    0   -4    0    0    0   -4    0    0    0   -4  -16  -16  -16  -20  
      6 |   0    0   -8   -8    0    0    0    0    0    0   -8   -8  -16  -16  -16  -16  
      7 |   0   -4   -8   -8    0   -4    0    0    0   -4   -8   -8  -16  -20  -16  -16  
      8 |  16   16   16   16   16   16   16   16    0    0    0    0    0    0    0    0  
      9 |  16   16   16   12   16   16   16   12    0    0    0   -4    0    0    0   -4  
     10 |  16   16   16   16   16   16    8    8    0    0    0    0    0    0   -8   -8  
     11 |  16   12   16   16   16   12    8    8    0   -4    0    0    0   -4   -8   -8  
     12 |  16   16   16   16    0    0    0    0    0    0    0    0    0    0    0    0  
     13 |  16   16   16   12    0    0    0   -4    0    0    0   -4    0    0    0   -4  
     14 |  16   16    8    8    0    0    0    0    0    0   -8   -8    0    0    0    0  
     15 |  16   12    8    8    0   -4    0    0    0   -4   -8   -8    0   -4    0    0  
  Average values of 7 similar solutions:
    Found in gen:  3736169.714285714 generation
  Used nodes:    2.3333333333333335
  Functionality: 19.527777777777775 %
  Min best fitness:      1074
  Average fitness:       1111.4
  Average elapsed time:  46.266666666666666 s 


adder4x4.txt  Max gates: 9
  Graph:     1x30    Lback: 30
  Function set: id, and, or, xor, not, nand, nor, nxor
  Mutations: 2   Gnerations:10000000   Population:5
  Runs cnt:  30
  Max fit:   1280
Results
  Best chromosome:  {8,5,1,30,2,1,30}(6,2,5)(8,1,3)(3,7,5)(8,7,0)(7,3,3)(10,2,7)(3,12,2)(5,9,7)(11,3,7)(15,3,1)(0,4,7)(12,11,0)(6,2,6)(4,2,7)(1,18,7)(1,1,7)(7,16,0)(8,1,4)(13,6,3)(26,3,5)(24,18,4)(26,23,3)(24,25,1)(9,9,0)(2,1,2)(22,15,6)(25,14,2)(15,3,3)(26,30,5)(27,15,1)(0,22,15,26,12)
    Fitness:  1120
    Used nodes: 9
    Functionality: 82.70833333333334%
        |   0    1    2    3    4    5    6    7    8    9   10   11   12   13   14   15  
    ----+---------------------------------------------------------------------------------
      0 |   0    0    0    0    0    0    0    0    0    0    0    0    0    0    0    0  
      1 |   0    0    0   -4    0    0    0   -4    0    0    0   -4    0    0    0   -4  
      2 |   0    0    0    0    0    0   -8   -8    0    0    0    0    0    0   -8   -8  
      3 |   0   -4    0    0    0   -4   -8   -8    0   -4    0    0    0   -4   -8   -8  
      4 |   8    8    8    8    0    0    0    0   -8   -8   -8   -8  -16  -16  -16  -16  
      5 |   8    8    8    4    0    0    0   -4   -8   -8   -8  -12  -16  -16  -16  -20  
      6 |   8    8    0    0    0    0    0    0   -8   -8  -16  -16  -16  -16  -16  -16  
      7 |   8    4    0    0    0   -4    0    0   -8  -12  -16  -16  -16  -20  -16  -16  
      8 |  16   16   16   16   16   16   16   16    0    0    0    0    0    0    0    0  
      9 |  16   16   16   12   16   16   16   12    0    0    0   -4    0    0    0   -4  
     10 |  16   16   16   16   16   16    8    8    0    0    0    0    0    0   -8   -8  
     11 |  16   12   16   16   16   12    8    8    0   -4    0    0    0   -4   -8   -8  
     12 |   8    8    8    8    0    0    0    0    8    8    8    8    0    0    0    0  
     13 |   8    8    8    4    0    0    0   -4    8    8    8    4    0    0    0   -4  
     14 |   8    8    0    0    0    0    0    0    8    8    0    0    0    0    0    0  
     15 |   8    4    0    0    0   -4    0    0    8    4    0    0    0   -4    0    0  
  Average values of 2 similar solutions:
    Found in gen:  25959.0 generation
  Used nodes:    0.6
  Functionality: 5.513888888888889 %
  Min best fitness:      1056
  Average fitness:       1083.4666666666667
  Average elapsed time:  1061.3666666666666 s 


adder4x4.txt  Max gates: 8
  Graph:     1x30    Lback: 30
  Function set: id, and, or, xor, not, nand, nor, nxor
  Mutations: 2   Gnerations:10000000   Population:5
  Runs cnt:  30
  Max fit:   1280
Results
  Best chromosome:  {8,5,1,30,2,1,30}(1,4,3)(7,3,5)(5,1,3)(3,7,3)(1,7,4)(0,7,3)(1,8,0)(2,10,3)(1,10,5)(12,6,0)(9,3,2)(8,0,3)(2,6,3)(9,20,7)(1,9,2)(13,2,2)(11,2,6)(23,16,1)(22,5,5)(14,14,1)(1,16,6)(27,24,0)(28,18,2)(19,28,5)(3,23,7)(7,27,1)(27,2,2)(17,8,4)(8,8,4)(9,32,6)(0,19,15,21,11)
    Fitness:  1088
    Used nodes: 8
    Functionality: 82.08333333333333%
        |   0    1    2    3    4    5    6    7    8    9   10   11   12   13   14   15  
    ----+---------------------------------------------------------------------------------
      0 |   0    0    0    0    0    0    0    0    0    0    0    0    0    0    0    0  
      1 |   0    0    0   -4    0    0    0   -4    0    0    0   -4    0    0    0   -4  
      2 |   4    4    0    0   -4   -4   -8   -8    4    4    0    0   -4   -4   -8   -8  
      3 |   4    0    0    0   -4   -8   -8   -8    4    0    0    0   -4   -8   -8   -8  
      4 |   8    8    8    8    0    0    0    0   -8   -8   -8   -8  -16  -16  -16  -16  
      5 |   8    8    8    4    0    0    0   -4   -8   -8   -8  -12  -16  -16  -16  -20  
      6 |   4    4    0    0    4    4    0    0  -12  -12  -16  -16  -12  -12  -16  -16  
      7 |   4    0    0    0    4    0    0    0  -12  -16  -16  -16  -12  -16  -16  -16  
      8 |  16   16   16   16   16   16   16   16    0    0    0    0    0    0    0    0  
      9 |  16   16   16   12   16   16   16   12    0    0    0   -4    0    0    0   -4  
     10 |  20   20   16   16   12   12    8    8    4    4    0    0   -4   -4   -8   -8  
     11 |  20   16   16   16   12    8    8    8    4    0    0    0   -4   -8   -8   -8  
     12 |   8    8    8    8    0    0    0    0    8    8    8    8    0    0    0    0  
     13 |   8    8    8    4    0    0    0   -4    8    8    8    4    0    0    0   -4  
     14 |   4    4    0    0    4    4    0    0    4    4    0    0    4    4    0    0  
     15 |   4    0    0    0    4    0    0    0    4    0    0    0    4    0    0    0  
  Average values of 2 similar solutions:
    Found in gen:  135563.0 generation
  Used nodes:    0.5333333333333333
  Functionality: 5.472222222222222 %
  Min best fitness:      1044
  Average fitness:       1060.4
  Average elapsed time:  41.56666666666667 s 


adder4x4.txt  Max gates: 7
  Graph:     1x30    Lback: 30
  Function set: id, and, or, xor, not, nand, nor, nxor
  Mutations: 2   Gnerations:10000000   Population:5
  Runs cnt:  30
  Max fit:   1280
Results
  Best chromosome:  {8,5,1,30,2,1,30}(2,6,5)(1,5,7)(0,4,7)(2,4,2)(2,1,1)(8,11,4)(0,9,2)(9,8,3)(2,6,3)(3,12,7)(16,12,5)(7,13,5)(1,10,7)(18,7,4)(13,16,1)(11,6,3)(0,2,6)(3,7,3)(20,2,6)(7,21,6)(15,22,4)(14,3,0)(25,18,2)(4,6,1)(1,12,0)(7,18,0)(5,18,1)(2,13,7)(9,7,4)(31,34,2)(0,20,15,16,25)
    Fitness:  1056
    Used nodes: 7
    Functionality: 82.55208333333334%
        |   0    1    2    3    4    5    6    7    8    9   10   11   12   13   14   15  
    ----+---------------------------------------------------------------------------------
      0 |   0    0    0    0    0    0    0    0    0    0    0    0    0    0    0    0  
      1 |   0   -2    0   -2    0   -2    0   -2    0   -2    0   -2    0   -2    0   -2  
      2 |   0    0    0    0    0    0   -8   -8    0    0    0    0    0    0   -8   -8  
      3 |   0   -2    0   -2    0   -2   -8  -10    0   -2    0   -2    0   -2   -8  -10  
      4 |   8    8    8    8    0    0    0    0   -8   -8   -8   -8  -16  -16  -16  -16  
      5 |   8    6    8    6    0   -2    0   -2   -8  -10   -8  -10  -16  -18  -16  -18  
      6 |   8    8    0    0    0    0    0    0   -8   -8  -16  -16  -16  -16  -16  -16  
      7 |   8    6    0   -2    0   -2    0   -2   -8  -10  -16  -18  -16  -18  -16  -18  
      8 |  16   16   16   16   16   16   16   16    0    0    0    0    0    0    0    0  
      9 |  16   14   16   14   16   14   16   14    0   -2    0   -2    0   -2    0   -2  
     10 |  16   16   16   16   16   16    8    8    0    0    0    0    0    0   -8   -8  
     11 |  16   14   16   14   16   14    8    6    0   -2    0   -2    0   -2   -8  -10  
     12 |   8    8    8    8    0    0    0    0    8    8    8    8    0    0    0    0  
     13 |   8    6    8    6    0   -2    0   -2    8    6    8    6    0   -2    0   -2  
     14 |   8    8    0    0    0    0    0    0    8    8    0    0    0    0    0    0  
     15 |   8    6    0   -2    0   -2    0   -2    8    6    0   -2    0   -2    0   -2  
  Average values of 18 similar solutions:
    Found in gen:  595583.5 generation
  Used nodes:    4.2
  Functionality: 49.16666666666666 %
  Min best fitness:      1016
  Average fitness:       1047.4666666666667
  Average elapsed time:  40.86666666666667 s 


adder4x4.txt  Max gates: 6
  Graph:     1x30    Lback: 30
  Function set: id, and, or, xor, not, nand, nor, nxor
  Mutations: 2   Gnerations:10000000   Population:5
  Runs cnt:  30
  Max fit:   1280
Results
  Best chromosome:  {8,5,1,30,2,1,30}(3,7,5)(7,3,3)(4,3,4)(0,4,3)(10,2,2)(4,4,5)(13,7,2)(5,6,1)(1,11,3)(2,14,0)(6,8,3)(18,2,7)(12,19,7)(15,3,7)(1,4,7)(1,18,0)(10,10,5)(2,1,5)(22,17,1)(4,15,3)(11,22,6)(23,0,5)(26,7,6)(18,29,0)(7,25,5)(12,1,0)(2,18,5)(4,16,5)(18,29,1)(5,12,6)(4,16,7,19,9)
    Fitness:  1024
    Used nodes: 6
    Functionality: 81.45833333333333%
        |   0    1    2    3    4    5    6    7    8    9   10   11   12   13   14   15  
    ----+---------------------------------------------------------------------------------
      0 |   0    4    0    4   -4    0   -4    0   16   20   16   20   12   16   12   16  
      1 |   0    4    0    0   -4    0   -4   -4   16   20   16   16   12   16   12   12  
      2 |   0    4   -4    0   -4    0   -8   -4   16   20   12   16   12   16    8   12  
      3 |   0    0   -4    0   -4   -4   -8   -4   16   16   12   16   12   12    8   12  
      4 |   4    8    4    8    0    4    0    4    4    8    4    8    0    4    0    4  
      5 |   4    8    4    4    0    4    0    0    4    8    4    4    0    4    0    0  
      6 |   4    8    0    4    0    4   -4    0    4    8    0    4    0    4   -4    0  
      7 |   4    4    0    4    0    0   -4    0    4    4    0    4    0    0   -4    0  
      8 |   0    4    0    4   -4    0   -4    0    0    4    0    4   -4    0   -4    0  
      9 |   0    4    0    0   -4    0   -4   -4    0    4    0    0   -4    0   -4   -4  
     10 |   0    4   -4    0   -4    0   -8   -4    0    4   -4    0   -4    0   -8   -4  
     11 |   0    0   -4    0   -4   -4   -8   -4    0    0   -4    0   -4   -4   -8   -4  
     12 | -12   -8  -12   -8  -16  -12  -16  -12    4    8    4    8    0    4    0    4  
     13 | -12   -8  -12  -12  -16  -12  -16  -16    4    8    4    4    0    4    0    0  
     14 | -12   -8  -16  -12  -16  -12  -20  -16    4    8    0    4    0    4   -4    0  
     15 | -12  -12  -16  -12  -16  -16  -20  -16    4    4    0    4    0    0   -4    0  
  Average values of 24 similar solutions:
    Found in gen:  487336.3333333333 generation
  Used nodes:    4.8
  Functionality: 65.1597222222222 %
  Min best fitness:      1000
  Average fitness:       1020.2666666666667
  Average elapsed time:  38.766666666666666 s 


adder4x4.txt  Max gates: 5
  Graph:     1x30    Lback: 30
  Function set: id, and, or, xor, not, nand, nor, nxor
  Mutations: 2   Gnerations:10000000   Population:5
  Runs cnt:  30
  Max fit:   1280
Results
  Best chromosome:  {8,5,1,30,2,1,30}(7,1,3)(4,5,3)(2,0,4)(3,7,3)(11,6,5)(9,10,3)(12,5,0)(1,11,4)(1,10,0)(8,1,7)(1,5,3)(2,17,0)(9,0,3)(10,10,6)(6,8,7)(18,10,4)(1,1,7)(6,2,3)(9,2,7)(8,6,2)(27,1,3)(19,2,2)(22,10,3)(9,7,1)(24,23,6)(2,29,0)(7,33,1)(22,13,6)(30,34,4)(30,35,4)(4,20,18,25,11)
    Fitness:  992
    Used nodes: 5
    Functionality: 81.45833333333333%
        |   0    1    2    3    4    5    6    7    8    9   10   11   12   13   14   15  
    ----+---------------------------------------------------------------------------------
      0 |   0    0    0    0    8    8    8    8   16   16   16   16    8    8    8    8  
      1 |   0   -2    0   -2    8    6    8    6   16   14   16   14    8    6    8    6  
      2 |   0    0   -4   -4    8    8    4    4   16   16   12   12    8    8    4    4  
      3 |   0   -2   -4   -6    8    6    4    2   16   14   12   10    8    6    4    2  
      4 |   0    0    0    0    0    0    0    0   16   16   16   16    0    0    0    0  
      5 |   0   -2    0   -2    0   -2    0   -2   16   14   16   14    0   -2    0   -2  
      6 |   0    0   -4   -4    0    0   -4   -4   16   16   12   12    0    0   -4   -4  
      7 |   0   -2   -4   -6    0   -2   -4   -6   16   14   12   10    0   -2   -4   -6  
      8 |   0    0    0    0   -8   -8   -8   -8    0    0    0    0    8    8    8    8  
      9 |   0   -2    0   -2   -8  -10   -8  -10    0   -2    0   -2    8    6    8    6  
     10 |   0    0   -4   -4   -8   -8  -12  -12    0    0   -4   -4    8    8    4    4  
     11 |   0   -2   -4   -6   -8  -10  -12  -14    0   -2   -4   -6    8    6    4    2  
     12 |   0    0    0    0  -16  -16  -16  -16    0    0    0    0    0    0    0    0  
     13 |   0   -2    0   -2  -16  -18  -16  -18    0   -2    0   -2    0   -2    0   -2  
     14 |   0    0   -4   -4  -16  -16  -20  -20    0    0   -4   -4    0    0   -4   -4  
     15 |   0   -2   -4   -6  -16  -18  -20  -22    0   -2   -4   -6    0   -2   -4   -6  
  Average values of 24 similar solutions:
    Found in gen:  1973057.5416666667 generation
  Used nodes:    4.0
  Functionality: 64.93402777777776 %
  Min best fitness:      968
  Average fitness:       987.2
  Average elapsed time:  37.03333333333333 s 


adder4x4.txt  Max gates: 4
  Graph:     1x30    Lback: 30
  Function set: id, and, or, xor, not, nand, nor, nxor
  Mutations: 2   Gnerations:10000000   Population:5
  Runs cnt:  30
  Max fit:   1280
Results
  Best chromosome:  {8,5,1,30,2,1,30}(0,0,3)(2,6,3)(3,7,3)(1,0,5)(2,1,7)(5,7,7)(8,10,7)(11,2,7)(12,0,0)(14,10,0)(15,9,6)(16,1,3)(6,7,3)(14,2,5)(21,18,0)(3,7,6)(5,12,7)(21,16,7)(15,23,4)(2,8,5)(5,4,4)(28,25,6)(28,19,1)(27,26,1)(4,0,2)(11,28,6)(25,13,6)(31,0,5)(3,7,4)(20,17,3)(0,6,24,9,10)
    Fitness:  960
    Used nodes: 4
    Functionality: 80.46875%
        |   0    1    2    3    4    5    6    7    8    9   10   11   12   13   14   15  
    ----+---------------------------------------------------------------------------------
      0 |   0    0    8    8    0    0    8    8   -8   -8    0    0   -8   -8    0    0  
      1 |   0   -2    8    6    0   -2    8    6   -8  -10    0   -2   -8  -10    0   -2  
      2 |   4    4    8    8   -4   -4    0    0   -4   -4    0    0  -12  -12   -8   -8  
      3 |   4    2    8    6   -4   -6    0   -2   -4   -6    0   -2  -12  -14   -8  -10  
      4 |   0    0    8    8   -8   -8    0    0   -8   -8    0    0  -16  -16   -8   -8  
      5 |   0   -2    8    6   -8  -10    0   -2   -8  -10    0   -2  -16  -18   -8  -10  
      6 |  -4   -4    0    0   -4   -4    0    0  -12  -12   -8   -8  -12  -12   -8   -8  
      7 |  -4   -6    0   -2   -4   -6    0   -2  -12  -14   -8  -10  -12  -14   -8  -10  
      8 |   8    8   16   16    8    8   16   16    0    0    8    8    0    0    8    8  
      9 |   8    6   16   14    8    6   16   14    0   -2    8    6    0   -2    8    6  
     10 |  12   12   16   16    4    4    8    8    4    4    8    8   -4   -4    0    0  
     11 |  12   10   16   14    4    2    8    6    4    2    8    6   -4   -6    0   -2  
     12 |   8    8   16   16    0    0    8    8    0    0    8    8   -8   -8    0    0  
     13 |   8    6   16   14    0   -2    8    6    0   -2    8    6   -8  -10    0   -2  
     14 |   4    4    8    8    4    4    8    8   -4   -4    0    0   -4   -4    0    0  
     15 |   4    2    8    6    4    2    8    6   -4   -6    0   -2   -4   -6    0   -2  
  Average values of 30 similar solutions:
    Found in gen:  749643.5333333333 generation
  Used nodes:    4.0
  Functionality: 78.91840277777779 %
  Min best fitness:      960
  Average fitness:       960.0
  Average elapsed time:  35.36666666666667 s 


adder4x4.txt  Max gates: 3
  Graph:     1x30    Lback: 30
  Function set: id, and, or, xor, not, nand, nor, nxor
  Mutations: 2   Gnerations:10000000   Population:5
  Runs cnt:  30
  Max fit:   1280
Results
  Best chromosome:  {8,5,1,30,2,1,30}(2,2,3)(2,6,3)(7,3,3)(5,9,5)(0,7,6)(5,1,3)(6,10,1)(12,8,3)(5,13,3)(7,1,5)(15,11,4)(10,16,4)(6,1,4)(1,3,4)(1,10,2)(20,13,2)(8,18,7)(21,0,7)(13,1,5)(19,9,6)(1,15,6)(1,21,5)(28,15,5)(2,10,5)(14,15,2)(27,8,5)(18,5,7)(25,25,2)(18,4,2)(36,16,5)(0,9,13,9,10)
    Fitness:  928
    Used nodes: 3
    Functionality: 77.60416666666666%
        |   0    1    2    3    4    5    6    7    8    9   10   11   12   13   14   15  
    ----+---------------------------------------------------------------------------------
      0 |   0    0    8    8    0    0    8    8   -8   -8    0    0   -8   -8    0    0  
      1 |   0   -2    8    6    0   -2    8    6   -8  -10    0   -2   -8  -10    0   -2  
      2 |   8    8   -4   -4    8    8   -4   -4    0    0  -12  -12    0    0  -12  -12  
      3 |   8    6   -4   -6    8    6   -4   -6    0   -2  -12  -14    0   -2  -12  -14  
      4 |   0    0    8    8   -8   -8    0    0   -8   -8    0    0  -16  -16   -8   -8  
      5 |   0   -2    8    6   -8  -10    0   -2   -8  -10    0   -2  -16  -18   -8  -10  
      6 |   8    8   -4   -4    0    0  -12  -12    0    0  -12  -12   -8   -8  -20  -20  
      7 |   8    6   -4   -6    0   -2  -12  -14    0   -2  -12  -14   -8  -10  -20  -22  
      8 |   8    8   16   16    8    8   16   16    0    0    8    8    0    0    8    8  
      9 |   8    6   16   14    8    6   16   14    0   -2    8    6    0   -2    8    6  
     10 |  16   16    4    4   16   16    4    4    8    8   -4   -4    8    8   -4   -4  
     11 |  16   14    4    2   16   14    4    2    8    6   -4   -6    8    6   -4   -6  
     12 |   8    8   16   16    0    0    8    8    0    0    8    8   -8   -8    0    0  
     13 |   8    6   16   14    0   -2    8    6    0   -2    8    6   -8  -10    0   -2  
     14 |  16   16    4    4    8    8   -4   -4    8    8   -4   -4    0    0  -12  -12  
     15 |  16   14    4    2    8    6   -4   -6    8    6   -4   -6    0   -2  -12  -14  
  Average values of 29 similar solutions:
    Found in gen:  1480611.7931034483 generation
  Used nodes:    2.9
  Functionality: 76.74999999999999 %
  Min best fitness:      904
  Average fitness:       927.2
  Average elapsed time:  33.833333333333336 s 


adder4x4.txt  Max gates: 2
  Graph:     1x30    Lback: 30
  Function set: id, and, or, xor, not, nand, nor, nxor
  Mutations: 2   Gnerations:10000000   Population:5
  Runs cnt:  30
  Max fit:   1280
Results
  Best chromosome:  {8,5,1,30,2,1,30}(3,4,2)(0,4,3)(4,0,5)(2,7,2)(9,4,5)(6,2,3)(11,5,3)(14,10,1)(3,7,3)(8,8,7)(16,3,5)(3,12,5)(0,1,0)(11,2,7)(6,0,1)(16,16,0)(9,18,2)(2,15,1)(22,19,7)(6,15,7)(1,24,4)(10,16,3)(14,12,6)(17,19,7)(28,9,1)(12,13,1)(17,27,6)(18,19,6)(33,19,0)(21,25,0)(4,13,5,13,16)
    Fitness:  896
    Used nodes: 2
    Functionality: 78.22916666666666%
        |   0    1    2    3    4    5    6    7    8    9   10   11   12   13   14   15  
    ----+---------------------------------------------------------------------------------
      0 |   0    0    8    8    0    0    8    8    8    8   16   16    8    8   16   16  
      1 |   0   -2    8    6    0   -2    8    6    8    6   16   14    8    6   16   14  
      2 |   8    8   -4   -4    8    8   -4   -4   16   16    4    4   16   16    4    4  
      3 |   8    6   -4   -6    8    6   -4   -6   16   14    4    2   16   14    4    2  
      4 |  -4   -4    4    4   -4   -4    4    4    4    4   12   12    4    4   12   12  
      5 |  -4   -6    4    2   -4   -6    4    2    4    2   12   10    4    2   12   10  
      6 |   4    4   -8   -8    4    4   -8   -8   12   12    0    0   12   12    0    0  
      7 |   4    2   -8  -10    4    2   -8  -10   12   10    0   -2   12   10    0   -2  
      8 |  -8   -8    0    0   -8   -8    0    0    0    0    8    8    0    0    8    8  
      9 |  -8  -10    0   -2   -8  -10    0   -2    0   -2    8    6    0   -2    8    6  
     10 |   0    0  -12  -12    0    0  -12  -12    8    8   -4   -4    8    8   -4   -4  
     11 |   0   -2  -12  -14    0   -2  -12  -14    8    6   -4   -6    8    6   -4   -6  
     12 | -12  -12   -4   -4  -12  -12   -4   -4   -4   -4    4    4   -4   -4    4    4  
     13 | -12  -14   -4   -6  -12  -14   -4   -6   -4   -6    4    2   -4   -6    4    2  
     14 |  -4   -4  -16  -16   -4   -4  -16  -16    4    4   -8   -8    4    4   -8   -8  
     15 |  -4   -6  -16  -18   -4   -6  -16  -18    4    2   -8  -10    4    2   -8  -10  
  Average values of 30 similar solutions:
    Found in gen:  948927.6 generation
  Used nodes:    2.0
  Functionality: 78.28125 %
  Min best fitness:      896
  Average fitness:       896.0
  Average elapsed time:  31.933333333333334 s 


adder4x4.txt  Max gates: 1
  Graph:     1x30    Lback: 30
  Function set: id, and, or, xor, not, nand, nor, nxor
  Mutations: 2   Gnerations:10000000   Population:5
  Runs cnt:  30
  Max fit:   1280
Results
  Best chromosome:  {8,5,1,30,2,1,30}(1,2,6)(2,3,1)(7,3,3)(7,9,0)(3,4,3)(7,1,2)(12,4,7)(12,4,5)(7,3,7)(1,14,4)(8,12,6)(9,8,3)(16,19,7)(7,19,5)(17,15,5)(18,14,7)(15,6,4)(15,16,6)(1,20,5)(20,24,5)(27,6,0)(0,12,6)(24,17,5)(17,18,5)(27,12,6)(25,31,7)(7,20,2)(24,33,1)(2,29,5)(3,12,3)(4,7,5,6,10)
    Fitness:  832
    Used nodes: 1
    Functionality: 80.83333333333333%
        |   0    1    2    3    4    5    6    7    8    9   10   11   12   13   14   15  
    ----+---------------------------------------------------------------------------------
      0 |   0    8    0    8    0    8    0    8    8   16    8   16    8   16    8   16  
      1 |   0    6    0    6    0    6    0    6    8   14    8   14    8   14    8   14  
      2 |  -2    6   -2    6   -2    6   -2    6    6   14    6   14    6   14    6   14  
      3 |  -2    4   -2    4   -2    4   -2    4    6   12    6   12    6   12    6   12  
      4 |  -4    4   -4    4   -4    4   -4    4    4   12    4   12    4   12    4   12  
      5 |  -4    2   -4    2   -4    2   -4    2    4   10    4   10    4   10    4   10  
      6 |  -6    2   -6    2   -6    2   -6    2    2   10    2   10    2   10    2   10  
      7 |  -6    0   -6    0   -6    0   -6    0    2    8    2    8    2    8    2    8  
      8 |  -8    0   -8    0   -8    0   -8    0    0    8    0    8    0    8    0    8  
      9 |  -8   -2   -8   -2   -8   -2   -8   -2    0    6    0    6    0    6    0    6  
     10 | -10   -2  -10   -2  -10   -2  -10   -2   -2    6   -2    6   -2    6   -2    6  
     11 | -10   -4  -10   -4  -10   -4  -10   -4   -2    4   -2    4   -2    4   -2    4  
     12 | -12   -4  -12   -4  -12   -4  -12   -4   -4    4   -4    4   -4    4   -4    4  
     13 | -12   -6  -12   -6  -12   -6  -12   -6   -4    2   -4    2   -4    2   -4    2  
     14 | -14   -6  -14   -6  -14   -6  -14   -6   -6    2   -6    2   -6    2   -6    2  
     15 | -14   -8  -14   -8  -14   -8  -14   -8   -6    0   -6    0   -6    0   -6    0  
  Average values of 30 similar solutions:
    Found in gen:  965480.4 generation
  Used nodes:    1.0
  Functionality: 78.90451388888889 %
  Min best fitness:      832
  Average fitness:       832.0
  Average elapsed time:  30.533333333333335 s 


adder4x4.txt  Max gates: 0
  Graph:     1x30    Lback: 30
  Function set: id, and, or, xor, not, nand, nor, nxor
  Mutations: 2   Gnerations:10000000   Population:5
  Runs cnt:  30
  Max fit:   1280
Results
  Best chromosome:  {8,5,1,30,2,1,30}(5,6,6)(6,4,2)(7,7,0)(6,6,6)(6,11,2)(1,2,3)(11,8,2)(1,11,5)(4,3,7)(9,0,0)(5,17,2)(4,14,0)(6,5,4)(4,13,5)(0,10,7)(11,14,5)(15,20,0)(20,7,6)(24,23,6)(7,2,5)(20,19,2)(14,13,6)(18,28,1)(14,2,5)(13,25,3)(19,23,7)(12,22,7)(9,21,5)(34,12,6)(23,23,1)(0,0,1,2,0)
    Fitness:  704
    Used nodes: 0
    Functionality: 71.66666666666667%
        |   0    1    2    3    4    5    6    7    8    9   10   11   12   13   14   15  
    ----+---------------------------------------------------------------------------------
      0 |   0   -1   -2   -3   -4   -5   -6   -7   -8   -9  -10  -11  -12  -13  -14  -15  
      1 |  -1   -2   -3   -4   -5   -6   -7   -8   -9  -10  -11  -12  -13  -14  -15  -16  
      2 |   0   -1   -2   -3   -4   -5   -6   -7   -8   -9  -10  -11  -12  -13  -14  -15  
      3 |  -1   -2   -3   -4   -5   -6   -7   -8   -9  -10  -11  -12  -13  -14  -15  -16  
      4 |   0   -1   -2   -3   -4   -5   -6   -7   -8   -9  -10  -11  -12  -13  -14  -15  
      5 |  -1   -2   -3   -4   -5   -6   -7   -8   -9  -10  -11  -12  -13  -14  -15  -16  
      6 |   0   -1   -2   -3   -4   -5   -6   -7   -8   -9  -10  -11  -12  -13  -14  -15  
      7 |  -1   -2   -3   -4   -5   -6   -7   -8   -9  -10  -11  -12  -13  -14  -15  -16  
      8 |  17   16   15   14   13   12   11   10    9    8    7    6    5    4    3    2  
      9 |  16   15   14   13   12   11   10    9    8    7    6    5    4    3    2    1  
     10 |  17   16   15   14   13   12   11   10    9    8    7    6    5    4    3    2  
     11 |  16   15   14   13   12   11   10    9    8    7    6    5    4    3    2    1  
     12 |  17   16   15   14   13   12   11   10    9    8    7    6    5    4    3    2  
     13 |  16   15   14   13   12   11   10    9    8    7    6    5    4    3    2    1  
     14 |  17   16   15   14   13   12   11   10    9    8    7    6    5    4    3    2  
     15 |  16   15   14   13   12   11   10    9    8    7    6    5    4    3    2    1  
  Average values of 30 similar solutions:
    Found in gen:  155.2 generation
  Used nodes:    0.0
  Functionality: 79.45399305555556 %
  Min best fitness:      704
  Average fitness:       704.0
  Average elapsed time:  29.366666666666667 s 


